ERROR - 2023-08-09 19:00:55 --> mysqli_sql_exception: Column 'nombre' cannot be null in C:\xampp\htdocs\crown\system\Database\MySQLi\Connection.php:295
Stack trace:
#0 C:\xampp\htdocs\crown\system\Database\MySQLi\Connection.php(295): mysqli->query('INSERT INTO `us...', 0)
#1 C:\xampp\htdocs\crown\system\Database\BaseConnection.php(692): CodeIgniter\Database\MySQLi\Connection->execute('INSERT INTO `us...')
#2 C:\xampp\htdocs\crown\system\Database\BaseConnection.php(606): CodeIgniter\Database\BaseConnection->simpleQuery('INSERT INTO `us...')
#3 C:\xampp\htdocs\crown\system\Database\BaseBuilder.php(2309): CodeIgniter\Database\BaseConnection->query('INSERT INTO `us...', Array, false)
#4 C:\xampp\htdocs\crown\system\Model.php(330): CodeIgniter\Database\BaseBuilder->insert()
#5 C:\xampp\htdocs\crown\system\BaseModel.php(782): CodeIgniter\Model->doInsert(Array)
#6 C:\xampp\htdocs\crown\system\Model.php(730): CodeIgniter\BaseModel->insert(Array, true)
#7 C:\xampp\htdocs\crown\app\Models\modelologin.php(14): CodeIgniter\Model->insert(Array)
#8 C:\xampp\htdocs\crown\app\Controllers\Home.php(18): App\models\modelologin->login(Array)
#9 C:\xampp\htdocs\crown\system\CodeIgniter.php(932): App\Controllers\Home->insertar()
#10 C:\xampp\htdocs\crown\system\CodeIgniter.php(497): CodeIgniter\CodeIgniter->runController(Object(App\Controllers\Home))
#11 C:\xampp\htdocs\crown\system\CodeIgniter.php(366): CodeIgniter\CodeIgniter->handleRequest(NULL, Object(Config\Cache), false)
#12 C:\xampp\htdocs\crown\public\index.php(67): CodeIgniter\CodeIgniter->run()
#13 {main}
CRITICAL - 2023-08-09 19:00:55 --> Column 'nombre' cannot be null
in SYSTEMPATH\Database\MySQLi\Connection.php on line 295.
 1 SYSTEMPATH\Database\MySQLi\Connection.php(295): mysqli->query('INSERT INTO `usuario` (`nombre`, `email`, `DNI`, `contrasena`) VALUES (NULL, \'benjamingrosso@alumnos.itr3.edu.ar\', \'46888537\', NULL)', 0)
 2 SYSTEMPATH\Database\BaseConnection.php(692): CodeIgniter\Database\MySQLi\Connection->execute('INSERT INTO `usuario` (`nombre`, `email`, `DNI`, `contrasena`) VALUES (NULL, \'benjamingrosso@alumnos.itr3.edu.ar\', \'46888537\', NULL)')
 3 SYSTEMPATH\Database\BaseConnection.php(606): CodeIgniter\Database\BaseConnection->simpleQuery('INSERT INTO `usuario` (`nombre`, `email`, `DNI`, `contrasena`) VALUES (NULL, \'benjamingrosso@alumnos.itr3.edu.ar\', \'46888537\', NULL)')
 4 SYSTEMPATH\Database\BaseBuilder.php(2309): CodeIgniter\Database\BaseConnection->query('INSERT INTO `usuario` (`nombre`, `email`, `DNI`, `contrasena`) VALUES (:nombre:, :email:, :DNI:, :contrasena:)', [...], false)
 5 SYSTEMPATH\Model.php(330): CodeIgniter\Database\BaseBuilder->insert()
 6 SYSTEMPATH\BaseModel.php(782): CodeIgniter\Model->doInsert([...])
 7 SYSTEMPATH\Model.php(730): CodeIgniter\BaseModel->insert([...], true)
 8 APPPATH\Models\modelologin.php(14): CodeIgniter\Model->insert([...])
 9 APPPATH\Controllers\Home.php(18): App\models\modelologin->login([...])
10 SYSTEMPATH\CodeIgniter.php(932): App\Controllers\Home->insertar()
11 SYSTEMPATH\CodeIgniter.php(497): CodeIgniter\CodeIgniter->runController(Object(App\Controllers\Home))
12 SYSTEMPATH\CodeIgniter.php(366): CodeIgniter\CodeIgniter->handleRequest(null, Object(Config\Cache), false)
13 FCPATH\index.php(67): CodeIgniter\CodeIgniter->run()
ERROR - 2023-08-09 19:06:37 --> mysqli_sql_exception: Unknown column 'email' in 'field list' in C:\xampp\htdocs\crown\system\Database\MySQLi\Connection.php:295
Stack trace:
#0 C:\xampp\htdocs\crown\system\Database\MySQLi\Connection.php(295): mysqli->query('INSERT INTO `us...', 0)
#1 C:\xampp\htdocs\crown\system\Database\BaseConnection.php(692): CodeIgniter\Database\MySQLi\Connection->execute('INSERT INTO `us...')
#2 C:\xampp\htdocs\crown\system\Database\BaseConnection.php(606): CodeIgniter\Database\BaseConnection->simpleQuery('INSERT INTO `us...')
#3 C:\xampp\htdocs\crown\system\Database\BaseBuilder.php(2309): CodeIgniter\Database\BaseConnection->query('INSERT INTO `us...', Array, false)
#4 C:\xampp\htdocs\crown\system\Model.php(330): CodeIgniter\Database\BaseBuilder->insert()
#5 C:\xampp\htdocs\crown\system\BaseModel.php(782): CodeIgniter\Model->doInsert(Array)
#6 C:\xampp\htdocs\crown\system\Model.php(730): CodeIgniter\BaseModel->insert(Array, true)
#7 C:\xampp\htdocs\crown\app\Models\modelologin.php(14): CodeIgniter\Model->insert(Array)
#8 C:\xampp\htdocs\crown\app\Controllers\Home.php(18): App\models\modelologin->login(Array)
#9 C:\xampp\htdocs\crown\system\CodeIgniter.php(932): App\Controllers\Home->insertar()
#10 C:\xampp\htdocs\crown\system\CodeIgniter.php(497): CodeIgniter\CodeIgniter->runController(Object(App\Controllers\Home))
#11 C:\xampp\htdocs\crown\system\CodeIgniter.php(366): CodeIgniter\CodeIgniter->handleRequest(NULL, Object(Config\Cache), false)
#12 C:\xampp\htdocs\crown\public\index.php(67): CodeIgniter\CodeIgniter->run()
#13 {main}
CRITICAL - 2023-08-09 19:06:37 --> Unknown column 'email' in 'field list'
in SYSTEMPATH\Database\MySQLi\Connection.php on line 295.
 1 SYSTEMPATH\Database\MySQLi\Connection.php(295): mysqli->query('INSERT INTO `usuario` (`nombre`, `email`, `DNI`, `contrasena`) VALUES (NULL, \'benjamingrosso@alumnos.itr3.edu.ar\', \'46888537\', NULL)', 0)
 2 SYSTEMPATH\Database\BaseConnection.php(692): CodeIgniter\Database\MySQLi\Connection->execute('INSERT INTO `usuario` (`nombre`, `email`, `DNI`, `contrasena`) VALUES (NULL, \'benjamingrosso@alumnos.itr3.edu.ar\', \'46888537\', NULL)')
 3 SYSTEMPATH\Database\BaseConnection.php(606): CodeIgniter\Database\BaseConnection->simpleQuery('INSERT INTO `usuario` (`nombre`, `email`, `DNI`, `contrasena`) VALUES (NULL, \'benjamingrosso@alumnos.itr3.edu.ar\', \'46888537\', NULL)')
 4 SYSTEMPATH\Database\BaseBuilder.php(2309): CodeIgniter\Database\BaseConnection->query('INSERT INTO `usuario` (`nombre`, `email`, `DNI`, `contrasena`) VALUES (:nombre:, :email:, :DNI:, :contrasena:)', [...], false)
 5 SYSTEMPATH\Model.php(330): CodeIgniter\Database\BaseBuilder->insert()
 6 SYSTEMPATH\BaseModel.php(782): CodeIgniter\Model->doInsert([...])
 7 SYSTEMPATH\Model.php(730): CodeIgniter\BaseModel->insert([...], true)
 8 APPPATH\Models\modelologin.php(14): CodeIgniter\Model->insert([...])
 9 APPPATH\Controllers\Home.php(18): App\models\modelologin->login([...])
10 SYSTEMPATH\CodeIgniter.php(932): App\Controllers\Home->insertar()
11 SYSTEMPATH\CodeIgniter.php(497): CodeIgniter\CodeIgniter->runController(Object(App\Controllers\Home))
12 SYSTEMPATH\CodeIgniter.php(366): CodeIgniter\CodeIgniter->handleRequest(null, Object(Config\Cache), false)
13 FCPATH\index.php(67): CodeIgniter\CodeIgniter->run()
ERROR - 2023-08-09 19:08:57 --> mysqli_sql_exception: Column 'Contrasena' cannot be null in C:\xampp\htdocs\crown\system\Database\MySQLi\Connection.php:295
Stack trace:
#0 C:\xampp\htdocs\crown\system\Database\MySQLi\Connection.php(295): mysqli->query('INSERT INTO `us...', 0)
#1 C:\xampp\htdocs\crown\system\Database\BaseConnection.php(692): CodeIgniter\Database\MySQLi\Connection->execute('INSERT INTO `us...')
#2 C:\xampp\htdocs\crown\system\Database\BaseConnection.php(606): CodeIgniter\Database\BaseConnection->simpleQuery('INSERT INTO `us...')
#3 C:\xampp\htdocs\crown\system\Database\BaseBuilder.php(2309): CodeIgniter\Database\BaseConnection->query('INSERT INTO `us...', Array, false)
#4 C:\xampp\htdocs\crown\system\Model.php(330): CodeIgniter\Database\BaseBuilder->insert()
#5 C:\xampp\htdocs\crown\system\BaseModel.php(782): CodeIgniter\Model->doInsert(Array)
#6 C:\xampp\htdocs\crown\system\Model.php(730): CodeIgniter\BaseModel->insert(Array, true)
#7 C:\xampp\htdocs\crown\app\Models\modelologin.php(14): CodeIgniter\Model->insert(Array)
#8 C:\xampp\htdocs\crown\app\Controllers\Home.php(18): App\models\modelologin->login(Array)
#9 C:\xampp\htdocs\crown\system\CodeIgniter.php(932): App\Controllers\Home->insertar()
#10 C:\xampp\htdocs\crown\system\CodeIgniter.php(497): CodeIgniter\CodeIgniter->runController(Object(App\Controllers\Home))
#11 C:\xampp\htdocs\crown\system\CodeIgniter.php(366): CodeIgniter\CodeIgniter->handleRequest(NULL, Object(Config\Cache), false)
#12 C:\xampp\htdocs\crown\public\index.php(67): CodeIgniter\CodeIgniter->run()
#13 {main}
CRITICAL - 2023-08-09 19:08:57 --> Column 'Contrasena' cannot be null
in SYSTEMPATH\Database\MySQLi\Connection.php on line 295.
 1 SYSTEMPATH\Database\MySQLi\Connection.php(295): mysqli->query('INSERT INTO `usuario` (`contrasena`) VALUES (NULL)', 0)
 2 SYSTEMPATH\Database\BaseConnection.php(692): CodeIgniter\Database\MySQLi\Connection->execute('INSERT INTO `usuario` (`contrasena`) VALUES (NULL)')
 3 SYSTEMPATH\Database\BaseConnection.php(606): CodeIgniter\Database\BaseConnection->simpleQuery('INSERT INTO `usuario` (`contrasena`) VALUES (NULL)')
 4 SYSTEMPATH\Database\BaseBuilder.php(2309): CodeIgniter\Database\BaseConnection->query('INSERT INTO `usuario` (`contrasena`) VALUES (:contrasena:)', [...], false)
 5 SYSTEMPATH\Model.php(330): CodeIgniter\Database\BaseBuilder->insert()
 6 SYSTEMPATH\BaseModel.php(782): CodeIgniter\Model->doInsert([...])
 7 SYSTEMPATH\Model.php(730): CodeIgniter\BaseModel->insert([...], true)
 8 APPPATH\Models\modelologin.php(14): CodeIgniter\Model->insert([...])
 9 APPPATH\Controllers\Home.php(18): App\models\modelologin->login([...])
10 SYSTEMPATH\CodeIgniter.php(932): App\Controllers\Home->insertar()
11 SYSTEMPATH\CodeIgniter.php(497): CodeIgniter\CodeIgniter->runController(Object(App\Controllers\Home))
12 SYSTEMPATH\CodeIgniter.php(366): CodeIgniter\CodeIgniter->handleRequest(null, Object(Config\Cache), false)
13 FCPATH\index.php(67): CodeIgniter\CodeIgniter->run()
CRITICAL - 2023-08-09 19:09:21 --> Class "Codeigniter\Model" not found
in APPPATH\Models\modelologin.php on line 8.
 1 SYSTEMPATH\Autoloader\Autoloader.php(312): include_once()
 2 SYSTEMPATH\Autoloader\Autoloader.php(289): CodeIgniter\Autoloader\Autoloader->includeFile('C:\\xampp\\htdocs\\crown\\app\\Models\\modelologin.php')
 3 SYSTEMPATH\Autoloader\Autoloader.php(267): CodeIgniter\Autoloader\Autoloader->loadInNamespace('App\\Models\\modelologin')
 4 APPPATH\Controllers\Home.php(11): CodeIgniter\Autoloader\Autoloader->loadClass('App\\Models\\modelologin')
 5 SYSTEMPATH\CodeIgniter.php(932): App\Controllers\Home->insertar()
 6 SYSTEMPATH\CodeIgniter.php(497): CodeIgniter\CodeIgniter->runController(Object(App\Controllers\Home))
 7 SYSTEMPATH\CodeIgniter.php(366): CodeIgniter\CodeIgniter->handleRequest(null, Object(Config\Cache), false)
 8 FCPATH\index.php(67): CodeIgniter\CodeIgniter->run()
ERROR - 2023-08-09 19:09:35 --> mysqli_sql_exception: Column 'Contrasena' cannot be null in C:\xampp\htdocs\crown\system\Database\MySQLi\Connection.php:295
Stack trace:
#0 C:\xampp\htdocs\crown\system\Database\MySQLi\Connection.php(295): mysqli->query('INSERT INTO `us...', 0)
#1 C:\xampp\htdocs\crown\system\Database\BaseConnection.php(692): CodeIgniter\Database\MySQLi\Connection->execute('INSERT INTO `us...')
#2 C:\xampp\htdocs\crown\system\Database\BaseConnection.php(606): CodeIgniter\Database\BaseConnection->simpleQuery('INSERT INTO `us...')
#3 C:\xampp\htdocs\crown\system\Database\BaseBuilder.php(2309): CodeIgniter\Database\BaseConnection->query('INSERT INTO `us...', Array, false)
#4 C:\xampp\htdocs\crown\system\Model.php(330): CodeIgniter\Database\BaseBuilder->insert()
#5 C:\xampp\htdocs\crown\system\BaseModel.php(782): CodeIgniter\Model->doInsert(Array)
#6 C:\xampp\htdocs\crown\system\Model.php(730): CodeIgniter\BaseModel->insert(Array, true)
#7 C:\xampp\htdocs\crown\app\Models\modelologin.php(14): CodeIgniter\Model->insert(Array)
#8 C:\xampp\htdocs\crown\app\Controllers\Home.php(18): App\models\modelologin->login(Array)
#9 C:\xampp\htdocs\crown\system\CodeIgniter.php(932): App\Controllers\Home->insertar()
#10 C:\xampp\htdocs\crown\system\CodeIgniter.php(497): CodeIgniter\CodeIgniter->runController(Object(App\Controllers\Home))
#11 C:\xampp\htdocs\crown\system\CodeIgniter.php(366): CodeIgniter\CodeIgniter->handleRequest(NULL, Object(Config\Cache), false)
#12 C:\xampp\htdocs\crown\public\index.php(67): CodeIgniter\CodeIgniter->run()
#13 {main}
CRITICAL - 2023-08-09 19:09:35 --> Column 'Contrasena' cannot be null
in SYSTEMPATH\Database\MySQLi\Connection.php on line 295.
 1 SYSTEMPATH\Database\MySQLi\Connection.php(295): mysqli->query('INSERT INTO `usuario` (`contrasena`) VALUES (NULL)', 0)
 2 SYSTEMPATH\Database\BaseConnection.php(692): CodeIgniter\Database\MySQLi\Connection->execute('INSERT INTO `usuario` (`contrasena`) VALUES (NULL)')
 3 SYSTEMPATH\Database\BaseConnection.php(606): CodeIgniter\Database\BaseConnection->simpleQuery('INSERT INTO `usuario` (`contrasena`) VALUES (NULL)')
 4 SYSTEMPATH\Database\BaseBuilder.php(2309): CodeIgniter\Database\BaseConnection->query('INSERT INTO `usuario` (`contrasena`) VALUES (:contrasena:)', [...], false)
 5 SYSTEMPATH\Model.php(330): CodeIgniter\Database\BaseBuilder->insert()
 6 SYSTEMPATH\BaseModel.php(782): CodeIgniter\Model->doInsert([...])
 7 SYSTEMPATH\Model.php(730): CodeIgniter\BaseModel->insert([...], true)
 8 APPPATH\Models\modelologin.php(14): CodeIgniter\Model->insert([...])
 9 APPPATH\Controllers\Home.php(18): App\models\modelologin->login([...])
10 SYSTEMPATH\CodeIgniter.php(932): App\Controllers\Home->insertar()
11 SYSTEMPATH\CodeIgniter.php(497): CodeIgniter\CodeIgniter->runController(Object(App\Controllers\Home))
12 SYSTEMPATH\CodeIgniter.php(366): CodeIgniter\CodeIgniter->handleRequest(null, Object(Config\Cache), false)
13 FCPATH\index.php(67): CodeIgniter\CodeIgniter->run()
ERROR - 2023-08-09 19:10:04 --> mysqli_sql_exception: Column 'Contrasena' cannot be null in C:\xampp\htdocs\crown\system\Database\MySQLi\Connection.php:295
Stack trace:
#0 C:\xampp\htdocs\crown\system\Database\MySQLi\Connection.php(295): mysqli->query('INSERT INTO `us...', 0)
#1 C:\xampp\htdocs\crown\system\Database\BaseConnection.php(692): CodeIgniter\Database\MySQLi\Connection->execute('INSERT INTO `us...')
#2 C:\xampp\htdocs\crown\system\Database\BaseConnection.php(606): CodeIgniter\Database\BaseConnection->simpleQuery('INSERT INTO `us...')
#3 C:\xampp\htdocs\crown\system\Database\BaseBuilder.php(2309): CodeIgniter\Database\BaseConnection->query('INSERT INTO `us...', Array, false)
#4 C:\xampp\htdocs\crown\system\Model.php(330): CodeIgniter\Database\BaseBuilder->insert()
#5 C:\xampp\htdocs\crown\system\BaseModel.php(782): CodeIgniter\Model->doInsert(Array)
#6 C:\xampp\htdocs\crown\system\Model.php(730): CodeIgniter\BaseModel->insert(Array, true)
#7 C:\xampp\htdocs\crown\app\Models\modelologin.php(14): CodeIgniter\Model->insert(Array)
#8 C:\xampp\htdocs\crown\app\Controllers\Home.php(18): App\models\modelologin->login(Array)
#9 C:\xampp\htdocs\crown\system\CodeIgniter.php(932): App\Controllers\Home->insertar()
#10 C:\xampp\htdocs\crown\system\CodeIgniter.php(497): CodeIgniter\CodeIgniter->runController(Object(App\Controllers\Home))
#11 C:\xampp\htdocs\crown\system\CodeIgniter.php(366): CodeIgniter\CodeIgniter->handleRequest(NULL, Object(Config\Cache), false)
#12 C:\xampp\htdocs\crown\public\index.php(67): CodeIgniter\CodeIgniter->run()
#13 {main}
CRITICAL - 2023-08-09 19:10:04 --> Column 'Contrasena' cannot be null
in SYSTEMPATH\Database\MySQLi\Connection.php on line 295.
 1 SYSTEMPATH\Database\MySQLi\Connection.php(295): mysqli->query('INSERT INTO `usuario` (`contrasena`) VALUES (NULL)', 0)
 2 SYSTEMPATH\Database\BaseConnection.php(692): CodeIgniter\Database\MySQLi\Connection->execute('INSERT INTO `usuario` (`contrasena`) VALUES (NULL)')
 3 SYSTEMPATH\Database\BaseConnection.php(606): CodeIgniter\Database\BaseConnection->simpleQuery('INSERT INTO `usuario` (`contrasena`) VALUES (NULL)')
 4 SYSTEMPATH\Database\BaseBuilder.php(2309): CodeIgniter\Database\BaseConnection->query('INSERT INTO `usuario` (`contrasena`) VALUES (:contrasena:)', [...], false)
 5 SYSTEMPATH\Model.php(330): CodeIgniter\Database\BaseBuilder->insert()
 6 SYSTEMPATH\BaseModel.php(782): CodeIgniter\Model->doInsert([...])
 7 SYSTEMPATH\Model.php(730): CodeIgniter\BaseModel->insert([...], true)
 8 APPPATH\Models\modelologin.php(14): CodeIgniter\Model->insert([...])
 9 APPPATH\Controllers\Home.php(18): App\models\modelologin->login([...])
10 SYSTEMPATH\CodeIgniter.php(932): App\Controllers\Home->insertar()
11 SYSTEMPATH\CodeIgniter.php(497): CodeIgniter\CodeIgniter->runController(Object(App\Controllers\Home))
12 SYSTEMPATH\CodeIgniter.php(366): CodeIgniter\CodeIgniter->handleRequest(null, Object(Config\Cache), false)
13 FCPATH\index.php(67): CodeIgniter\CodeIgniter->run()
ERROR - 2023-08-09 19:10:04 --> mysqli_sql_exception: Column 'Contrasena' cannot be null in C:\xampp\htdocs\crown\system\Database\MySQLi\Connection.php:295
Stack trace:
#0 C:\xampp\htdocs\crown\system\Database\MySQLi\Connection.php(295): mysqli->query('INSERT INTO `us...', 0)
#1 C:\xampp\htdocs\crown\system\Database\BaseConnection.php(692): CodeIgniter\Database\MySQLi\Connection->execute('INSERT INTO `us...')
#2 C:\xampp\htdocs\crown\system\Database\BaseConnection.php(606): CodeIgniter\Database\BaseConnection->simpleQuery('INSERT INTO `us...')
#3 C:\xampp\htdocs\crown\system\Database\BaseBuilder.php(2309): CodeIgniter\Database\BaseConnection->query('INSERT INTO `us...', Array, false)
#4 C:\xampp\htdocs\crown\system\Model.php(330): CodeIgniter\Database\BaseBuilder->insert()
#5 C:\xampp\htdocs\crown\system\BaseModel.php(782): CodeIgniter\Model->doInsert(Array)
#6 C:\xampp\htdocs\crown\system\Model.php(730): CodeIgniter\BaseModel->insert(Array, true)
#7 C:\xampp\htdocs\crown\app\Models\modelologin.php(14): CodeIgniter\Model->insert(Array)
#8 C:\xampp\htdocs\crown\app\Controllers\Home.php(18): App\models\modelologin->login(Array)
#9 C:\xampp\htdocs\crown\system\CodeIgniter.php(932): App\Controllers\Home->insertar()
#10 C:\xampp\htdocs\crown\system\CodeIgniter.php(497): CodeIgniter\CodeIgniter->runController(Object(App\Controllers\Home))
#11 C:\xampp\htdocs\crown\system\CodeIgniter.php(366): CodeIgniter\CodeIgniter->handleRequest(NULL, Object(Config\Cache), false)
#12 C:\xampp\htdocs\crown\public\index.php(67): CodeIgniter\CodeIgniter->run()
#13 {main}
CRITICAL - 2023-08-09 19:10:04 --> Column 'Contrasena' cannot be null
in SYSTEMPATH\Database\MySQLi\Connection.php on line 295.
 1 SYSTEMPATH\Database\MySQLi\Connection.php(295): mysqli->query('INSERT INTO `usuario` (`contrasena`) VALUES (NULL)', 0)
 2 SYSTEMPATH\Database\BaseConnection.php(692): CodeIgniter\Database\MySQLi\Connection->execute('INSERT INTO `usuario` (`contrasena`) VALUES (NULL)')
 3 SYSTEMPATH\Database\BaseConnection.php(606): CodeIgniter\Database\BaseConnection->simpleQuery('INSERT INTO `usuario` (`contrasena`) VALUES (NULL)')
 4 SYSTEMPATH\Database\BaseBuilder.php(2309): CodeIgniter\Database\BaseConnection->query('INSERT INTO `usuario` (`contrasena`) VALUES (:contrasena:)', [...], false)
 5 SYSTEMPATH\Model.php(330): CodeIgniter\Database\BaseBuilder->insert()
 6 SYSTEMPATH\BaseModel.php(782): CodeIgniter\Model->doInsert([...])
 7 SYSTEMPATH\Model.php(730): CodeIgniter\BaseModel->insert([...], true)
 8 APPPATH\Models\modelologin.php(14): CodeIgniter\Model->insert([...])
 9 APPPATH\Controllers\Home.php(18): App\models\modelologin->login([...])
10 SYSTEMPATH\CodeIgniter.php(932): App\Controllers\Home->insertar()
11 SYSTEMPATH\CodeIgniter.php(497): CodeIgniter\CodeIgniter->runController(Object(App\Controllers\Home))
12 SYSTEMPATH\CodeIgniter.php(366): CodeIgniter\CodeIgniter->handleRequest(null, Object(Config\Cache), false)
13 FCPATH\index.php(67): CodeIgniter\CodeIgniter->run()
ERROR - 2023-08-09 19:10:04 --> mysqli_sql_exception: Column 'Contrasena' cannot be null in C:\xampp\htdocs\crown\system\Database\MySQLi\Connection.php:295
Stack trace:
#0 C:\xampp\htdocs\crown\system\Database\MySQLi\Connection.php(295): mysqli->query('INSERT INTO `us...', 0)
#1 C:\xampp\htdocs\crown\system\Database\BaseConnection.php(692): CodeIgniter\Database\MySQLi\Connection->execute('INSERT INTO `us...')
#2 C:\xampp\htdocs\crown\system\Database\BaseConnection.php(606): CodeIgniter\Database\BaseConnection->simpleQuery('INSERT INTO `us...')
#3 C:\xampp\htdocs\crown\system\Database\BaseBuilder.php(2309): CodeIgniter\Database\BaseConnection->query('INSERT INTO `us...', Array, false)
#4 C:\xampp\htdocs\crown\system\Model.php(330): CodeIgniter\Database\BaseBuilder->insert()
#5 C:\xampp\htdocs\crown\system\BaseModel.php(782): CodeIgniter\Model->doInsert(Array)
#6 C:\xampp\htdocs\crown\system\Model.php(730): CodeIgniter\BaseModel->insert(Array, true)
#7 C:\xampp\htdocs\crown\app\Models\modelologin.php(14): CodeIgniter\Model->insert(Array)
#8 C:\xampp\htdocs\crown\app\Controllers\Home.php(18): App\models\modelologin->login(Array)
#9 C:\xampp\htdocs\crown\system\CodeIgniter.php(932): App\Controllers\Home->insertar()
#10 C:\xampp\htdocs\crown\system\CodeIgniter.php(497): CodeIgniter\CodeIgniter->runController(Object(App\Controllers\Home))
#11 C:\xampp\htdocs\crown\system\CodeIgniter.php(366): CodeIgniter\CodeIgniter->handleRequest(NULL, Object(Config\Cache), false)
#12 C:\xampp\htdocs\crown\public\index.php(67): CodeIgniter\CodeIgniter->run()
#13 {main}
CRITICAL - 2023-08-09 19:10:04 --> Column 'Contrasena' cannot be null
in SYSTEMPATH\Database\MySQLi\Connection.php on line 295.
 1 SYSTEMPATH\Database\MySQLi\Connection.php(295): mysqli->query('INSERT INTO `usuario` (`contrasena`) VALUES (NULL)', 0)
 2 SYSTEMPATH\Database\BaseConnection.php(692): CodeIgniter\Database\MySQLi\Connection->execute('INSERT INTO `usuario` (`contrasena`) VALUES (NULL)')
 3 SYSTEMPATH\Database\BaseConnection.php(606): CodeIgniter\Database\BaseConnection->simpleQuery('INSERT INTO `usuario` (`contrasena`) VALUES (NULL)')
 4 SYSTEMPATH\Database\BaseBuilder.php(2309): CodeIgniter\Database\BaseConnection->query('INSERT INTO `usuario` (`contrasena`) VALUES (:contrasena:)', [...], false)
 5 SYSTEMPATH\Model.php(330): CodeIgniter\Database\BaseBuilder->insert()
 6 SYSTEMPATH\BaseModel.php(782): CodeIgniter\Model->doInsert([...])
 7 SYSTEMPATH\Model.php(730): CodeIgniter\BaseModel->insert([...], true)
 8 APPPATH\Models\modelologin.php(14): CodeIgniter\Model->insert([...])
 9 APPPATH\Controllers\Home.php(18): App\models\modelologin->login([...])
10 SYSTEMPATH\CodeIgniter.php(932): App\Controllers\Home->insertar()
11 SYSTEMPATH\CodeIgniter.php(497): CodeIgniter\CodeIgniter->runController(Object(App\Controllers\Home))
12 SYSTEMPATH\CodeIgniter.php(366): CodeIgniter\CodeIgniter->handleRequest(null, Object(Config\Cache), false)
13 FCPATH\index.php(67): CodeIgniter\CodeIgniter->run()
ERROR - 2023-08-09 19:10:04 --> mysqli_sql_exception: Column 'Contrasena' cannot be null in C:\xampp\htdocs\crown\system\Database\MySQLi\Connection.php:295
Stack trace:
#0 C:\xampp\htdocs\crown\system\Database\MySQLi\Connection.php(295): mysqli->query('INSERT INTO `us...', 0)
#1 C:\xampp\htdocs\crown\system\Database\BaseConnection.php(692): CodeIgniter\Database\MySQLi\Connection->execute('INSERT INTO `us...')
#2 C:\xampp\htdocs\crown\system\Database\BaseConnection.php(606): CodeIgniter\Database\BaseConnection->simpleQuery('INSERT INTO `us...')
#3 C:\xampp\htdocs\crown\system\Database\BaseBuilder.php(2309): CodeIgniter\Database\BaseConnection->query('INSERT INTO `us...', Array, false)
#4 C:\xampp\htdocs\crown\system\Model.php(330): CodeIgniter\Database\BaseBuilder->insert()
#5 C:\xampp\htdocs\crown\system\BaseModel.php(782): CodeIgniter\Model->doInsert(Array)
#6 C:\xampp\htdocs\crown\system\Model.php(730): CodeIgniter\BaseModel->insert(Array, true)
#7 C:\xampp\htdocs\crown\app\Models\modelologin.php(14): CodeIgniter\Model->insert(Array)
#8 C:\xampp\htdocs\crown\app\Controllers\Home.php(18): App\models\modelologin->login(Array)
#9 C:\xampp\htdocs\crown\system\CodeIgniter.php(932): App\Controllers\Home->insertar()
#10 C:\xampp\htdocs\crown\system\CodeIgniter.php(497): CodeIgniter\CodeIgniter->runController(Object(App\Controllers\Home))
#11 C:\xampp\htdocs\crown\system\CodeIgniter.php(366): CodeIgniter\CodeIgniter->handleRequest(NULL, Object(Config\Cache), false)
#12 C:\xampp\htdocs\crown\public\index.php(67): CodeIgniter\CodeIgniter->run()
#13 {main}
CRITICAL - 2023-08-09 19:10:04 --> Column 'Contrasena' cannot be null
in SYSTEMPATH\Database\MySQLi\Connection.php on line 295.
 1 SYSTEMPATH\Database\MySQLi\Connection.php(295): mysqli->query('INSERT INTO `usuario` (`contrasena`) VALUES (NULL)', 0)
 2 SYSTEMPATH\Database\BaseConnection.php(692): CodeIgniter\Database\MySQLi\Connection->execute('INSERT INTO `usuario` (`contrasena`) VALUES (NULL)')
 3 SYSTEMPATH\Database\BaseConnection.php(606): CodeIgniter\Database\BaseConnection->simpleQuery('INSERT INTO `usuario` (`contrasena`) VALUES (NULL)')
 4 SYSTEMPATH\Database\BaseBuilder.php(2309): CodeIgniter\Database\BaseConnection->query('INSERT INTO `usuario` (`contrasena`) VALUES (:contrasena:)', [...], false)
 5 SYSTEMPATH\Model.php(330): CodeIgniter\Database\BaseBuilder->insert()
 6 SYSTEMPATH\BaseModel.php(782): CodeIgniter\Model->doInsert([...])
 7 SYSTEMPATH\Model.php(730): CodeIgniter\BaseModel->insert([...], true)
 8 APPPATH\Models\modelologin.php(14): CodeIgniter\Model->insert([...])
 9 APPPATH\Controllers\Home.php(18): App\models\modelologin->login([...])
10 SYSTEMPATH\CodeIgniter.php(932): App\Controllers\Home->insertar()
11 SYSTEMPATH\CodeIgniter.php(497): CodeIgniter\CodeIgniter->runController(Object(App\Controllers\Home))
12 SYSTEMPATH\CodeIgniter.php(366): CodeIgniter\CodeIgniter->handleRequest(null, Object(Config\Cache), false)
13 FCPATH\index.php(67): CodeIgniter\CodeIgniter->run()
ERROR - 2023-08-09 19:10:15 --> mysqli_sql_exception: Column 'Contrasena' cannot be null in C:\xampp\htdocs\crown\system\Database\MySQLi\Connection.php:295
Stack trace:
#0 C:\xampp\htdocs\crown\system\Database\MySQLi\Connection.php(295): mysqli->query('INSERT INTO `us...', 0)
#1 C:\xampp\htdocs\crown\system\Database\BaseConnection.php(692): CodeIgniter\Database\MySQLi\Connection->execute('INSERT INTO `us...')
#2 C:\xampp\htdocs\crown\system\Database\BaseConnection.php(606): CodeIgniter\Database\BaseConnection->simpleQuery('INSERT INTO `us...')
#3 C:\xampp\htdocs\crown\system\Database\BaseBuilder.php(2309): CodeIgniter\Database\BaseConnection->query('INSERT INTO `us...', Array, false)
#4 C:\xampp\htdocs\crown\system\Model.php(330): CodeIgniter\Database\BaseBuilder->insert()
#5 C:\xampp\htdocs\crown\system\BaseModel.php(782): CodeIgniter\Model->doInsert(Array)
#6 C:\xampp\htdocs\crown\system\Model.php(730): CodeIgniter\BaseModel->insert(Array, true)
#7 C:\xampp\htdocs\crown\app\Models\modelologin.php(14): CodeIgniter\Model->insert(Array)
#8 C:\xampp\htdocs\crown\app\Controllers\Home.php(18): App\models\modelologin->login(Array)
#9 C:\xampp\htdocs\crown\system\CodeIgniter.php(932): App\Controllers\Home->insertar()
#10 C:\xampp\htdocs\crown\system\CodeIgniter.php(497): CodeIgniter\CodeIgniter->runController(Object(App\Controllers\Home))
#11 C:\xampp\htdocs\crown\system\CodeIgniter.php(366): CodeIgniter\CodeIgniter->handleRequest(NULL, Object(Config\Cache), false)
#12 C:\xampp\htdocs\crown\public\index.php(67): CodeIgniter\CodeIgniter->run()
#13 {main}
CRITICAL - 2023-08-09 19:10:15 --> Column 'Contrasena' cannot be null
in SYSTEMPATH\Database\MySQLi\Connection.php on line 295.
 1 SYSTEMPATH\Database\MySQLi\Connection.php(295): mysqli->query('INSERT INTO `usuario` (`contrasena`) VALUES (NULL)', 0)
 2 SYSTEMPATH\Database\BaseConnection.php(692): CodeIgniter\Database\MySQLi\Connection->execute('INSERT INTO `usuario` (`contrasena`) VALUES (NULL)')
 3 SYSTEMPATH\Database\BaseConnection.php(606): CodeIgniter\Database\BaseConnection->simpleQuery('INSERT INTO `usuario` (`contrasena`) VALUES (NULL)')
 4 SYSTEMPATH\Database\BaseBuilder.php(2309): CodeIgniter\Database\BaseConnection->query('INSERT INTO `usuario` (`contrasena`) VALUES (:contrasena:)', [...], false)
 5 SYSTEMPATH\Model.php(330): CodeIgniter\Database\BaseBuilder->insert()
 6 SYSTEMPATH\BaseModel.php(782): CodeIgniter\Model->doInsert([...])
 7 SYSTEMPATH\Model.php(730): CodeIgniter\BaseModel->insert([...], true)
 8 APPPATH\Models\modelologin.php(14): CodeIgniter\Model->insert([...])
 9 APPPATH\Controllers\Home.php(18): App\models\modelologin->login([...])
10 SYSTEMPATH\CodeIgniter.php(932): App\Controllers\Home->insertar()
11 SYSTEMPATH\CodeIgniter.php(497): CodeIgniter\CodeIgniter->runController(Object(App\Controllers\Home))
12 SYSTEMPATH\CodeIgniter.php(366): CodeIgniter\CodeIgniter->handleRequest(null, Object(Config\Cache), false)
13 FCPATH\index.php(67): CodeIgniter\CodeIgniter->run()
ERROR - 2023-08-09 19:10:16 --> mysqli_sql_exception: Column 'Contrasena' cannot be null in C:\xampp\htdocs\crown\system\Database\MySQLi\Connection.php:295
Stack trace:
#0 C:\xampp\htdocs\crown\system\Database\MySQLi\Connection.php(295): mysqli->query('INSERT INTO `us...', 0)
#1 C:\xampp\htdocs\crown\system\Database\BaseConnection.php(692): CodeIgniter\Database\MySQLi\Connection->execute('INSERT INTO `us...')
#2 C:\xampp\htdocs\crown\system\Database\BaseConnection.php(606): CodeIgniter\Database\BaseConnection->simpleQuery('INSERT INTO `us...')
#3 C:\xampp\htdocs\crown\system\Database\BaseBuilder.php(2309): CodeIgniter\Database\BaseConnection->query('INSERT INTO `us...', Array, false)
#4 C:\xampp\htdocs\crown\system\Model.php(330): CodeIgniter\Database\BaseBuilder->insert()
#5 C:\xampp\htdocs\crown\system\BaseModel.php(782): CodeIgniter\Model->doInsert(Array)
#6 C:\xampp\htdocs\crown\system\Model.php(730): CodeIgniter\BaseModel->insert(Array, true)
#7 C:\xampp\htdocs\crown\app\Models\modelologin.php(14): CodeIgniter\Model->insert(Array)
#8 C:\xampp\htdocs\crown\app\Controllers\Home.php(18): App\models\modelologin->login(Array)
#9 C:\xampp\htdocs\crown\system\CodeIgniter.php(932): App\Controllers\Home->insertar()
#10 C:\xampp\htdocs\crown\system\CodeIgniter.php(497): CodeIgniter\CodeIgniter->runController(Object(App\Controllers\Home))
#11 C:\xampp\htdocs\crown\system\CodeIgniter.php(366): CodeIgniter\CodeIgniter->handleRequest(NULL, Object(Config\Cache), false)
#12 C:\xampp\htdocs\crown\public\index.php(67): CodeIgniter\CodeIgniter->run()
#13 {main}
CRITICAL - 2023-08-09 19:10:16 --> Column 'Contrasena' cannot be null
in SYSTEMPATH\Database\MySQLi\Connection.php on line 295.
 1 SYSTEMPATH\Database\MySQLi\Connection.php(295): mysqli->query('INSERT INTO `usuario` (`contrasena`) VALUES (NULL)', 0)
 2 SYSTEMPATH\Database\BaseConnection.php(692): CodeIgniter\Database\MySQLi\Connection->execute('INSERT INTO `usuario` (`contrasena`) VALUES (NULL)')
 3 SYSTEMPATH\Database\BaseConnection.php(606): CodeIgniter\Database\BaseConnection->simpleQuery('INSERT INTO `usuario` (`contrasena`) VALUES (NULL)')
 4 SYSTEMPATH\Database\BaseBuilder.php(2309): CodeIgniter\Database\BaseConnection->query('INSERT INTO `usuario` (`contrasena`) VALUES (:contrasena:)', [...], false)
 5 SYSTEMPATH\Model.php(330): CodeIgniter\Database\BaseBuilder->insert()
 6 SYSTEMPATH\BaseModel.php(782): CodeIgniter\Model->doInsert([...])
 7 SYSTEMPATH\Model.php(730): CodeIgniter\BaseModel->insert([...], true)
 8 APPPATH\Models\modelologin.php(14): CodeIgniter\Model->insert([...])
 9 APPPATH\Controllers\Home.php(18): App\models\modelologin->login([...])
10 SYSTEMPATH\CodeIgniter.php(932): App\Controllers\Home->insertar()
11 SYSTEMPATH\CodeIgniter.php(497): CodeIgniter\CodeIgniter->runController(Object(App\Controllers\Home))
12 SYSTEMPATH\CodeIgniter.php(366): CodeIgniter\CodeIgniter->handleRequest(null, Object(Config\Cache), false)
13 FCPATH\index.php(67): CodeIgniter\CodeIgniter->run()
ERROR - 2023-08-09 19:10:16 --> mysqli_sql_exception: Column 'Contrasena' cannot be null in C:\xampp\htdocs\crown\system\Database\MySQLi\Connection.php:295
Stack trace:
#0 C:\xampp\htdocs\crown\system\Database\MySQLi\Connection.php(295): mysqli->query('INSERT INTO `us...', 0)
#1 C:\xampp\htdocs\crown\system\Database\BaseConnection.php(692): CodeIgniter\Database\MySQLi\Connection->execute('INSERT INTO `us...')
#2 C:\xampp\htdocs\crown\system\Database\BaseConnection.php(606): CodeIgniter\Database\BaseConnection->simpleQuery('INSERT INTO `us...')
#3 C:\xampp\htdocs\crown\system\Database\BaseBuilder.php(2309): CodeIgniter\Database\BaseConnection->query('INSERT INTO `us...', Array, false)
#4 C:\xampp\htdocs\crown\system\Model.php(330): CodeIgniter\Database\BaseBuilder->insert()
#5 C:\xampp\htdocs\crown\system\BaseModel.php(782): CodeIgniter\Model->doInsert(Array)
#6 C:\xampp\htdocs\crown\system\Model.php(730): CodeIgniter\BaseModel->insert(Array, true)
#7 C:\xampp\htdocs\crown\app\Models\modelologin.php(14): CodeIgniter\Model->insert(Array)
#8 C:\xampp\htdocs\crown\app\Controllers\Home.php(18): App\models\modelologin->login(Array)
#9 C:\xampp\htdocs\crown\system\CodeIgniter.php(932): App\Controllers\Home->insertar()
#10 C:\xampp\htdocs\crown\system\CodeIgniter.php(497): CodeIgniter\CodeIgniter->runController(Object(App\Controllers\Home))
#11 C:\xampp\htdocs\crown\system\CodeIgniter.php(366): CodeIgniter\CodeIgniter->handleRequest(NULL, Object(Config\Cache), false)
#12 C:\xampp\htdocs\crown\public\index.php(67): CodeIgniter\CodeIgniter->run()
#13 {main}
CRITICAL - 2023-08-09 19:10:16 --> Column 'Contrasena' cannot be null
in SYSTEMPATH\Database\MySQLi\Connection.php on line 295.
 1 SYSTEMPATH\Database\MySQLi\Connection.php(295): mysqli->query('INSERT INTO `usuario` (`contrasena`) VALUES (NULL)', 0)
 2 SYSTEMPATH\Database\BaseConnection.php(692): CodeIgniter\Database\MySQLi\Connection->execute('INSERT INTO `usuario` (`contrasena`) VALUES (NULL)')
 3 SYSTEMPATH\Database\BaseConnection.php(606): CodeIgniter\Database\BaseConnection->simpleQuery('INSERT INTO `usuario` (`contrasena`) VALUES (NULL)')
 4 SYSTEMPATH\Database\BaseBuilder.php(2309): CodeIgniter\Database\BaseConnection->query('INSERT INTO `usuario` (`contrasena`) VALUES (:contrasena:)', [...], false)
 5 SYSTEMPATH\Model.php(330): CodeIgniter\Database\BaseBuilder->insert()
 6 SYSTEMPATH\BaseModel.php(782): CodeIgniter\Model->doInsert([...])
 7 SYSTEMPATH\Model.php(730): CodeIgniter\BaseModel->insert([...], true)
 8 APPPATH\Models\modelologin.php(14): CodeIgniter\Model->insert([...])
 9 APPPATH\Controllers\Home.php(18): App\models\modelologin->login([...])
10 SYSTEMPATH\CodeIgniter.php(932): App\Controllers\Home->insertar()
11 SYSTEMPATH\CodeIgniter.php(497): CodeIgniter\CodeIgniter->runController(Object(App\Controllers\Home))
12 SYSTEMPATH\CodeIgniter.php(366): CodeIgniter\CodeIgniter->handleRequest(null, Object(Config\Cache), false)
13 FCPATH\index.php(67): CodeIgniter\CodeIgniter->run()
ERROR - 2023-08-09 19:10:17 --> mysqli_sql_exception: Column 'Contrasena' cannot be null in C:\xampp\htdocs\crown\system\Database\MySQLi\Connection.php:295
Stack trace:
#0 C:\xampp\htdocs\crown\system\Database\MySQLi\Connection.php(295): mysqli->query('INSERT INTO `us...', 0)
#1 C:\xampp\htdocs\crown\system\Database\BaseConnection.php(692): CodeIgniter\Database\MySQLi\Connection->execute('INSERT INTO `us...')
#2 C:\xampp\htdocs\crown\system\Database\BaseConnection.php(606): CodeIgniter\Database\BaseConnection->simpleQuery('INSERT INTO `us...')
#3 C:\xampp\htdocs\crown\system\Database\BaseBuilder.php(2309): CodeIgniter\Database\BaseConnection->query('INSERT INTO `us...', Array, false)
#4 C:\xampp\htdocs\crown\system\Model.php(330): CodeIgniter\Database\BaseBuilder->insert()
#5 C:\xampp\htdocs\crown\system\BaseModel.php(782): CodeIgniter\Model->doInsert(Array)
#6 C:\xampp\htdocs\crown\system\Model.php(730): CodeIgniter\BaseModel->insert(Array, true)
#7 C:\xampp\htdocs\crown\app\Models\modelologin.php(14): CodeIgniter\Model->insert(Array)
#8 C:\xampp\htdocs\crown\app\Controllers\Home.php(18): App\models\modelologin->login(Array)
#9 C:\xampp\htdocs\crown\system\CodeIgniter.php(932): App\Controllers\Home->insertar()
#10 C:\xampp\htdocs\crown\system\CodeIgniter.php(497): CodeIgniter\CodeIgniter->runController(Object(App\Controllers\Home))
#11 C:\xampp\htdocs\crown\system\CodeIgniter.php(366): CodeIgniter\CodeIgniter->handleRequest(NULL, Object(Config\Cache), false)
#12 C:\xampp\htdocs\crown\public\index.php(67): CodeIgniter\CodeIgniter->run()
#13 {main}
CRITICAL - 2023-08-09 19:10:17 --> Column 'Contrasena' cannot be null
in SYSTEMPATH\Database\MySQLi\Connection.php on line 295.
 1 SYSTEMPATH\Database\MySQLi\Connection.php(295): mysqli->query('INSERT INTO `usuario` (`contrasena`) VALUES (NULL)', 0)
 2 SYSTEMPATH\Database\BaseConnection.php(692): CodeIgniter\Database\MySQLi\Connection->execute('INSERT INTO `usuario` (`contrasena`) VALUES (NULL)')
 3 SYSTEMPATH\Database\BaseConnection.php(606): CodeIgniter\Database\BaseConnection->simpleQuery('INSERT INTO `usuario` (`contrasena`) VALUES (NULL)')
 4 SYSTEMPATH\Database\BaseBuilder.php(2309): CodeIgniter\Database\BaseConnection->query('INSERT INTO `usuario` (`contrasena`) VALUES (:contrasena:)', [...], false)
 5 SYSTEMPATH\Model.php(330): CodeIgniter\Database\BaseBuilder->insert()
 6 SYSTEMPATH\BaseModel.php(782): CodeIgniter\Model->doInsert([...])
 7 SYSTEMPATH\Model.php(730): CodeIgniter\BaseModel->insert([...], true)
 8 APPPATH\Models\modelologin.php(14): CodeIgniter\Model->insert([...])
 9 APPPATH\Controllers\Home.php(18): App\models\modelologin->login([...])
10 SYSTEMPATH\CodeIgniter.php(932): App\Controllers\Home->insertar()
11 SYSTEMPATH\CodeIgniter.php(497): CodeIgniter\CodeIgniter->runController(Object(App\Controllers\Home))
12 SYSTEMPATH\CodeIgniter.php(366): CodeIgniter\CodeIgniter->handleRequest(null, Object(Config\Cache), false)
13 FCPATH\index.php(67): CodeIgniter\CodeIgniter->run()
ERROR - 2023-08-09 19:12:20 --> mysqli_sql_exception: Column 'Nombre' cannot be null in C:\xampp\htdocs\crown\system\Database\MySQLi\Connection.php:295
Stack trace:
#0 C:\xampp\htdocs\crown\system\Database\MySQLi\Connection.php(295): mysqli->query('INSERT INTO `us...', 0)
#1 C:\xampp\htdocs\crown\system\Database\BaseConnection.php(692): CodeIgniter\Database\MySQLi\Connection->execute('INSERT INTO `us...')
#2 C:\xampp\htdocs\crown\system\Database\BaseConnection.php(606): CodeIgniter\Database\BaseConnection->simpleQuery('INSERT INTO `us...')
#3 C:\xampp\htdocs\crown\system\Database\BaseBuilder.php(2309): CodeIgniter\Database\BaseConnection->query('INSERT INTO `us...', Array, false)
#4 C:\xampp\htdocs\crown\system\Model.php(330): CodeIgniter\Database\BaseBuilder->insert()
#5 C:\xampp\htdocs\crown\system\BaseModel.php(782): CodeIgniter\Model->doInsert(Array)
#6 C:\xampp\htdocs\crown\system\Model.php(730): CodeIgniter\BaseModel->insert(Array, true)
#7 C:\xampp\htdocs\crown\app\Models\modelologin.php(14): CodeIgniter\Model->insert(Array)
#8 C:\xampp\htdocs\crown\app\Controllers\Home.php(20): App\models\modelologin->login(Array)
#9 C:\xampp\htdocs\crown\system\CodeIgniter.php(932): App\Controllers\Home->insertar()
#10 C:\xampp\htdocs\crown\system\CodeIgniter.php(497): CodeIgniter\CodeIgniter->runController(Object(App\Controllers\Home))
#11 C:\xampp\htdocs\crown\system\CodeIgniter.php(366): CodeIgniter\CodeIgniter->handleRequest(NULL, Object(Config\Cache), false)
#12 C:\xampp\htdocs\crown\public\index.php(67): CodeIgniter\CodeIgniter->run()
#13 {main}
CRITICAL - 2023-08-09 19:12:20 --> Column 'Nombre' cannot be null
in SYSTEMPATH\Database\MySQLi\Connection.php on line 295.
 1 SYSTEMPATH\Database\MySQLi\Connection.php(295): mysqli->query('INSERT INTO `usuario` (`Nombre`, `Apellido`, `Correo`, `Direccion`, `Telefono`) VALUES (NULL, NULL, NULL, NULL, NULL)', 0)
 2 SYSTEMPATH\Database\BaseConnection.php(692): CodeIgniter\Database\MySQLi\Connection->execute('INSERT INTO `usuario` (`Nombre`, `Apellido`, `Correo`, `Direccion`, `Telefono`) VALUES (NULL, NULL, NULL, NULL, NULL)')
 3 SYSTEMPATH\Database\BaseConnection.php(606): CodeIgniter\Database\BaseConnection->simpleQuery('INSERT INTO `usuario` (`Nombre`, `Apellido`, `Correo`, `Direccion`, `Telefono`) VALUES (NULL, NULL, NULL, NULL, NULL)')
 4 SYSTEMPATH\Database\BaseBuilder.php(2309): CodeIgniter\Database\BaseConnection->query('INSERT INTO `usuario` (`Nombre`, `Apellido`, `Correo`, `Direccion`, `Telefono`) VALUES (:Nombre:, :Apellido:, :Correo:, :Direccion:, :Telefono:)', [...], false)
 5 SYSTEMPATH\Model.php(330): CodeIgniter\Database\BaseBuilder->insert()
 6 SYSTEMPATH\BaseModel.php(782): CodeIgniter\Model->doInsert([...])
 7 SYSTEMPATH\Model.php(730): CodeIgniter\BaseModel->insert([...], true)
 8 APPPATH\Models\modelologin.php(14): CodeIgniter\Model->insert([...])
 9 APPPATH\Controllers\Home.php(20): App\models\modelologin->login([...])
10 SYSTEMPATH\CodeIgniter.php(932): App\Controllers\Home->insertar()
11 SYSTEMPATH\CodeIgniter.php(497): CodeIgniter\CodeIgniter->runController(Object(App\Controllers\Home))
12 SYSTEMPATH\CodeIgniter.php(366): CodeIgniter\CodeIgniter->handleRequest(null, Object(Config\Cache), false)
13 FCPATH\index.php(67): CodeIgniter\CodeIgniter->run()
ERROR - 2023-08-09 19:12:20 --> mysqli_sql_exception: Column 'Nombre' cannot be null in C:\xampp\htdocs\crown\system\Database\MySQLi\Connection.php:295
Stack trace:
#0 C:\xampp\htdocs\crown\system\Database\MySQLi\Connection.php(295): mysqli->query('INSERT INTO `us...', 0)
#1 C:\xampp\htdocs\crown\system\Database\BaseConnection.php(692): CodeIgniter\Database\MySQLi\Connection->execute('INSERT INTO `us...')
#2 C:\xampp\htdocs\crown\system\Database\BaseConnection.php(606): CodeIgniter\Database\BaseConnection->simpleQuery('INSERT INTO `us...')
#3 C:\xampp\htdocs\crown\system\Database\BaseBuilder.php(2309): CodeIgniter\Database\BaseConnection->query('INSERT INTO `us...', Array, false)
#4 C:\xampp\htdocs\crown\system\Model.php(330): CodeIgniter\Database\BaseBuilder->insert()
#5 C:\xampp\htdocs\crown\system\BaseModel.php(782): CodeIgniter\Model->doInsert(Array)
#6 C:\xampp\htdocs\crown\system\Model.php(730): CodeIgniter\BaseModel->insert(Array, true)
#7 C:\xampp\htdocs\crown\app\Models\modelologin.php(14): CodeIgniter\Model->insert(Array)
#8 C:\xampp\htdocs\crown\app\Controllers\Home.php(20): App\models\modelologin->login(Array)
#9 C:\xampp\htdocs\crown\system\CodeIgniter.php(932): App\Controllers\Home->insertar()
#10 C:\xampp\htdocs\crown\system\CodeIgniter.php(497): CodeIgniter\CodeIgniter->runController(Object(App\Controllers\Home))
#11 C:\xampp\htdocs\crown\system\CodeIgniter.php(366): CodeIgniter\CodeIgniter->handleRequest(NULL, Object(Config\Cache), false)
#12 C:\xampp\htdocs\crown\public\index.php(67): CodeIgniter\CodeIgniter->run()
#13 {main}
CRITICAL - 2023-08-09 19:12:20 --> Column 'Nombre' cannot be null
in SYSTEMPATH\Database\MySQLi\Connection.php on line 295.
 1 SYSTEMPATH\Database\MySQLi\Connection.php(295): mysqli->query('INSERT INTO `usuario` (`Nombre`, `Apellido`, `Correo`, `Direccion`, `Telefono`) VALUES (NULL, NULL, NULL, NULL, NULL)', 0)
 2 SYSTEMPATH\Database\BaseConnection.php(692): CodeIgniter\Database\MySQLi\Connection->execute('INSERT INTO `usuario` (`Nombre`, `Apellido`, `Correo`, `Direccion`, `Telefono`) VALUES (NULL, NULL, NULL, NULL, NULL)')
 3 SYSTEMPATH\Database\BaseConnection.php(606): CodeIgniter\Database\BaseConnection->simpleQuery('INSERT INTO `usuario` (`Nombre`, `Apellido`, `Correo`, `Direccion`, `Telefono`) VALUES (NULL, NULL, NULL, NULL, NULL)')
 4 SYSTEMPATH\Database\BaseBuilder.php(2309): CodeIgniter\Database\BaseConnection->query('INSERT INTO `usuario` (`Nombre`, `Apellido`, `Correo`, `Direccion`, `Telefono`) VALUES (:Nombre:, :Apellido:, :Correo:, :Direccion:, :Telefono:)', [...], false)
 5 SYSTEMPATH\Model.php(330): CodeIgniter\Database\BaseBuilder->insert()
 6 SYSTEMPATH\BaseModel.php(782): CodeIgniter\Model->doInsert([...])
 7 SYSTEMPATH\Model.php(730): CodeIgniter\BaseModel->insert([...], true)
 8 APPPATH\Models\modelologin.php(14): CodeIgniter\Model->insert([...])
 9 APPPATH\Controllers\Home.php(20): App\models\modelologin->login([...])
10 SYSTEMPATH\CodeIgniter.php(932): App\Controllers\Home->insertar()
11 SYSTEMPATH\CodeIgniter.php(497): CodeIgniter\CodeIgniter->runController(Object(App\Controllers\Home))
12 SYSTEMPATH\CodeIgniter.php(366): CodeIgniter\CodeIgniter->handleRequest(null, Object(Config\Cache), false)
13 FCPATH\index.php(67): CodeIgniter\CodeIgniter->run()
ERROR - 2023-08-09 19:13:04 --> mysqli_sql_exception: Column 'Nombre' cannot be null in C:\xampp\htdocs\crown\system\Database\MySQLi\Connection.php:295
Stack trace:
#0 C:\xampp\htdocs\crown\system\Database\MySQLi\Connection.php(295): mysqli->query('INSERT INTO `us...', 0)
#1 C:\xampp\htdocs\crown\system\Database\BaseConnection.php(692): CodeIgniter\Database\MySQLi\Connection->execute('INSERT INTO `us...')
#2 C:\xampp\htdocs\crown\system\Database\BaseConnection.php(606): CodeIgniter\Database\BaseConnection->simpleQuery('INSERT INTO `us...')
#3 C:\xampp\htdocs\crown\system\Database\BaseBuilder.php(2309): CodeIgniter\Database\BaseConnection->query('INSERT INTO `us...', Array, false)
#4 C:\xampp\htdocs\crown\system\Model.php(330): CodeIgniter\Database\BaseBuilder->insert()
#5 C:\xampp\htdocs\crown\system\BaseModel.php(782): CodeIgniter\Model->doInsert(Array)
#6 C:\xampp\htdocs\crown\system\Model.php(730): CodeIgniter\BaseModel->insert(Array, true)
#7 C:\xampp\htdocs\crown\app\Models\modelologin.php(14): CodeIgniter\Model->insert(Array)
#8 C:\xampp\htdocs\crown\app\Controllers\Home.php(21): App\models\modelologin->login(Array)
#9 C:\xampp\htdocs\crown\system\CodeIgniter.php(932): App\Controllers\Home->insertar()
#10 C:\xampp\htdocs\crown\system\CodeIgniter.php(497): CodeIgniter\CodeIgniter->runController(Object(App\Controllers\Home))
#11 C:\xampp\htdocs\crown\system\CodeIgniter.php(366): CodeIgniter\CodeIgniter->handleRequest(NULL, Object(Config\Cache), false)
#12 C:\xampp\htdocs\crown\public\index.php(67): CodeIgniter\CodeIgniter->run()
#13 {main}
CRITICAL - 2023-08-09 19:13:04 --> Column 'Nombre' cannot be null
in SYSTEMPATH\Database\MySQLi\Connection.php on line 295.
 1 SYSTEMPATH\Database\MySQLi\Connection.php(295): mysqli->query('INSERT INTO `usuario` (`Nombre`, `Apellido`, `Correo`, `Direccion`, `Telefono`) VALUES (NULL, NULL, NULL, NULL, NULL)', 0)
 2 SYSTEMPATH\Database\BaseConnection.php(692): CodeIgniter\Database\MySQLi\Connection->execute('INSERT INTO `usuario` (`Nombre`, `Apellido`, `Correo`, `Direccion`, `Telefono`) VALUES (NULL, NULL, NULL, NULL, NULL)')
 3 SYSTEMPATH\Database\BaseConnection.php(606): CodeIgniter\Database\BaseConnection->simpleQuery('INSERT INTO `usuario` (`Nombre`, `Apellido`, `Correo`, `Direccion`, `Telefono`) VALUES (NULL, NULL, NULL, NULL, NULL)')
 4 SYSTEMPATH\Database\BaseBuilder.php(2309): CodeIgniter\Database\BaseConnection->query('INSERT INTO `usuario` (`Nombre`, `Apellido`, `Correo`, `Direccion`, `Telefono`) VALUES (:Nombre:, :Apellido:, :Correo:, :Direccion:, :Telefono:)', [...], false)
 5 SYSTEMPATH\Model.php(330): CodeIgniter\Database\BaseBuilder->insert()
 6 SYSTEMPATH\BaseModel.php(782): CodeIgniter\Model->doInsert([...])
 7 SYSTEMPATH\Model.php(730): CodeIgniter\BaseModel->insert([...], true)
 8 APPPATH\Models\modelologin.php(14): CodeIgniter\Model->insert([...])
 9 APPPATH\Controllers\Home.php(21): App\models\modelologin->login([...])
10 SYSTEMPATH\CodeIgniter.php(932): App\Controllers\Home->insertar()
11 SYSTEMPATH\CodeIgniter.php(497): CodeIgniter\CodeIgniter->runController(Object(App\Controllers\Home))
12 SYSTEMPATH\CodeIgniter.php(366): CodeIgniter\CodeIgniter->handleRequest(null, Object(Config\Cache), false)
13 FCPATH\index.php(67): CodeIgniter\CodeIgniter->run()
ERROR - 2023-08-09 19:13:05 --> mysqli_sql_exception: Column 'Nombre' cannot be null in C:\xampp\htdocs\crown\system\Database\MySQLi\Connection.php:295
Stack trace:
#0 C:\xampp\htdocs\crown\system\Database\MySQLi\Connection.php(295): mysqli->query('INSERT INTO `us...', 0)
#1 C:\xampp\htdocs\crown\system\Database\BaseConnection.php(692): CodeIgniter\Database\MySQLi\Connection->execute('INSERT INTO `us...')
#2 C:\xampp\htdocs\crown\system\Database\BaseConnection.php(606): CodeIgniter\Database\BaseConnection->simpleQuery('INSERT INTO `us...')
#3 C:\xampp\htdocs\crown\system\Database\BaseBuilder.php(2309): CodeIgniter\Database\BaseConnection->query('INSERT INTO `us...', Array, false)
#4 C:\xampp\htdocs\crown\system\Model.php(330): CodeIgniter\Database\BaseBuilder->insert()
#5 C:\xampp\htdocs\crown\system\BaseModel.php(782): CodeIgniter\Model->doInsert(Array)
#6 C:\xampp\htdocs\crown\system\Model.php(730): CodeIgniter\BaseModel->insert(Array, true)
#7 C:\xampp\htdocs\crown\app\Models\modelologin.php(14): CodeIgniter\Model->insert(Array)
#8 C:\xampp\htdocs\crown\app\Controllers\Home.php(21): App\models\modelologin->login(Array)
#9 C:\xampp\htdocs\crown\system\CodeIgniter.php(932): App\Controllers\Home->insertar()
#10 C:\xampp\htdocs\crown\system\CodeIgniter.php(497): CodeIgniter\CodeIgniter->runController(Object(App\Controllers\Home))
#11 C:\xampp\htdocs\crown\system\CodeIgniter.php(366): CodeIgniter\CodeIgniter->handleRequest(NULL, Object(Config\Cache), false)
#12 C:\xampp\htdocs\crown\public\index.php(67): CodeIgniter\CodeIgniter->run()
#13 {main}
CRITICAL - 2023-08-09 19:13:05 --> Column 'Nombre' cannot be null
in SYSTEMPATH\Database\MySQLi\Connection.php on line 295.
 1 SYSTEMPATH\Database\MySQLi\Connection.php(295): mysqli->query('INSERT INTO `usuario` (`Nombre`, `Apellido`, `Correo`, `Direccion`, `Telefono`) VALUES (NULL, NULL, NULL, NULL, NULL)', 0)
 2 SYSTEMPATH\Database\BaseConnection.php(692): CodeIgniter\Database\MySQLi\Connection->execute('INSERT INTO `usuario` (`Nombre`, `Apellido`, `Correo`, `Direccion`, `Telefono`) VALUES (NULL, NULL, NULL, NULL, NULL)')
 3 SYSTEMPATH\Database\BaseConnection.php(606): CodeIgniter\Database\BaseConnection->simpleQuery('INSERT INTO `usuario` (`Nombre`, `Apellido`, `Correo`, `Direccion`, `Telefono`) VALUES (NULL, NULL, NULL, NULL, NULL)')
 4 SYSTEMPATH\Database\BaseBuilder.php(2309): CodeIgniter\Database\BaseConnection->query('INSERT INTO `usuario` (`Nombre`, `Apellido`, `Correo`, `Direccion`, `Telefono`) VALUES (:Nombre:, :Apellido:, :Correo:, :Direccion:, :Telefono:)', [...], false)
 5 SYSTEMPATH\Model.php(330): CodeIgniter\Database\BaseBuilder->insert()
 6 SYSTEMPATH\BaseModel.php(782): CodeIgniter\Model->doInsert([...])
 7 SYSTEMPATH\Model.php(730): CodeIgniter\BaseModel->insert([...], true)
 8 APPPATH\Models\modelologin.php(14): CodeIgniter\Model->insert([...])
 9 APPPATH\Controllers\Home.php(21): App\models\modelologin->login([...])
10 SYSTEMPATH\CodeIgniter.php(932): App\Controllers\Home->insertar()
11 SYSTEMPATH\CodeIgniter.php(497): CodeIgniter\CodeIgniter->runController(Object(App\Controllers\Home))
12 SYSTEMPATH\CodeIgniter.php(366): CodeIgniter\CodeIgniter->handleRequest(null, Object(Config\Cache), false)
13 FCPATH\index.php(67): CodeIgniter\CodeIgniter->run()
ERROR - 2023-08-09 19:13:05 --> mysqli_sql_exception: Column 'Nombre' cannot be null in C:\xampp\htdocs\crown\system\Database\MySQLi\Connection.php:295
Stack trace:
#0 C:\xampp\htdocs\crown\system\Database\MySQLi\Connection.php(295): mysqli->query('INSERT INTO `us...', 0)
#1 C:\xampp\htdocs\crown\system\Database\BaseConnection.php(692): CodeIgniter\Database\MySQLi\Connection->execute('INSERT INTO `us...')
#2 C:\xampp\htdocs\crown\system\Database\BaseConnection.php(606): CodeIgniter\Database\BaseConnection->simpleQuery('INSERT INTO `us...')
#3 C:\xampp\htdocs\crown\system\Database\BaseBuilder.php(2309): CodeIgniter\Database\BaseConnection->query('INSERT INTO `us...', Array, false)
#4 C:\xampp\htdocs\crown\system\Model.php(330): CodeIgniter\Database\BaseBuilder->insert()
#5 C:\xampp\htdocs\crown\system\BaseModel.php(782): CodeIgniter\Model->doInsert(Array)
#6 C:\xampp\htdocs\crown\system\Model.php(730): CodeIgniter\BaseModel->insert(Array, true)
#7 C:\xampp\htdocs\crown\app\Models\modelologin.php(14): CodeIgniter\Model->insert(Array)
#8 C:\xampp\htdocs\crown\app\Controllers\Home.php(21): App\models\modelologin->login(Array)
#9 C:\xampp\htdocs\crown\system\CodeIgniter.php(932): App\Controllers\Home->insertar()
#10 C:\xampp\htdocs\crown\system\CodeIgniter.php(497): CodeIgniter\CodeIgniter->runController(Object(App\Controllers\Home))
#11 C:\xampp\htdocs\crown\system\CodeIgniter.php(366): CodeIgniter\CodeIgniter->handleRequest(NULL, Object(Config\Cache), false)
#12 C:\xampp\htdocs\crown\public\index.php(67): CodeIgniter\CodeIgniter->run()
#13 {main}
CRITICAL - 2023-08-09 19:13:05 --> Column 'Nombre' cannot be null
in SYSTEMPATH\Database\MySQLi\Connection.php on line 295.
 1 SYSTEMPATH\Database\MySQLi\Connection.php(295): mysqli->query('INSERT INTO `usuario` (`Nombre`, `Apellido`, `Correo`, `Direccion`, `Telefono`) VALUES (NULL, NULL, NULL, NULL, NULL)', 0)
 2 SYSTEMPATH\Database\BaseConnection.php(692): CodeIgniter\Database\MySQLi\Connection->execute('INSERT INTO `usuario` (`Nombre`, `Apellido`, `Correo`, `Direccion`, `Telefono`) VALUES (NULL, NULL, NULL, NULL, NULL)')
 3 SYSTEMPATH\Database\BaseConnection.php(606): CodeIgniter\Database\BaseConnection->simpleQuery('INSERT INTO `usuario` (`Nombre`, `Apellido`, `Correo`, `Direccion`, `Telefono`) VALUES (NULL, NULL, NULL, NULL, NULL)')
 4 SYSTEMPATH\Database\BaseBuilder.php(2309): CodeIgniter\Database\BaseConnection->query('INSERT INTO `usuario` (`Nombre`, `Apellido`, `Correo`, `Direccion`, `Telefono`) VALUES (:Nombre:, :Apellido:, :Correo:, :Direccion:, :Telefono:)', [...], false)
 5 SYSTEMPATH\Model.php(330): CodeIgniter\Database\BaseBuilder->insert()
 6 SYSTEMPATH\BaseModel.php(782): CodeIgniter\Model->doInsert([...])
 7 SYSTEMPATH\Model.php(730): CodeIgniter\BaseModel->insert([...], true)
 8 APPPATH\Models\modelologin.php(14): CodeIgniter\Model->insert([...])
 9 APPPATH\Controllers\Home.php(21): App\models\modelologin->login([...])
10 SYSTEMPATH\CodeIgniter.php(932): App\Controllers\Home->insertar()
11 SYSTEMPATH\CodeIgniter.php(497): CodeIgniter\CodeIgniter->runController(Object(App\Controllers\Home))
12 SYSTEMPATH\CodeIgniter.php(366): CodeIgniter\CodeIgniter->handleRequest(null, Object(Config\Cache), false)
13 FCPATH\index.php(67): CodeIgniter\CodeIgniter->run()
ERROR - 2023-08-09 19:13:05 --> mysqli_sql_exception: Column 'Nombre' cannot be null in C:\xampp\htdocs\crown\system\Database\MySQLi\Connection.php:295
Stack trace:
#0 C:\xampp\htdocs\crown\system\Database\MySQLi\Connection.php(295): mysqli->query('INSERT INTO `us...', 0)
#1 C:\xampp\htdocs\crown\system\Database\BaseConnection.php(692): CodeIgniter\Database\MySQLi\Connection->execute('INSERT INTO `us...')
#2 C:\xampp\htdocs\crown\system\Database\BaseConnection.php(606): CodeIgniter\Database\BaseConnection->simpleQuery('INSERT INTO `us...')
#3 C:\xampp\htdocs\crown\system\Database\BaseBuilder.php(2309): CodeIgniter\Database\BaseConnection->query('INSERT INTO `us...', Array, false)
#4 C:\xampp\htdocs\crown\system\Model.php(330): CodeIgniter\Database\BaseBuilder->insert()
#5 C:\xampp\htdocs\crown\system\BaseModel.php(782): CodeIgniter\Model->doInsert(Array)
#6 C:\xampp\htdocs\crown\system\Model.php(730): CodeIgniter\BaseModel->insert(Array, true)
#7 C:\xampp\htdocs\crown\app\Models\modelologin.php(14): CodeIgniter\Model->insert(Array)
#8 C:\xampp\htdocs\crown\app\Controllers\Home.php(21): App\models\modelologin->login(Array)
#9 C:\xampp\htdocs\crown\system\CodeIgniter.php(932): App\Controllers\Home->insertar()
#10 C:\xampp\htdocs\crown\system\CodeIgniter.php(497): CodeIgniter\CodeIgniter->runController(Object(App\Controllers\Home))
#11 C:\xampp\htdocs\crown\system\CodeIgniter.php(366): CodeIgniter\CodeIgniter->handleRequest(NULL, Object(Config\Cache), false)
#12 C:\xampp\htdocs\crown\public\index.php(67): CodeIgniter\CodeIgniter->run()
#13 {main}
CRITICAL - 2023-08-09 19:13:05 --> Column 'Nombre' cannot be null
in SYSTEMPATH\Database\MySQLi\Connection.php on line 295.
 1 SYSTEMPATH\Database\MySQLi\Connection.php(295): mysqli->query('INSERT INTO `usuario` (`Nombre`, `Apellido`, `Correo`, `Direccion`, `Telefono`) VALUES (NULL, NULL, NULL, NULL, NULL)', 0)
 2 SYSTEMPATH\Database\BaseConnection.php(692): CodeIgniter\Database\MySQLi\Connection->execute('INSERT INTO `usuario` (`Nombre`, `Apellido`, `Correo`, `Direccion`, `Telefono`) VALUES (NULL, NULL, NULL, NULL, NULL)')
 3 SYSTEMPATH\Database\BaseConnection.php(606): CodeIgniter\Database\BaseConnection->simpleQuery('INSERT INTO `usuario` (`Nombre`, `Apellido`, `Correo`, `Direccion`, `Telefono`) VALUES (NULL, NULL, NULL, NULL, NULL)')
 4 SYSTEMPATH\Database\BaseBuilder.php(2309): CodeIgniter\Database\BaseConnection->query('INSERT INTO `usuario` (`Nombre`, `Apellido`, `Correo`, `Direccion`, `Telefono`) VALUES (:Nombre:, :Apellido:, :Correo:, :Direccion:, :Telefono:)', [...], false)
 5 SYSTEMPATH\Model.php(330): CodeIgniter\Database\BaseBuilder->insert()
 6 SYSTEMPATH\BaseModel.php(782): CodeIgniter\Model->doInsert([...])
 7 SYSTEMPATH\Model.php(730): CodeIgniter\BaseModel->insert([...], true)
 8 APPPATH\Models\modelologin.php(14): CodeIgniter\Model->insert([...])
 9 APPPATH\Controllers\Home.php(21): App\models\modelologin->login([...])
10 SYSTEMPATH\CodeIgniter.php(932): App\Controllers\Home->insertar()
11 SYSTEMPATH\CodeIgniter.php(497): CodeIgniter\CodeIgniter->runController(Object(App\Controllers\Home))
12 SYSTEMPATH\CodeIgniter.php(366): CodeIgniter\CodeIgniter->handleRequest(null, Object(Config\Cache), false)
13 FCPATH\index.php(67): CodeIgniter\CodeIgniter->run()
ERROR - 2023-08-09 19:13:07 --> mysqli_sql_exception: Column 'Nombre' cannot be null in C:\xampp\htdocs\crown\system\Database\MySQLi\Connection.php:295
Stack trace:
#0 C:\xampp\htdocs\crown\system\Database\MySQLi\Connection.php(295): mysqli->query('INSERT INTO `us...', 0)
#1 C:\xampp\htdocs\crown\system\Database\BaseConnection.php(692): CodeIgniter\Database\MySQLi\Connection->execute('INSERT INTO `us...')
#2 C:\xampp\htdocs\crown\system\Database\BaseConnection.php(606): CodeIgniter\Database\BaseConnection->simpleQuery('INSERT INTO `us...')
#3 C:\xampp\htdocs\crown\system\Database\BaseBuilder.php(2309): CodeIgniter\Database\BaseConnection->query('INSERT INTO `us...', Array, false)
#4 C:\xampp\htdocs\crown\system\Model.php(330): CodeIgniter\Database\BaseBuilder->insert()
#5 C:\xampp\htdocs\crown\system\BaseModel.php(782): CodeIgniter\Model->doInsert(Array)
#6 C:\xampp\htdocs\crown\system\Model.php(730): CodeIgniter\BaseModel->insert(Array, true)
#7 C:\xampp\htdocs\crown\app\Models\modelologin.php(14): CodeIgniter\Model->insert(Array)
#8 C:\xampp\htdocs\crown\app\Controllers\Home.php(21): App\models\modelologin->login(Array)
#9 C:\xampp\htdocs\crown\system\CodeIgniter.php(932): App\Controllers\Home->insertar()
#10 C:\xampp\htdocs\crown\system\CodeIgniter.php(497): CodeIgniter\CodeIgniter->runController(Object(App\Controllers\Home))
#11 C:\xampp\htdocs\crown\system\CodeIgniter.php(366): CodeIgniter\CodeIgniter->handleRequest(NULL, Object(Config\Cache), false)
#12 C:\xampp\htdocs\crown\public\index.php(67): CodeIgniter\CodeIgniter->run()
#13 {main}
CRITICAL - 2023-08-09 19:13:07 --> Column 'Nombre' cannot be null
in SYSTEMPATH\Database\MySQLi\Connection.php on line 295.
 1 SYSTEMPATH\Database\MySQLi\Connection.php(295): mysqli->query('INSERT INTO `usuario` (`Nombre`, `Apellido`, `Correo`, `Direccion`, `Telefono`) VALUES (NULL, NULL, NULL, NULL, NULL)', 0)
 2 SYSTEMPATH\Database\BaseConnection.php(692): CodeIgniter\Database\MySQLi\Connection->execute('INSERT INTO `usuario` (`Nombre`, `Apellido`, `Correo`, `Direccion`, `Telefono`) VALUES (NULL, NULL, NULL, NULL, NULL)')
 3 SYSTEMPATH\Database\BaseConnection.php(606): CodeIgniter\Database\BaseConnection->simpleQuery('INSERT INTO `usuario` (`Nombre`, `Apellido`, `Correo`, `Direccion`, `Telefono`) VALUES (NULL, NULL, NULL, NULL, NULL)')
 4 SYSTEMPATH\Database\BaseBuilder.php(2309): CodeIgniter\Database\BaseConnection->query('INSERT INTO `usuario` (`Nombre`, `Apellido`, `Correo`, `Direccion`, `Telefono`) VALUES (:Nombre:, :Apellido:, :Correo:, :Direccion:, :Telefono:)', [...], false)
 5 SYSTEMPATH\Model.php(330): CodeIgniter\Database\BaseBuilder->insert()
 6 SYSTEMPATH\BaseModel.php(782): CodeIgniter\Model->doInsert([...])
 7 SYSTEMPATH\Model.php(730): CodeIgniter\BaseModel->insert([...], true)
 8 APPPATH\Models\modelologin.php(14): CodeIgniter\Model->insert([...])
 9 APPPATH\Controllers\Home.php(21): App\models\modelologin->login([...])
10 SYSTEMPATH\CodeIgniter.php(932): App\Controllers\Home->insertar()
11 SYSTEMPATH\CodeIgniter.php(497): CodeIgniter\CodeIgniter->runController(Object(App\Controllers\Home))
12 SYSTEMPATH\CodeIgniter.php(366): CodeIgniter\CodeIgniter->handleRequest(null, Object(Config\Cache), false)
13 FCPATH\index.php(67): CodeIgniter\CodeIgniter->run()
ERROR - 2023-08-09 19:13:07 --> mysqli_sql_exception: Column 'Nombre' cannot be null in C:\xampp\htdocs\crown\system\Database\MySQLi\Connection.php:295
Stack trace:
#0 C:\xampp\htdocs\crown\system\Database\MySQLi\Connection.php(295): mysqli->query('INSERT INTO `us...', 0)
#1 C:\xampp\htdocs\crown\system\Database\BaseConnection.php(692): CodeIgniter\Database\MySQLi\Connection->execute('INSERT INTO `us...')
#2 C:\xampp\htdocs\crown\system\Database\BaseConnection.php(606): CodeIgniter\Database\BaseConnection->simpleQuery('INSERT INTO `us...')
#3 C:\xampp\htdocs\crown\system\Database\BaseBuilder.php(2309): CodeIgniter\Database\BaseConnection->query('INSERT INTO `us...', Array, false)
#4 C:\xampp\htdocs\crown\system\Model.php(330): CodeIgniter\Database\BaseBuilder->insert()
#5 C:\xampp\htdocs\crown\system\BaseModel.php(782): CodeIgniter\Model->doInsert(Array)
#6 C:\xampp\htdocs\crown\system\Model.php(730): CodeIgniter\BaseModel->insert(Array, true)
#7 C:\xampp\htdocs\crown\app\Models\modelologin.php(14): CodeIgniter\Model->insert(Array)
#8 C:\xampp\htdocs\crown\app\Controllers\Home.php(21): App\models\modelologin->login(Array)
#9 C:\xampp\htdocs\crown\system\CodeIgniter.php(932): App\Controllers\Home->insertar()
#10 C:\xampp\htdocs\crown\system\CodeIgniter.php(497): CodeIgniter\CodeIgniter->runController(Object(App\Controllers\Home))
#11 C:\xampp\htdocs\crown\system\CodeIgniter.php(366): CodeIgniter\CodeIgniter->handleRequest(NULL, Object(Config\Cache), false)
#12 C:\xampp\htdocs\crown\public\index.php(67): CodeIgniter\CodeIgniter->run()
#13 {main}
CRITICAL - 2023-08-09 19:13:07 --> Column 'Nombre' cannot be null
in SYSTEMPATH\Database\MySQLi\Connection.php on line 295.
 1 SYSTEMPATH\Database\MySQLi\Connection.php(295): mysqli->query('INSERT INTO `usuario` (`Nombre`, `Apellido`, `Correo`, `Direccion`, `Telefono`) VALUES (NULL, NULL, NULL, NULL, NULL)', 0)
 2 SYSTEMPATH\Database\BaseConnection.php(692): CodeIgniter\Database\MySQLi\Connection->execute('INSERT INTO `usuario` (`Nombre`, `Apellido`, `Correo`, `Direccion`, `Telefono`) VALUES (NULL, NULL, NULL, NULL, NULL)')
 3 SYSTEMPATH\Database\BaseConnection.php(606): CodeIgniter\Database\BaseConnection->simpleQuery('INSERT INTO `usuario` (`Nombre`, `Apellido`, `Correo`, `Direccion`, `Telefono`) VALUES (NULL, NULL, NULL, NULL, NULL)')
 4 SYSTEMPATH\Database\BaseBuilder.php(2309): CodeIgniter\Database\BaseConnection->query('INSERT INTO `usuario` (`Nombre`, `Apellido`, `Correo`, `Direccion`, `Telefono`) VALUES (:Nombre:, :Apellido:, :Correo:, :Direccion:, :Telefono:)', [...], false)
 5 SYSTEMPATH\Model.php(330): CodeIgniter\Database\BaseBuilder->insert()
 6 SYSTEMPATH\BaseModel.php(782): CodeIgniter\Model->doInsert([...])
 7 SYSTEMPATH\Model.php(730): CodeIgniter\BaseModel->insert([...], true)
 8 APPPATH\Models\modelologin.php(14): CodeIgniter\Model->insert([...])
 9 APPPATH\Controllers\Home.php(21): App\models\modelologin->login([...])
10 SYSTEMPATH\CodeIgniter.php(932): App\Controllers\Home->insertar()
11 SYSTEMPATH\CodeIgniter.php(497): CodeIgniter\CodeIgniter->runController(Object(App\Controllers\Home))
12 SYSTEMPATH\CodeIgniter.php(366): CodeIgniter\CodeIgniter->handleRequest(null, Object(Config\Cache), false)
13 FCPATH\index.php(67): CodeIgniter\CodeIgniter->run()
ERROR - 2023-08-09 19:16:50 --> mysqli_sql_exception: Column 'Nombre' cannot be null in C:\xampp\htdocs\crown\system\Database\MySQLi\Connection.php:295
Stack trace:
#0 C:\xampp\htdocs\crown\system\Database\MySQLi\Connection.php(295): mysqli->query('INSERT INTO `us...', 0)
#1 C:\xampp\htdocs\crown\system\Database\BaseConnection.php(692): CodeIgniter\Database\MySQLi\Connection->execute('INSERT INTO `us...')
#2 C:\xampp\htdocs\crown\system\Database\BaseConnection.php(606): CodeIgniter\Database\BaseConnection->simpleQuery('INSERT INTO `us...')
#3 C:\xampp\htdocs\crown\system\Database\BaseBuilder.php(2309): CodeIgniter\Database\BaseConnection->query('INSERT INTO `us...', Array, false)
#4 C:\xampp\htdocs\crown\system\Model.php(330): CodeIgniter\Database\BaseBuilder->insert()
#5 C:\xampp\htdocs\crown\system\BaseModel.php(782): CodeIgniter\Model->doInsert(Array)
#6 C:\xampp\htdocs\crown\system\Model.php(730): CodeIgniter\BaseModel->insert(Array, true)
#7 C:\xampp\htdocs\crown\app\Models\modelologin.php(14): CodeIgniter\Model->insert(Array)
#8 C:\xampp\htdocs\crown\app\Controllers\Home.php(21): App\models\modelologin->login(Array)
#9 C:\xampp\htdocs\crown\system\CodeIgniter.php(932): App\Controllers\Home->insertar()
#10 C:\xampp\htdocs\crown\system\CodeIgniter.php(497): CodeIgniter\CodeIgniter->runController(Object(App\Controllers\Home))
#11 C:\xampp\htdocs\crown\system\CodeIgniter.php(366): CodeIgniter\CodeIgniter->handleRequest(NULL, Object(Config\Cache), false)
#12 C:\xampp\htdocs\crown\public\index.php(67): CodeIgniter\CodeIgniter->run()
#13 {main}
CRITICAL - 2023-08-09 19:16:50 --> Column 'Nombre' cannot be null
in SYSTEMPATH\Database\MySQLi\Connection.php on line 295.
 1 SYSTEMPATH\Database\MySQLi\Connection.php(295): mysqli->query('INSERT INTO `usuario` (`Nombre`, `Apellido`, `Correo`, `Direccion`, `Telefono`) VALUES (NULL, NULL, NULL, \'Larralde 1738\', \'3571556594\')', 0)
 2 SYSTEMPATH\Database\BaseConnection.php(692): CodeIgniter\Database\MySQLi\Connection->execute('INSERT INTO `usuario` (`Nombre`, `Apellido`, `Correo`, `Direccion`, `Telefono`) VALUES (NULL, NULL, NULL, \'Larralde 1738\', \'3571556594\')')
 3 SYSTEMPATH\Database\BaseConnection.php(606): CodeIgniter\Database\BaseConnection->simpleQuery('INSERT INTO `usuario` (`Nombre`, `Apellido`, `Correo`, `Direccion`, `Telefono`) VALUES (NULL, NULL, NULL, \'Larralde 1738\', \'3571556594\')')
 4 SYSTEMPATH\Database\BaseBuilder.php(2309): CodeIgniter\Database\BaseConnection->query('INSERT INTO `usuario` (`Nombre`, `Apellido`, `Correo`, `Direccion`, `Telefono`) VALUES (:Nombre:, :Apellido:, :Correo:, :Direccion:, :Telefono:)', [...], false)
 5 SYSTEMPATH\Model.php(330): CodeIgniter\Database\BaseBuilder->insert()
 6 SYSTEMPATH\BaseModel.php(782): CodeIgniter\Model->doInsert([...])
 7 SYSTEMPATH\Model.php(730): CodeIgniter\BaseModel->insert([...], true)
 8 APPPATH\Models\modelologin.php(14): CodeIgniter\Model->insert([...])
 9 APPPATH\Controllers\Home.php(21): App\models\modelologin->login([...])
10 SYSTEMPATH\CodeIgniter.php(932): App\Controllers\Home->insertar()
11 SYSTEMPATH\CodeIgniter.php(497): CodeIgniter\CodeIgniter->runController(Object(App\Controllers\Home))
12 SYSTEMPATH\CodeIgniter.php(366): CodeIgniter\CodeIgniter->handleRequest(null, Object(Config\Cache), false)
13 FCPATH\index.php(67): CodeIgniter\CodeIgniter->run()
ERROR - 2023-08-09 19:26:21 --> mysqli_sql_exception: Column 'Nombre' cannot be null in C:\xampp\htdocs\crown\system\Database\MySQLi\Connection.php:295
Stack trace:
#0 C:\xampp\htdocs\crown\system\Database\MySQLi\Connection.php(295): mysqli->query('INSERT INTO `us...', 0)
#1 C:\xampp\htdocs\crown\system\Database\BaseConnection.php(692): CodeIgniter\Database\MySQLi\Connection->execute('INSERT INTO `us...')
#2 C:\xampp\htdocs\crown\system\Database\BaseConnection.php(606): CodeIgniter\Database\BaseConnection->simpleQuery('INSERT INTO `us...')
#3 C:\xampp\htdocs\crown\system\Database\BaseBuilder.php(2309): CodeIgniter\Database\BaseConnection->query('INSERT INTO `us...', Array, false)
#4 C:\xampp\htdocs\crown\system\Model.php(330): CodeIgniter\Database\BaseBuilder->insert()
#5 C:\xampp\htdocs\crown\system\BaseModel.php(782): CodeIgniter\Model->doInsert(Array)
#6 C:\xampp\htdocs\crown\system\Model.php(730): CodeIgniter\BaseModel->insert(Array, true)
#7 C:\xampp\htdocs\crown\app\Models\modelologin.php(14): CodeIgniter\Model->insert(Array)
#8 C:\xampp\htdocs\crown\app\Controllers\Home.php(21): App\models\modelologin->login(Array)
#9 C:\xampp\htdocs\crown\system\CodeIgniter.php(932): App\Controllers\Home->insertar()
#10 C:\xampp\htdocs\crown\system\CodeIgniter.php(497): CodeIgniter\CodeIgniter->runController(Object(App\Controllers\Home))
#11 C:\xampp\htdocs\crown\system\CodeIgniter.php(366): CodeIgniter\CodeIgniter->handleRequest(NULL, Object(Config\Cache), false)
#12 C:\xampp\htdocs\crown\public\index.php(67): CodeIgniter\CodeIgniter->run()
#13 {main}
CRITICAL - 2023-08-09 19:26:21 --> Column 'Nombre' cannot be null
in SYSTEMPATH\Database\MySQLi\Connection.php on line 295.
 1 SYSTEMPATH\Database\MySQLi\Connection.php(295): mysqli->query('INSERT INTO `usuario` (`Nombre`, `Apellido`, `Correo`, `Direccion`, `Telefono`) VALUES (NULL, NULL, NULL, \'Larralde 1738\', \'3571556594\')', 0)
 2 SYSTEMPATH\Database\BaseConnection.php(692): CodeIgniter\Database\MySQLi\Connection->execute('INSERT INTO `usuario` (`Nombre`, `Apellido`, `Correo`, `Direccion`, `Telefono`) VALUES (NULL, NULL, NULL, \'Larralde 1738\', \'3571556594\')')
 3 SYSTEMPATH\Database\BaseConnection.php(606): CodeIgniter\Database\BaseConnection->simpleQuery('INSERT INTO `usuario` (`Nombre`, `Apellido`, `Correo`, `Direccion`, `Telefono`) VALUES (NULL, NULL, NULL, \'Larralde 1738\', \'3571556594\')')
 4 SYSTEMPATH\Database\BaseBuilder.php(2309): CodeIgniter\Database\BaseConnection->query('INSERT INTO `usuario` (`Nombre`, `Apellido`, `Correo`, `Direccion`, `Telefono`) VALUES (:Nombre:, :Apellido:, :Correo:, :Direccion:, :Telefono:)', [...], false)
 5 SYSTEMPATH\Model.php(330): CodeIgniter\Database\BaseBuilder->insert()
 6 SYSTEMPATH\BaseModel.php(782): CodeIgniter\Model->doInsert([...])
 7 SYSTEMPATH\Model.php(730): CodeIgniter\BaseModel->insert([...], true)
 8 APPPATH\Models\modelologin.php(14): CodeIgniter\Model->insert([...])
 9 APPPATH\Controllers\Home.php(21): App\models\modelologin->login([...])
10 SYSTEMPATH\CodeIgniter.php(932): App\Controllers\Home->insertar()
11 SYSTEMPATH\CodeIgniter.php(497): CodeIgniter\CodeIgniter->runController(Object(App\Controllers\Home))
12 SYSTEMPATH\CodeIgniter.php(366): CodeIgniter\CodeIgniter->handleRequest(null, Object(Config\Cache), false)
13 FCPATH\index.php(67): CodeIgniter\CodeIgniter->run()
CRITICAL - 2023-08-09 19:27:34 --> syntax error, unexpected token "if"
in APPPATH\Config\Routes.php on line 54.
 1 SYSTEMPATH\CodeIgniter.php(800): CodeIgniter\Router\RouteCollection->loadRoutes()
 2 SYSTEMPATH\CodeIgniter.php(447): CodeIgniter\CodeIgniter->tryToRouteIt(null)
 3 SYSTEMPATH\CodeIgniter.php(366): CodeIgniter\CodeIgniter->handleRequest(null, Object(Config\Cache), false)
 4 FCPATH\index.php(67): CodeIgniter\CodeIgniter->run()
CRITICAL - 2023-08-09 19:27:35 --> syntax error, unexpected token "if"
in APPPATH\Config\Routes.php on line 54.
 1 SYSTEMPATH\CodeIgniter.php(800): CodeIgniter\Router\RouteCollection->loadRoutes()
 2 SYSTEMPATH\CodeIgniter.php(447): CodeIgniter\CodeIgniter->tryToRouteIt(null)
 3 SYSTEMPATH\CodeIgniter.php(366): CodeIgniter\CodeIgniter->handleRequest(null, Object(Config\Cache), false)
 4 FCPATH\index.php(67): CodeIgniter\CodeIgniter->run()
CRITICAL - 2023-08-09 19:27:35 --> syntax error, unexpected token "if"
in APPPATH\Config\Routes.php on line 54.
 1 SYSTEMPATH\CodeIgniter.php(800): CodeIgniter\Router\RouteCollection->loadRoutes()
 2 SYSTEMPATH\CodeIgniter.php(447): CodeIgniter\CodeIgniter->tryToRouteIt(null)
 3 SYSTEMPATH\CodeIgniter.php(366): CodeIgniter\CodeIgniter->handleRequest(null, Object(Config\Cache), false)
 4 FCPATH\index.php(67): CodeIgniter\CodeIgniter->run()
CRITICAL - 2023-08-09 19:27:35 --> syntax error, unexpected token "if"
in APPPATH\Config\Routes.php on line 54.
 1 SYSTEMPATH\CodeIgniter.php(800): CodeIgniter\Router\RouteCollection->loadRoutes()
 2 SYSTEMPATH\CodeIgniter.php(447): CodeIgniter\CodeIgniter->tryToRouteIt(null)
 3 SYSTEMPATH\CodeIgniter.php(366): CodeIgniter\CodeIgniter->handleRequest(null, Object(Config\Cache), false)
 4 FCPATH\index.php(67): CodeIgniter\CodeIgniter->run()
CRITICAL - 2023-08-09 19:27:44 --> syntax error, unexpected token "if"
in APPPATH\Config\Routes.php on line 54.
 1 SYSTEMPATH\CodeIgniter.php(800): CodeIgniter\Router\RouteCollection->loadRoutes()
 2 SYSTEMPATH\CodeIgniter.php(447): CodeIgniter\CodeIgniter->tryToRouteIt(null)
 3 SYSTEMPATH\CodeIgniter.php(366): CodeIgniter\CodeIgniter->handleRequest(null, Object(Config\Cache), false)
 4 FCPATH\index.php(67): CodeIgniter\CodeIgniter->run()
CRITICAL - 2023-08-09 19:27:45 --> syntax error, unexpected token "if"
in APPPATH\Config\Routes.php on line 54.
 1 SYSTEMPATH\CodeIgniter.php(800): CodeIgniter\Router\RouteCollection->loadRoutes()
 2 SYSTEMPATH\CodeIgniter.php(447): CodeIgniter\CodeIgniter->tryToRouteIt(null)
 3 SYSTEMPATH\CodeIgniter.php(366): CodeIgniter\CodeIgniter->handleRequest(null, Object(Config\Cache), false)
 4 FCPATH\index.php(67): CodeIgniter\CodeIgniter->run()
CRITICAL - 2023-08-09 19:27:46 --> syntax error, unexpected token "if"
in APPPATH\Config\Routes.php on line 54.
 1 SYSTEMPATH\CodeIgniter.php(800): CodeIgniter\Router\RouteCollection->loadRoutes()
 2 SYSTEMPATH\CodeIgniter.php(447): CodeIgniter\CodeIgniter->tryToRouteIt(null)
 3 SYSTEMPATH\CodeIgniter.php(366): CodeIgniter\CodeIgniter->handleRequest(null, Object(Config\Cache), false)
 4 FCPATH\index.php(67): CodeIgniter\CodeIgniter->run()
ERROR - 2023-08-09 19:40:11 --> mysqli_sql_exception: Column 'Nombre' cannot be null in C:\xampp\htdocs\crown\system\Database\MySQLi\Connection.php:295
Stack trace:
#0 C:\xampp\htdocs\crown\system\Database\MySQLi\Connection.php(295): mysqli->query('INSERT INTO `us...', 0)
#1 C:\xampp\htdocs\crown\system\Database\BaseConnection.php(692): CodeIgniter\Database\MySQLi\Connection->execute('INSERT INTO `us...')
#2 C:\xampp\htdocs\crown\system\Database\BaseConnection.php(606): CodeIgniter\Database\BaseConnection->simpleQuery('INSERT INTO `us...')
#3 C:\xampp\htdocs\crown\system\Database\BaseBuilder.php(2309): CodeIgniter\Database\BaseConnection->query('INSERT INTO `us...', Array, false)
#4 C:\xampp\htdocs\crown\system\Model.php(330): CodeIgniter\Database\BaseBuilder->insert()
#5 C:\xampp\htdocs\crown\system\BaseModel.php(782): CodeIgniter\Model->doInsert(Array)
#6 C:\xampp\htdocs\crown\system\Model.php(730): CodeIgniter\BaseModel->insert(Array, true)
#7 C:\xampp\htdocs\crown\app\Models\modelologin.php(14): CodeIgniter\Model->insert(Array)
#8 C:\xampp\htdocs\crown\app\Controllers\Home.php(21): App\models\modelologin->login(Array)
#9 C:\xampp\htdocs\crown\system\CodeIgniter.php(932): App\Controllers\Home->insertar()
#10 C:\xampp\htdocs\crown\system\CodeIgniter.php(497): CodeIgniter\CodeIgniter->runController(Object(App\Controllers\Home))
#11 C:\xampp\htdocs\crown\system\CodeIgniter.php(366): CodeIgniter\CodeIgniter->handleRequest(NULL, Object(Config\Cache), false)
#12 C:\xampp\htdocs\crown\public\index.php(67): CodeIgniter\CodeIgniter->run()
#13 {main}
CRITICAL - 2023-08-09 19:40:11 --> Column 'Nombre' cannot be null
in SYSTEMPATH\Database\MySQLi\Connection.php on line 295.
 1 SYSTEMPATH\Database\MySQLi\Connection.php(295): mysqli->query('INSERT INTO `usuario` (`Nombre`, `Apellido`, `Correo`, `Direccion`, `Telefono`) VALUES (NULL, NULL, NULL, \'ninguna\', \'123456\')', 0)
 2 SYSTEMPATH\Database\BaseConnection.php(692): CodeIgniter\Database\MySQLi\Connection->execute('INSERT INTO `usuario` (`Nombre`, `Apellido`, `Correo`, `Direccion`, `Telefono`) VALUES (NULL, NULL, NULL, \'ninguna\', \'123456\')')
 3 SYSTEMPATH\Database\BaseConnection.php(606): CodeIgniter\Database\BaseConnection->simpleQuery('INSERT INTO `usuario` (`Nombre`, `Apellido`, `Correo`, `Direccion`, `Telefono`) VALUES (NULL, NULL, NULL, \'ninguna\', \'123456\')')
 4 SYSTEMPATH\Database\BaseBuilder.php(2309): CodeIgniter\Database\BaseConnection->query('INSERT INTO `usuario` (`Nombre`, `Apellido`, `Correo`, `Direccion`, `Telefono`) VALUES (:Nombre:, :Apellido:, :Correo:, :Direccion:, :Telefono:)', [...], false)
 5 SYSTEMPATH\Model.php(330): CodeIgniter\Database\BaseBuilder->insert()
 6 SYSTEMPATH\BaseModel.php(782): CodeIgniter\Model->doInsert([...])
 7 SYSTEMPATH\Model.php(730): CodeIgniter\BaseModel->insert([...], true)
 8 APPPATH\Models\modelologin.php(14): CodeIgniter\Model->insert([...])
 9 APPPATH\Controllers\Home.php(21): App\models\modelologin->login([...])
10 SYSTEMPATH\CodeIgniter.php(932): App\Controllers\Home->insertar()
11 SYSTEMPATH\CodeIgniter.php(497): CodeIgniter\CodeIgniter->runController(Object(App\Controllers\Home))
12 SYSTEMPATH\CodeIgniter.php(366): CodeIgniter\CodeIgniter->handleRequest(null, Object(Config\Cache), false)
13 FCPATH\index.php(67): CodeIgniter\CodeIgniter->run()
ERROR - 2023-08-09 19:41:51 --> mysqli_sql_exception: Column 'Apellido' cannot be null in C:\xampp\htdocs\crown\system\Database\MySQLi\Connection.php:295
Stack trace:
#0 C:\xampp\htdocs\crown\system\Database\MySQLi\Connection.php(295): mysqli->query('INSERT INTO `us...', 0)
#1 C:\xampp\htdocs\crown\system\Database\BaseConnection.php(692): CodeIgniter\Database\MySQLi\Connection->execute('INSERT INTO `us...')
#2 C:\xampp\htdocs\crown\system\Database\BaseConnection.php(606): CodeIgniter\Database\BaseConnection->simpleQuery('INSERT INTO `us...')
#3 C:\xampp\htdocs\crown\system\Database\BaseBuilder.php(2309): CodeIgniter\Database\BaseConnection->query('INSERT INTO `us...', Array, false)
#4 C:\xampp\htdocs\crown\system\Model.php(330): CodeIgniter\Database\BaseBuilder->insert()
#5 C:\xampp\htdocs\crown\system\BaseModel.php(782): CodeIgniter\Model->doInsert(Array)
#6 C:\xampp\htdocs\crown\system\Model.php(730): CodeIgniter\BaseModel->insert(Array, true)
#7 C:\xampp\htdocs\crown\app\Models\modelologin.php(14): CodeIgniter\Model->insert(Array)
#8 C:\xampp\htdocs\crown\app\Controllers\Home.php(21): App\models\modelologin->login(Array)
#9 C:\xampp\htdocs\crown\system\CodeIgniter.php(932): App\Controllers\Home->insertar()
#10 C:\xampp\htdocs\crown\system\CodeIgniter.php(497): CodeIgniter\CodeIgniter->runController(Object(App\Controllers\Home))
#11 C:\xampp\htdocs\crown\system\CodeIgniter.php(366): CodeIgniter\CodeIgniter->handleRequest(NULL, Object(Config\Cache), false)
#12 C:\xampp\htdocs\crown\public\index.php(67): CodeIgniter\CodeIgniter->run()
#13 {main}
CRITICAL - 2023-08-09 19:41:51 --> Column 'Apellido' cannot be null
in SYSTEMPATH\Database\MySQLi\Connection.php on line 295.
 1 SYSTEMPATH\Database\MySQLi\Connection.php(295): mysqli->query('INSERT INTO `usuario` (`Nombre`, `Apellido`, `Correo`, `Direccion`, `Telefono`) VALUES (\'asda\', NULL, NULL, \'sdasd\', \'asdasd\')', 0)
 2 SYSTEMPATH\Database\BaseConnection.php(692): CodeIgniter\Database\MySQLi\Connection->execute('INSERT INTO `usuario` (`Nombre`, `Apellido`, `Correo`, `Direccion`, `Telefono`) VALUES (\'asda\', NULL, NULL, \'sdasd\', \'asdasd\')')
 3 SYSTEMPATH\Database\BaseConnection.php(606): CodeIgniter\Database\BaseConnection->simpleQuery('INSERT INTO `usuario` (`Nombre`, `Apellido`, `Correo`, `Direccion`, `Telefono`) VALUES (\'asda\', NULL, NULL, \'sdasd\', \'asdasd\')')
 4 SYSTEMPATH\Database\BaseBuilder.php(2309): CodeIgniter\Database\BaseConnection->query('INSERT INTO `usuario` (`Nombre`, `Apellido`, `Correo`, `Direccion`, `Telefono`) VALUES (:Nombre:, :Apellido:, :Correo:, :Direccion:, :Telefono:)', [...], false)
 5 SYSTEMPATH\Model.php(330): CodeIgniter\Database\BaseBuilder->insert()
 6 SYSTEMPATH\BaseModel.php(782): CodeIgniter\Model->doInsert([...])
 7 SYSTEMPATH\Model.php(730): CodeIgniter\BaseModel->insert([...], true)
 8 APPPATH\Models\modelologin.php(14): CodeIgniter\Model->insert([...])
 9 APPPATH\Controllers\Home.php(21): App\models\modelologin->login([...])
10 SYSTEMPATH\CodeIgniter.php(932): App\Controllers\Home->insertar()
11 SYSTEMPATH\CodeIgniter.php(497): CodeIgniter\CodeIgniter->runController(Object(App\Controllers\Home))
12 SYSTEMPATH\CodeIgniter.php(366): CodeIgniter\CodeIgniter->handleRequest(null, Object(Config\Cache), false)
13 FCPATH\index.php(67): CodeIgniter\CodeIgniter->run()
