INFO - 2023-08-23 18:49:29 --> Session: Class initialized using 'CodeIgniter\Session\Handlers\FileHandler' driver.
INFO - 2023-08-23 18:49:38 --> Session: Class initialized using 'CodeIgniter\Session\Handlers\FileHandler' driver.
INFO - 2023-08-23 18:49:56 --> Session: Class initialized using 'CodeIgniter\Session\Handlers\FileHandler' driver.
INFO - 2023-08-23 18:50:01 --> Session: Class initialized using 'CodeIgniter\Session\Handlers\FileHandler' driver.
INFO - 2023-08-23 18:50:01 --> Session: Class initialized using 'CodeIgniter\Session\Handlers\FileHandler' driver.
INFO - 2023-08-23 18:50:10 --> Session: Class initialized using 'CodeIgniter\Session\Handlers\FileHandler' driver.
INFO - 2023-08-23 18:55:05 --> Session: Class initialized using 'CodeIgniter\Session\Handlers\FileHandler' driver.
INFO - 2023-08-23 18:55:15 --> Session: Class initialized using 'CodeIgniter\Session\Handlers\FileHandler' driver.
INFO - 2023-08-23 18:55:15 --> Session: Class initialized using 'CodeIgniter\Session\Handlers\FileHandler' driver.
INFO - 2023-08-23 18:55:26 --> Session: Class initialized using 'CodeIgniter\Session\Handlers\FileHandler' driver.
INFO - 2023-08-23 19:33:15 --> Session: Class initialized using 'CodeIgniter\Session\Handlers\FileHandler' driver.
ERROR - 2023-08-23 19:33:36 --> mysqli_sql_exception: Unknown column 'direccion' in 'field list' in C:\xampp\htdocs\crown\system\Database\MySQLi\Connection.php:295
Stack trace:
#0 C:\xampp\htdocs\crown\system\Database\MySQLi\Connection.php(295): mysqli->query('INSERT INTO `us...', 0)
#1 C:\xampp\htdocs\crown\system\Database\BaseConnection.php(692): CodeIgniter\Database\MySQLi\Connection->execute('INSERT INTO `us...')
#2 C:\xampp\htdocs\crown\system\Database\BaseConnection.php(606): CodeIgniter\Database\BaseConnection->simpleQuery('INSERT INTO `us...')
#3 C:\xampp\htdocs\crown\system\Database\BaseBuilder.php(2309): CodeIgniter\Database\BaseConnection->query('INSERT INTO `us...', Array, false)
#4 C:\xampp\htdocs\crown\system\Model.php(330): CodeIgniter\Database\BaseBuilder->insert()
#5 C:\xampp\htdocs\crown\system\BaseModel.php(782): CodeIgniter\Model->doInsert(Array)
#6 C:\xampp\htdocs\crown\system\Model.php(730): CodeIgniter\BaseModel->insert(Array, true)
#7 C:\xampp\htdocs\crown\app\Models\modelologin.php(15): CodeIgniter\Model->insert(Array)
#8 C:\xampp\htdocs\crown\app\Controllers\Home.php(32): App\models\modelologin->login(Array)
#9 C:\xampp\htdocs\crown\system\CodeIgniter.php(932): App\Controllers\Home->insertar()
#10 C:\xampp\htdocs\crown\system\CodeIgniter.php(497): CodeIgniter\CodeIgniter->runController(Object(App\Controllers\Home))
#11 C:\xampp\htdocs\crown\system\CodeIgniter.php(366): CodeIgniter\CodeIgniter->handleRequest(NULL, Object(Config\Cache), false)
#12 C:\xampp\htdocs\crown\public\index.php(67): CodeIgniter\CodeIgniter->run()
#13 {main}
CRITICAL - 2023-08-23 19:33:36 --> Unknown column 'direccion' in 'field list'
in SYSTEMPATH\Database\MySQLi\Connection.php on line 295.
 1 SYSTEMPATH\Database\MySQLi\Connection.php(295): mysqli->query('INSERT INTO `usuario` (`nombre`, `apellido`, `contrasena`, `correo`, `direccion`, `telefono`) VALUES (\'Benjamin\', \'Grosso\', \'$2y$10$PU4ByEk2BRcM4KdEfMheZ.AHsNf9.pOwV0THwsqU8SYdUpLpsoHtO\', \'benjamingrosso@gmail.com\', \'haiti 1727\', \'3571326123\')', 0)
 2 SYSTEMPATH\Database\BaseConnection.php(692): CodeIgniter\Database\MySQLi\Connection->execute('INSERT INTO `usuario` (`nombre`, `apellido`, `contrasena`, `correo`, `direccion`, `telefono`) VALUES (\'Benjamin\', \'Grosso\', \'$2y$10$PU4ByEk2BRcM4KdEfMheZ.AHsNf9.pOwV0THwsqU8SYdUpLpsoHtO\', \'benjamingrosso@gmail.com\', \'haiti 1727\', \'3571326123\')')
 3 SYSTEMPATH\Database\BaseConnection.php(606): CodeIgniter\Database\BaseConnection->simpleQuery('INSERT INTO `usuario` (`nombre`, `apellido`, `contrasena`, `correo`, `direccion`, `telefono`) VALUES (\'Benjamin\', \'Grosso\', \'$2y$10$PU4ByEk2BRcM4KdEfMheZ.AHsNf9.pOwV0THwsqU8SYdUpLpsoHtO\', \'benjamingrosso@gmail.com\', \'haiti 1727\', \'3571326123\')')
 4 SYSTEMPATH\Database\BaseBuilder.php(2309): CodeIgniter\Database\BaseConnection->query('INSERT INTO `usuario` (`nombre`, `apellido`, `contrasena`, `correo`, `direccion`, `telefono`) VALUES (:nombre:, :apellido:, :contrasena:, :correo:, :direccion:, :telefono:)', [...], false)
 5 SYSTEMPATH\Model.php(330): CodeIgniter\Database\BaseBuilder->insert()
 6 SYSTEMPATH\BaseModel.php(782): CodeIgniter\Model->doInsert([...])
 7 SYSTEMPATH\Model.php(730): CodeIgniter\BaseModel->insert([...], true)
 8 APPPATH\Models\modelologin.php(15): CodeIgniter\Model->insert([...])
 9 APPPATH\Controllers\Home.php(32): App\models\modelologin->login([...])
10 SYSTEMPATH\CodeIgniter.php(932): App\Controllers\Home->insertar()
11 SYSTEMPATH\CodeIgniter.php(497): CodeIgniter\CodeIgniter->runController(Object(App\Controllers\Home))
12 SYSTEMPATH\CodeIgniter.php(366): CodeIgniter\CodeIgniter->handleRequest(null, Object(Config\Cache), false)
13 FCPATH\index.php(67): CodeIgniter\CodeIgniter->run()
ERROR - 2023-08-23 19:36:40 --> mysqli_sql_exception: Unknown column 'direccion' in 'field list' in C:\xampp\htdocs\crown\system\Database\MySQLi\Connection.php:295
Stack trace:
#0 C:\xampp\htdocs\crown\system\Database\MySQLi\Connection.php(295): mysqli->query('INSERT INTO `us...', 0)
#1 C:\xampp\htdocs\crown\system\Database\BaseConnection.php(692): CodeIgniter\Database\MySQLi\Connection->execute('INSERT INTO `us...')
#2 C:\xampp\htdocs\crown\system\Database\BaseConnection.php(606): CodeIgniter\Database\BaseConnection->simpleQuery('INSERT INTO `us...')
#3 C:\xampp\htdocs\crown\system\Database\BaseBuilder.php(2309): CodeIgniter\Database\BaseConnection->query('INSERT INTO `us...', Array, false)
#4 C:\xampp\htdocs\crown\system\Model.php(330): CodeIgniter\Database\BaseBuilder->insert()
#5 C:\xampp\htdocs\crown\system\BaseModel.php(782): CodeIgniter\Model->doInsert(Array)
#6 C:\xampp\htdocs\crown\system\Model.php(730): CodeIgniter\BaseModel->insert(Array, true)
#7 C:\xampp\htdocs\crown\app\Models\modelologin.php(15): CodeIgniter\Model->insert(Array)
#8 C:\xampp\htdocs\crown\app\Controllers\Home.php(32): App\models\modelologin->login(Array)
#9 C:\xampp\htdocs\crown\system\CodeIgniter.php(932): App\Controllers\Home->insertar()
#10 C:\xampp\htdocs\crown\system\CodeIgniter.php(497): CodeIgniter\CodeIgniter->runController(Object(App\Controllers\Home))
#11 C:\xampp\htdocs\crown\system\CodeIgniter.php(366): CodeIgniter\CodeIgniter->handleRequest(NULL, Object(Config\Cache), false)
#12 C:\xampp\htdocs\crown\public\index.php(67): CodeIgniter\CodeIgniter->run()
#13 {main}
CRITICAL - 2023-08-23 19:36:40 --> Unknown column 'direccion' in 'field list'
in SYSTEMPATH\Database\MySQLi\Connection.php on line 295.
 1 SYSTEMPATH\Database\MySQLi\Connection.php(295): mysqli->query('INSERT INTO `usuario` (`nombre`, `apellido`, `contrasena`, `correo`, `direccion`, `telefono`) VALUES (\'Benjamin\', \'Grosso\', \'$2y$10$jymvV9vMExWRfYemF.OkweG3VIn8F5OG72NOEqK1bbvdpBX0jsVsm\', \'benjamingrosso@gmail.com\', \'haiti 1727\', \'3571326123\')', 0)
 2 SYSTEMPATH\Database\BaseConnection.php(692): CodeIgniter\Database\MySQLi\Connection->execute('INSERT INTO `usuario` (`nombre`, `apellido`, `contrasena`, `correo`, `direccion`, `telefono`) VALUES (\'Benjamin\', \'Grosso\', \'$2y$10$jymvV9vMExWRfYemF.OkweG3VIn8F5OG72NOEqK1bbvdpBX0jsVsm\', \'benjamingrosso@gmail.com\', \'haiti 1727\', \'3571326123\')')
 3 SYSTEMPATH\Database\BaseConnection.php(606): CodeIgniter\Database\BaseConnection->simpleQuery('INSERT INTO `usuario` (`nombre`, `apellido`, `contrasena`, `correo`, `direccion`, `telefono`) VALUES (\'Benjamin\', \'Grosso\', \'$2y$10$jymvV9vMExWRfYemF.OkweG3VIn8F5OG72NOEqK1bbvdpBX0jsVsm\', \'benjamingrosso@gmail.com\', \'haiti 1727\', \'3571326123\')')
 4 SYSTEMPATH\Database\BaseBuilder.php(2309): CodeIgniter\Database\BaseConnection->query('INSERT INTO `usuario` (`nombre`, `apellido`, `contrasena`, `correo`, `direccion`, `telefono`) VALUES (:nombre:, :apellido:, :contrasena:, :correo:, :direccion:, :telefono:)', [...], false)
 5 SYSTEMPATH\Model.php(330): CodeIgniter\Database\BaseBuilder->insert()
 6 SYSTEMPATH\BaseModel.php(782): CodeIgniter\Model->doInsert([...])
 7 SYSTEMPATH\Model.php(730): CodeIgniter\BaseModel->insert([...], true)
 8 APPPATH\Models\modelologin.php(15): CodeIgniter\Model->insert([...])
 9 APPPATH\Controllers\Home.php(32): App\models\modelologin->login([...])
10 SYSTEMPATH\CodeIgniter.php(932): App\Controllers\Home->insertar()
11 SYSTEMPATH\CodeIgniter.php(497): CodeIgniter\CodeIgniter->runController(Object(App\Controllers\Home))
12 SYSTEMPATH\CodeIgniter.php(366): CodeIgniter\CodeIgniter->handleRequest(null, Object(Config\Cache), false)
13 FCPATH\index.php(67): CodeIgniter\CodeIgniter->run()
ERROR - 2023-08-23 19:37:46 --> mysqli_sql_exception: Unknown column 'direccion' in 'field list' in C:\xampp\htdocs\crown\system\Database\MySQLi\Connection.php:295
Stack trace:
#0 C:\xampp\htdocs\crown\system\Database\MySQLi\Connection.php(295): mysqli->query('INSERT INTO `us...', 0)
#1 C:\xampp\htdocs\crown\system\Database\BaseConnection.php(692): CodeIgniter\Database\MySQLi\Connection->execute('INSERT INTO `us...')
#2 C:\xampp\htdocs\crown\system\Database\BaseConnection.php(606): CodeIgniter\Database\BaseConnection->simpleQuery('INSERT INTO `us...')
#3 C:\xampp\htdocs\crown\system\Database\BaseBuilder.php(2309): CodeIgniter\Database\BaseConnection->query('INSERT INTO `us...', Array, false)
#4 C:\xampp\htdocs\crown\system\Model.php(330): CodeIgniter\Database\BaseBuilder->insert()
#5 C:\xampp\htdocs\crown\system\BaseModel.php(782): CodeIgniter\Model->doInsert(Array)
#6 C:\xampp\htdocs\crown\system\Model.php(730): CodeIgniter\BaseModel->insert(Array, true)
#7 C:\xampp\htdocs\crown\app\Models\modelologin.php(15): CodeIgniter\Model->insert(Array)
#8 C:\xampp\htdocs\crown\app\Controllers\Home.php(32): App\models\modelologin->login(Array)
#9 C:\xampp\htdocs\crown\system\CodeIgniter.php(932): App\Controllers\Home->insertar()
#10 C:\xampp\htdocs\crown\system\CodeIgniter.php(497): CodeIgniter\CodeIgniter->runController(Object(App\Controllers\Home))
#11 C:\xampp\htdocs\crown\system\CodeIgniter.php(366): CodeIgniter\CodeIgniter->handleRequest(NULL, Object(Config\Cache), false)
#12 C:\xampp\htdocs\crown\public\index.php(67): CodeIgniter\CodeIgniter->run()
#13 {main}
CRITICAL - 2023-08-23 19:37:46 --> Unknown column 'direccion' in 'field list'
in SYSTEMPATH\Database\MySQLi\Connection.php on line 295.
 1 SYSTEMPATH\Database\MySQLi\Connection.php(295): mysqli->query('INSERT INTO `usuario` (`nombre`, `apellido`, `contrasena`, `correo`, `direccion`, `telefono`) VALUES (\'Benjamin\', \'Grosso\', \'$2y$10$e6qx2R3HoXMBXbc6YgICS.pLxUki7/QVOwBZu2GCpYMFMfEX4qCEq\', \'benjamingrosso@gmail.com\', \'haiti 1727\', \'3571326123\')', 0)
 2 SYSTEMPATH\Database\BaseConnection.php(692): CodeIgniter\Database\MySQLi\Connection->execute('INSERT INTO `usuario` (`nombre`, `apellido`, `contrasena`, `correo`, `direccion`, `telefono`) VALUES (\'Benjamin\', \'Grosso\', \'$2y$10$e6qx2R3HoXMBXbc6YgICS.pLxUki7/QVOwBZu2GCpYMFMfEX4qCEq\', \'benjamingrosso@gmail.com\', \'haiti 1727\', \'3571326123\')')
 3 SYSTEMPATH\Database\BaseConnection.php(606): CodeIgniter\Database\BaseConnection->simpleQuery('INSERT INTO `usuario` (`nombre`, `apellido`, `contrasena`, `correo`, `direccion`, `telefono`) VALUES (\'Benjamin\', \'Grosso\', \'$2y$10$e6qx2R3HoXMBXbc6YgICS.pLxUki7/QVOwBZu2GCpYMFMfEX4qCEq\', \'benjamingrosso@gmail.com\', \'haiti 1727\', \'3571326123\')')
 4 SYSTEMPATH\Database\BaseBuilder.php(2309): CodeIgniter\Database\BaseConnection->query('INSERT INTO `usuario` (`nombre`, `apellido`, `contrasena`, `correo`, `direccion`, `telefono`) VALUES (:nombre:, :apellido:, :contrasena:, :correo:, :direccion:, :telefono:)', [...], false)
 5 SYSTEMPATH\Model.php(330): CodeIgniter\Database\BaseBuilder->insert()
 6 SYSTEMPATH\BaseModel.php(782): CodeIgniter\Model->doInsert([...])
 7 SYSTEMPATH\Model.php(730): CodeIgniter\BaseModel->insert([...], true)
 8 APPPATH\Models\modelologin.php(15): CodeIgniter\Model->insert([...])
 9 APPPATH\Controllers\Home.php(32): App\models\modelologin->login([...])
10 SYSTEMPATH\CodeIgniter.php(932): App\Controllers\Home->insertar()
11 SYSTEMPATH\CodeIgniter.php(497): CodeIgniter\CodeIgniter->runController(Object(App\Controllers\Home))
12 SYSTEMPATH\CodeIgniter.php(366): CodeIgniter\CodeIgniter->handleRequest(null, Object(Config\Cache), false)
13 FCPATH\index.php(67): CodeIgniter\CodeIgniter->run()
ERROR - 2023-08-23 19:38:15 --> mysqli_sql_exception: Unknown column 'direccion' in 'field list' in C:\xampp\htdocs\crown\system\Database\MySQLi\Connection.php:295
Stack trace:
#0 C:\xampp\htdocs\crown\system\Database\MySQLi\Connection.php(295): mysqli->query('INSERT INTO `us...', 0)
#1 C:\xampp\htdocs\crown\system\Database\BaseConnection.php(692): CodeIgniter\Database\MySQLi\Connection->execute('INSERT INTO `us...')
#2 C:\xampp\htdocs\crown\system\Database\BaseConnection.php(606): CodeIgniter\Database\BaseConnection->simpleQuery('INSERT INTO `us...')
#3 C:\xampp\htdocs\crown\system\Database\BaseBuilder.php(2309): CodeIgniter\Database\BaseConnection->query('INSERT INTO `us...', Array, false)
#4 C:\xampp\htdocs\crown\system\Model.php(330): CodeIgniter\Database\BaseBuilder->insert()
#5 C:\xampp\htdocs\crown\system\BaseModel.php(782): CodeIgniter\Model->doInsert(Array)
#6 C:\xampp\htdocs\crown\system\Model.php(730): CodeIgniter\BaseModel->insert(Array, true)
#7 C:\xampp\htdocs\crown\app\Models\modelologin.php(15): CodeIgniter\Model->insert(Array)
#8 C:\xampp\htdocs\crown\app\Controllers\Home.php(32): App\models\modelologin->login(Array)
#9 C:\xampp\htdocs\crown\system\CodeIgniter.php(932): App\Controllers\Home->insertar()
#10 C:\xampp\htdocs\crown\system\CodeIgniter.php(497): CodeIgniter\CodeIgniter->runController(Object(App\Controllers\Home))
#11 C:\xampp\htdocs\crown\system\CodeIgniter.php(366): CodeIgniter\CodeIgniter->handleRequest(NULL, Object(Config\Cache), false)
#12 C:\xampp\htdocs\crown\public\index.php(67): CodeIgniter\CodeIgniter->run()
#13 {main}
CRITICAL - 2023-08-23 19:38:15 --> Unknown column 'direccion' in 'field list'
in SYSTEMPATH\Database\MySQLi\Connection.php on line 295.
 1 SYSTEMPATH\Database\MySQLi\Connection.php(295): mysqli->query('INSERT INTO `usuario` (`nombre`, `apellido`, `contrasena`, `correo`, `direccion`, `telefono`) VALUES (\'Benjamin\', \'Grosso\', \'$2y$10$lmsfQmvHvRdAvXuPjpxH4uKLgl2d26r3qMU7dn7j3GyVUsgcq5FmK\', \'benjamingrosso@gmail.com\', \'haiti 1727\', \'3571326123\')', 0)
 2 SYSTEMPATH\Database\BaseConnection.php(692): CodeIgniter\Database\MySQLi\Connection->execute('INSERT INTO `usuario` (`nombre`, `apellido`, `contrasena`, `correo`, `direccion`, `telefono`) VALUES (\'Benjamin\', \'Grosso\', \'$2y$10$lmsfQmvHvRdAvXuPjpxH4uKLgl2d26r3qMU7dn7j3GyVUsgcq5FmK\', \'benjamingrosso@gmail.com\', \'haiti 1727\', \'3571326123\')')
 3 SYSTEMPATH\Database\BaseConnection.php(606): CodeIgniter\Database\BaseConnection->simpleQuery('INSERT INTO `usuario` (`nombre`, `apellido`, `contrasena`, `correo`, `direccion`, `telefono`) VALUES (\'Benjamin\', \'Grosso\', \'$2y$10$lmsfQmvHvRdAvXuPjpxH4uKLgl2d26r3qMU7dn7j3GyVUsgcq5FmK\', \'benjamingrosso@gmail.com\', \'haiti 1727\', \'3571326123\')')
 4 SYSTEMPATH\Database\BaseBuilder.php(2309): CodeIgniter\Database\BaseConnection->query('INSERT INTO `usuario` (`nombre`, `apellido`, `contrasena`, `correo`, `direccion`, `telefono`) VALUES (:nombre:, :apellido:, :contrasena:, :correo:, :direccion:, :telefono:)', [...], false)
 5 SYSTEMPATH\Model.php(330): CodeIgniter\Database\BaseBuilder->insert()
 6 SYSTEMPATH\BaseModel.php(782): CodeIgniter\Model->doInsert([...])
 7 SYSTEMPATH\Model.php(730): CodeIgniter\BaseModel->insert([...], true)
 8 APPPATH\Models\modelologin.php(15): CodeIgniter\Model->insert([...])
 9 APPPATH\Controllers\Home.php(32): App\models\modelologin->login([...])
10 SYSTEMPATH\CodeIgniter.php(932): App\Controllers\Home->insertar()
11 SYSTEMPATH\CodeIgniter.php(497): CodeIgniter\CodeIgniter->runController(Object(App\Controllers\Home))
12 SYSTEMPATH\CodeIgniter.php(366): CodeIgniter\CodeIgniter->handleRequest(null, Object(Config\Cache), false)
13 FCPATH\index.php(67): CodeIgniter\CodeIgniter->run()
ERROR - 2023-08-23 19:39:20 --> mysqli_sql_exception: Unknown column 'direccion' in 'field list' in C:\xampp\htdocs\crown\system\Database\MySQLi\Connection.php:295
Stack trace:
#0 C:\xampp\htdocs\crown\system\Database\MySQLi\Connection.php(295): mysqli->query('INSERT INTO `us...', 0)
#1 C:\xampp\htdocs\crown\system\Database\BaseConnection.php(692): CodeIgniter\Database\MySQLi\Connection->execute('INSERT INTO `us...')
#2 C:\xampp\htdocs\crown\system\Database\BaseConnection.php(606): CodeIgniter\Database\BaseConnection->simpleQuery('INSERT INTO `us...')
#3 C:\xampp\htdocs\crown\system\Database\BaseBuilder.php(2309): CodeIgniter\Database\BaseConnection->query('INSERT INTO `us...', Array, false)
#4 C:\xampp\htdocs\crown\system\Model.php(330): CodeIgniter\Database\BaseBuilder->insert()
#5 C:\xampp\htdocs\crown\system\BaseModel.php(782): CodeIgniter\Model->doInsert(Array)
#6 C:\xampp\htdocs\crown\system\Model.php(730): CodeIgniter\BaseModel->insert(Array, true)
#7 C:\xampp\htdocs\crown\app\Models\modelologin.php(15): CodeIgniter\Model->insert(Array)
#8 C:\xampp\htdocs\crown\app\Controllers\Home.php(32): App\models\modelologin->login(Array)
#9 C:\xampp\htdocs\crown\system\CodeIgniter.php(932): App\Controllers\Home->insertar()
#10 C:\xampp\htdocs\crown\system\CodeIgniter.php(497): CodeIgniter\CodeIgniter->runController(Object(App\Controllers\Home))
#11 C:\xampp\htdocs\crown\system\CodeIgniter.php(366): CodeIgniter\CodeIgniter->handleRequest(NULL, Object(Config\Cache), false)
#12 C:\xampp\htdocs\crown\public\index.php(67): CodeIgniter\CodeIgniter->run()
#13 {main}
CRITICAL - 2023-08-23 19:39:20 --> Unknown column 'direccion' in 'field list'
in SYSTEMPATH\Database\MySQLi\Connection.php on line 295.
 1 SYSTEMPATH\Database\MySQLi\Connection.php(295): mysqli->query('INSERT INTO `usuario` (`nombre`, `apellido`, `contrasena`, `correo`, `direccion`, `telefono`) VALUES (\'Benjamin\', \'Grosso\', \'$2y$10$uFnmJBh2MSdy.7IHhPDJ5OEPnG3Y5152d0cRqd6Jw/Yp4i1mh4IfK\', \'benjamingrosso@gmail.com\', \'haiti 1727\', \'3571326123\')', 0)
 2 SYSTEMPATH\Database\BaseConnection.php(692): CodeIgniter\Database\MySQLi\Connection->execute('INSERT INTO `usuario` (`nombre`, `apellido`, `contrasena`, `correo`, `direccion`, `telefono`) VALUES (\'Benjamin\', \'Grosso\', \'$2y$10$uFnmJBh2MSdy.7IHhPDJ5OEPnG3Y5152d0cRqd6Jw/Yp4i1mh4IfK\', \'benjamingrosso@gmail.com\', \'haiti 1727\', \'3571326123\')')
 3 SYSTEMPATH\Database\BaseConnection.php(606): CodeIgniter\Database\BaseConnection->simpleQuery('INSERT INTO `usuario` (`nombre`, `apellido`, `contrasena`, `correo`, `direccion`, `telefono`) VALUES (\'Benjamin\', \'Grosso\', \'$2y$10$uFnmJBh2MSdy.7IHhPDJ5OEPnG3Y5152d0cRqd6Jw/Yp4i1mh4IfK\', \'benjamingrosso@gmail.com\', \'haiti 1727\', \'3571326123\')')
 4 SYSTEMPATH\Database\BaseBuilder.php(2309): CodeIgniter\Database\BaseConnection->query('INSERT INTO `usuario` (`nombre`, `apellido`, `contrasena`, `correo`, `direccion`, `telefono`) VALUES (:nombre:, :apellido:, :contrasena:, :correo:, :direccion:, :telefono:)', [...], false)
 5 SYSTEMPATH\Model.php(330): CodeIgniter\Database\BaseBuilder->insert()
 6 SYSTEMPATH\BaseModel.php(782): CodeIgniter\Model->doInsert([...])
 7 SYSTEMPATH\Model.php(730): CodeIgniter\BaseModel->insert([...], true)
 8 APPPATH\Models\modelologin.php(15): CodeIgniter\Model->insert([...])
 9 APPPATH\Controllers\Home.php(32): App\models\modelologin->login([...])
10 SYSTEMPATH\CodeIgniter.php(932): App\Controllers\Home->insertar()
11 SYSTEMPATH\CodeIgniter.php(497): CodeIgniter\CodeIgniter->runController(Object(App\Controllers\Home))
12 SYSTEMPATH\CodeIgniter.php(366): CodeIgniter\CodeIgniter->handleRequest(null, Object(Config\Cache), false)
13 FCPATH\index.php(67): CodeIgniter\CodeIgniter->run()
ERROR - 2023-08-23 19:45:04 --> mysqli_sql_exception: Cannot add or update a child row: a foreign key constraint fails (`crown_db`.`usuario`, CONSTRAINT `usuario_ibfk_1` FOREIGN KEY (`id_direccion`) REFERENCES `direccion` (`id`)) in C:\xampp\htdocs\crown\system\Database\MySQLi\Connection.php:295
Stack trace:
#0 C:\xampp\htdocs\crown\system\Database\MySQLi\Connection.php(295): mysqli->query('INSERT INTO `us...', 0)
#1 C:\xampp\htdocs\crown\system\Database\BaseConnection.php(692): CodeIgniter\Database\MySQLi\Connection->execute('INSERT INTO `us...')
#2 C:\xampp\htdocs\crown\system\Database\BaseConnection.php(606): CodeIgniter\Database\BaseConnection->simpleQuery('INSERT INTO `us...')
#3 C:\xampp\htdocs\crown\system\Database\BaseBuilder.php(2309): CodeIgniter\Database\BaseConnection->query('INSERT INTO `us...', Array, false)
#4 C:\xampp\htdocs\crown\system\Model.php(330): CodeIgniter\Database\BaseBuilder->insert()
#5 C:\xampp\htdocs\crown\system\BaseModel.php(782): CodeIgniter\Model->doInsert(Array)
#6 C:\xampp\htdocs\crown\system\Model.php(730): CodeIgniter\BaseModel->insert(Array, true)
#7 C:\xampp\htdocs\crown\app\Models\modelologin.php(15): CodeIgniter\Model->insert(Array)
#8 C:\xampp\htdocs\crown\app\Controllers\Home.php(32): App\models\modelologin->login(Array)
#9 C:\xampp\htdocs\crown\system\CodeIgniter.php(932): App\Controllers\Home->insertar()
#10 C:\xampp\htdocs\crown\system\CodeIgniter.php(497): CodeIgniter\CodeIgniter->runController(Object(App\Controllers\Home))
#11 C:\xampp\htdocs\crown\system\CodeIgniter.php(366): CodeIgniter\CodeIgniter->handleRequest(NULL, Object(Config\Cache), false)
#12 C:\xampp\htdocs\crown\public\index.php(67): CodeIgniter\CodeIgniter->run()
#13 {main}
CRITICAL - 2023-08-23 19:45:04 --> Cannot add or update a child row: a foreign key constraint fails (`crown_db`.`usuario`, CONSTRAINT `usuario_ibfk_1` FOREIGN KEY (`id_direccion`) REFERENCES `direccion` (`id`))
in SYSTEMPATH\Database\MySQLi\Connection.php on line 295.
 1 SYSTEMPATH\Database\MySQLi\Connection.php(295): mysqli->query('INSERT INTO `usuario` (`nombre`, `apellido`, `contrasena`, `correo`, `id_direccion`, `telefono`) VALUES (\'Benjamin\', \'Grosso\', \'$2y$10$51.u7kWMYXFqgX5D2SEC9.0bp5tDQFBJZ5uHWsPpEGZjPPq65hU6C\', \'benjamingrosso@gmail.com\', \'haiti1727\', \'3571326123\')', 0)
 2 SYSTEMPATH\Database\BaseConnection.php(692): CodeIgniter\Database\MySQLi\Connection->execute('INSERT INTO `usuario` (`nombre`, `apellido`, `contrasena`, `correo`, `id_direccion`, `telefono`) VALUES (\'Benjamin\', \'Grosso\', \'$2y$10$51.u7kWMYXFqgX5D2SEC9.0bp5tDQFBJZ5uHWsPpEGZjPPq65hU6C\', \'benjamingrosso@gmail.com\', \'haiti1727\', \'3571326123\')')
 3 SYSTEMPATH\Database\BaseConnection.php(606): CodeIgniter\Database\BaseConnection->simpleQuery('INSERT INTO `usuario` (`nombre`, `apellido`, `contrasena`, `correo`, `id_direccion`, `telefono`) VALUES (\'Benjamin\', \'Grosso\', \'$2y$10$51.u7kWMYXFqgX5D2SEC9.0bp5tDQFBJZ5uHWsPpEGZjPPq65hU6C\', \'benjamingrosso@gmail.com\', \'haiti1727\', \'3571326123\')')
 4 SYSTEMPATH\Database\BaseBuilder.php(2309): CodeIgniter\Database\BaseConnection->query('INSERT INTO `usuario` (`nombre`, `apellido`, `contrasena`, `correo`, `id_direccion`, `telefono`) VALUES (:nombre:, :apellido:, :contrasena:, :correo:, :id_direccion:, :telefono:)', [...], false)
 5 SYSTEMPATH\Model.php(330): CodeIgniter\Database\BaseBuilder->insert()
 6 SYSTEMPATH\BaseModel.php(782): CodeIgniter\Model->doInsert([...])
 7 SYSTEMPATH\Model.php(730): CodeIgniter\BaseModel->insert([...], true)
 8 APPPATH\Models\modelologin.php(15): CodeIgniter\Model->insert([...])
 9 APPPATH\Controllers\Home.php(32): App\models\modelologin->login([...])
10 SYSTEMPATH\CodeIgniter.php(932): App\Controllers\Home->insertar()
11 SYSTEMPATH\CodeIgniter.php(497): CodeIgniter\CodeIgniter->runController(Object(App\Controllers\Home))
12 SYSTEMPATH\CodeIgniter.php(366): CodeIgniter\CodeIgniter->handleRequest(null, Object(Config\Cache), false)
13 FCPATH\index.php(67): CodeIgniter\CodeIgniter->run()
ERROR - 2023-08-23 19:45:38 --> mysqli_sql_exception: Unknown column 'direccion' in 'field list' in C:\xampp\htdocs\crown\system\Database\MySQLi\Connection.php:295
Stack trace:
#0 C:\xampp\htdocs\crown\system\Database\MySQLi\Connection.php(295): mysqli->query('INSERT INTO `us...', 0)
#1 C:\xampp\htdocs\crown\system\Database\BaseConnection.php(692): CodeIgniter\Database\MySQLi\Connection->execute('INSERT INTO `us...')
#2 C:\xampp\htdocs\crown\system\Database\BaseConnection.php(606): CodeIgniter\Database\BaseConnection->simpleQuery('INSERT INTO `us...')
#3 C:\xampp\htdocs\crown\system\Database\BaseBuilder.php(2309): CodeIgniter\Database\BaseConnection->query('INSERT INTO `us...', Array, false)
#4 C:\xampp\htdocs\crown\system\Model.php(330): CodeIgniter\Database\BaseBuilder->insert()
#5 C:\xampp\htdocs\crown\system\BaseModel.php(782): CodeIgniter\Model->doInsert(Array)
#6 C:\xampp\htdocs\crown\system\Model.php(730): CodeIgniter\BaseModel->insert(Array, true)
#7 C:\xampp\htdocs\crown\app\Models\modelologin.php(15): CodeIgniter\Model->insert(Array)
#8 C:\xampp\htdocs\crown\app\Controllers\Home.php(32): App\models\modelologin->login(Array)
#9 C:\xampp\htdocs\crown\system\CodeIgniter.php(932): App\Controllers\Home->insertar()
#10 C:\xampp\htdocs\crown\system\CodeIgniter.php(497): CodeIgniter\CodeIgniter->runController(Object(App\Controllers\Home))
#11 C:\xampp\htdocs\crown\system\CodeIgniter.php(366): CodeIgniter\CodeIgniter->handleRequest(NULL, Object(Config\Cache), false)
#12 C:\xampp\htdocs\crown\public\index.php(67): CodeIgniter\CodeIgniter->run()
#13 {main}
CRITICAL - 2023-08-23 19:45:38 --> Unknown column 'direccion' in 'field list'
in SYSTEMPATH\Database\MySQLi\Connection.php on line 295.
 1 SYSTEMPATH\Database\MySQLi\Connection.php(295): mysqli->query('INSERT INTO `usuario` (`nombre`, `apellido`, `contrasena`, `correo`, `direccion`, `telefono`) VALUES (\'Benjamin\', \'Grosso\', \'$2y$10$xkW8AgIw1QoOjGf4CNDFHOSkak3OSKvI4dOzxFpymVq4k8Ah93TVy\', \'benjamingrosso@gmail.com\', NULL, \'3571326123\')', 0)
 2 SYSTEMPATH\Database\BaseConnection.php(692): CodeIgniter\Database\MySQLi\Connection->execute('INSERT INTO `usuario` (`nombre`, `apellido`, `contrasena`, `correo`, `direccion`, `telefono`) VALUES (\'Benjamin\', \'Grosso\', \'$2y$10$xkW8AgIw1QoOjGf4CNDFHOSkak3OSKvI4dOzxFpymVq4k8Ah93TVy\', \'benjamingrosso@gmail.com\', NULL, \'3571326123\')')
 3 SYSTEMPATH\Database\BaseConnection.php(606): CodeIgniter\Database\BaseConnection->simpleQuery('INSERT INTO `usuario` (`nombre`, `apellido`, `contrasena`, `correo`, `direccion`, `telefono`) VALUES (\'Benjamin\', \'Grosso\', \'$2y$10$xkW8AgIw1QoOjGf4CNDFHOSkak3OSKvI4dOzxFpymVq4k8Ah93TVy\', \'benjamingrosso@gmail.com\', NULL, \'3571326123\')')
 4 SYSTEMPATH\Database\BaseBuilder.php(2309): CodeIgniter\Database\BaseConnection->query('INSERT INTO `usuario` (`nombre`, `apellido`, `contrasena`, `correo`, `direccion`, `telefono`) VALUES (:nombre:, :apellido:, :contrasena:, :correo:, :direccion:, :telefono:)', [...], false)
 5 SYSTEMPATH\Model.php(330): CodeIgniter\Database\BaseBuilder->insert()
 6 SYSTEMPATH\BaseModel.php(782): CodeIgniter\Model->doInsert([...])
 7 SYSTEMPATH\Model.php(730): CodeIgniter\BaseModel->insert([...], true)
 8 APPPATH\Models\modelologin.php(15): CodeIgniter\Model->insert([...])
 9 APPPATH\Controllers\Home.php(32): App\models\modelologin->login([...])
10 SYSTEMPATH\CodeIgniter.php(932): App\Controllers\Home->insertar()
11 SYSTEMPATH\CodeIgniter.php(497): CodeIgniter\CodeIgniter->runController(Object(App\Controllers\Home))
12 SYSTEMPATH\CodeIgniter.php(366): CodeIgniter\CodeIgniter->handleRequest(null, Object(Config\Cache), false)
13 FCPATH\index.php(67): CodeIgniter\CodeIgniter->run()
ERROR - 2023-08-23 19:47:03 --> mysqli_sql_exception: Unknown column 'direccion' in 'field list' in C:\xampp\htdocs\crown\system\Database\MySQLi\Connection.php:295
Stack trace:
#0 C:\xampp\htdocs\crown\system\Database\MySQLi\Connection.php(295): mysqli->query('INSERT INTO `us...', 0)
#1 C:\xampp\htdocs\crown\system\Database\BaseConnection.php(692): CodeIgniter\Database\MySQLi\Connection->execute('INSERT INTO `us...')
#2 C:\xampp\htdocs\crown\system\Database\BaseConnection.php(606): CodeIgniter\Database\BaseConnection->simpleQuery('INSERT INTO `us...')
#3 C:\xampp\htdocs\crown\system\Database\BaseBuilder.php(2309): CodeIgniter\Database\BaseConnection->query('INSERT INTO `us...', Array, false)
#4 C:\xampp\htdocs\crown\system\Model.php(330): CodeIgniter\Database\BaseBuilder->insert()
#5 C:\xampp\htdocs\crown\system\BaseModel.php(782): CodeIgniter\Model->doInsert(Array)
#6 C:\xampp\htdocs\crown\system\Model.php(730): CodeIgniter\BaseModel->insert(Array, true)
#7 C:\xampp\htdocs\crown\app\Models\modelologin.php(15): CodeIgniter\Model->insert(Array)
#8 C:\xampp\htdocs\crown\app\Controllers\Home.php(32): App\models\modelologin->login(Array)
#9 C:\xampp\htdocs\crown\system\CodeIgniter.php(932): App\Controllers\Home->insertar()
#10 C:\xampp\htdocs\crown\system\CodeIgniter.php(497): CodeIgniter\CodeIgniter->runController(Object(App\Controllers\Home))
#11 C:\xampp\htdocs\crown\system\CodeIgniter.php(366): CodeIgniter\CodeIgniter->handleRequest(NULL, Object(Config\Cache), false)
#12 C:\xampp\htdocs\crown\public\index.php(67): CodeIgniter\CodeIgniter->run()
#13 {main}
CRITICAL - 2023-08-23 19:47:03 --> Unknown column 'direccion' in 'field list'
in SYSTEMPATH\Database\MySQLi\Connection.php on line 295.
 1 SYSTEMPATH\Database\MySQLi\Connection.php(295): mysqli->query('INSERT INTO `usuario` (`nombre`, `apellido`, `contrasena`, `correo`, `direccion`, `telefono`) VALUES (\'Benjamin\', \'Grosso\', \'$2y$10$5WE1anfh4Fz3ihZdc9umbuwisZ73aj5T.yiWFvRXeu7zzzp6q8bI.\', \'benjamingrosso@gmail.com\', NULL, \'3571326123\')', 0)
 2 SYSTEMPATH\Database\BaseConnection.php(692): CodeIgniter\Database\MySQLi\Connection->execute('INSERT INTO `usuario` (`nombre`, `apellido`, `contrasena`, `correo`, `direccion`, `telefono`) VALUES (\'Benjamin\', \'Grosso\', \'$2y$10$5WE1anfh4Fz3ihZdc9umbuwisZ73aj5T.yiWFvRXeu7zzzp6q8bI.\', \'benjamingrosso@gmail.com\', NULL, \'3571326123\')')
 3 SYSTEMPATH\Database\BaseConnection.php(606): CodeIgniter\Database\BaseConnection->simpleQuery('INSERT INTO `usuario` (`nombre`, `apellido`, `contrasena`, `correo`, `direccion`, `telefono`) VALUES (\'Benjamin\', \'Grosso\', \'$2y$10$5WE1anfh4Fz3ihZdc9umbuwisZ73aj5T.yiWFvRXeu7zzzp6q8bI.\', \'benjamingrosso@gmail.com\', NULL, \'3571326123\')')
 4 SYSTEMPATH\Database\BaseBuilder.php(2309): CodeIgniter\Database\BaseConnection->query('INSERT INTO `usuario` (`nombre`, `apellido`, `contrasena`, `correo`, `direccion`, `telefono`) VALUES (:nombre:, :apellido:, :contrasena:, :correo:, :direccion:, :telefono:)', [...], false)
 5 SYSTEMPATH\Model.php(330): CodeIgniter\Database\BaseBuilder->insert()
 6 SYSTEMPATH\BaseModel.php(782): CodeIgniter\Model->doInsert([...])
 7 SYSTEMPATH\Model.php(730): CodeIgniter\BaseModel->insert([...], true)
 8 APPPATH\Models\modelologin.php(15): CodeIgniter\Model->insert([...])
 9 APPPATH\Controllers\Home.php(32): App\models\modelologin->login([...])
10 SYSTEMPATH\CodeIgniter.php(932): App\Controllers\Home->insertar()
11 SYSTEMPATH\CodeIgniter.php(497): CodeIgniter\CodeIgniter->runController(Object(App\Controllers\Home))
12 SYSTEMPATH\CodeIgniter.php(366): CodeIgniter\CodeIgniter->handleRequest(null, Object(Config\Cache), false)
13 FCPATH\index.php(67): CodeIgniter\CodeIgniter->run()
INFO - 2023-08-23 19:48:32 --> Session: Class initialized using 'CodeIgniter\Session\Handlers\FileHandler' driver.
INFO - 2023-08-23 19:48:38 --> Session: Class initialized using 'CodeIgniter\Session\Handlers\FileHandler' driver.
INFO - 2023-08-23 19:48:38 --> Session: Class initialized using 'CodeIgniter\Session\Handlers\FileHandler' driver.
INFO - 2023-08-23 19:49:35 --> Session: Class initialized using 'CodeIgniter\Session\Handlers\FileHandler' driver.
INFO - 2023-08-23 19:49:36 --> Session: Class initialized using 'CodeIgniter\Session\Handlers\FileHandler' driver.
INFO - 2023-08-23 19:50:15 --> Session: Class initialized using 'CodeIgniter\Session\Handlers\FileHandler' driver.
INFO - 2023-08-23 19:50:19 --> Session: Class initialized using 'CodeIgniter\Session\Handlers\FileHandler' driver.
INFO - 2023-08-23 19:50:20 --> Session: Class initialized using 'CodeIgniter\Session\Handlers\FileHandler' driver.
INFO - 2023-08-23 19:50:21 --> Session: Class initialized using 'CodeIgniter\Session\Handlers\FileHandler' driver.
INFO - 2023-08-23 19:50:28 --> Session: Class initialized using 'CodeIgniter\Session\Handlers\FileHandler' driver.
INFO - 2023-08-23 19:53:55 --> Session: Class initialized using 'CodeIgniter\Session\Handlers\FileHandler' driver.
INFO - 2023-08-23 19:53:58 --> Session: Class initialized using 'CodeIgniter\Session\Handlers\FileHandler' driver.
INFO - 2023-08-23 19:55:06 --> Session: Class initialized using 'CodeIgniter\Session\Handlers\FileHandler' driver.
INFO - 2023-08-23 19:55:11 --> Session: Class initialized using 'CodeIgniter\Session\Handlers\FileHandler' driver.
INFO - 2023-08-23 20:24:34 --> Session: Class initialized using 'CodeIgniter\Session\Handlers\FileHandler' driver.
INFO - 2023-08-23 20:24:38 --> Session: Class initialized using 'CodeIgniter\Session\Handlers\FileHandler' driver.
