ERROR - 2023-10-19 03:09:32 --> Error connecting to the database: mysqli_sql_exception: Unknown database 'crown_db' in C:\xampp\htdocs\crown\system\Database\MySQLi\Connection.php:173
Stack trace:
#0 C:\xampp\htdocs\crown\system\Database\MySQLi\Connection.php(173): mysqli->real_connect('localhost', 'root', Object(SensitiveParameterValue), 'crown_db', 3306, '', 0)
#1 C:\xampp\htdocs\crown\system\Database\BaseConnection.php(391): CodeIgniter\Database\MySQLi\Connection->connect(false)
#2 C:\xampp\htdocs\crown\system\Database\BaseConnection.php(574): CodeIgniter\Database\BaseConnection->initialize()
#3 C:\xampp\htdocs\crown\app\Models\producto.php(28): CodeIgniter\Database\BaseConnection->query('\r\n    SELECT\r\n ...')
#4 C:\xampp\htdocs\crown\app\Controllers\Home.php(41): App\models\Producto->getAllInfo()
#5 C:\xampp\htdocs\crown\system\CodeIgniter.php(932): App\Controllers\Home->principal()
#6 C:\xampp\htdocs\crown\system\CodeIgniter.php(497): CodeIgniter\CodeIgniter->runController(Object(App\Controllers\Home))
#7 C:\xampp\htdocs\crown\system\CodeIgniter.php(366): CodeIgniter\CodeIgniter->handleRequest(NULL, Object(Config\Cache), false)
#8 C:\xampp\htdocs\crown\public\index.php(67): CodeIgniter\CodeIgniter->run()
#9 {main}

Next CodeIgniter\Database\Exceptions\DatabaseException: Unknown database 'crown_db' in C:\xampp\htdocs\crown\system\Database\MySQLi\Connection.php:218
Stack trace:
#0 C:\xampp\htdocs\crown\system\Database\BaseConnection.php(391): CodeIgniter\Database\MySQLi\Connection->connect(false)
#1 C:\xampp\htdocs\crown\system\Database\BaseConnection.php(574): CodeIgniter\Database\BaseConnection->initialize()
#2 C:\xampp\htdocs\crown\app\Models\producto.php(28): CodeIgniter\Database\BaseConnection->query('\r\n    SELECT\r\n ...')
#3 C:\xampp\htdocs\crown\app\Controllers\Home.php(41): App\models\Producto->getAllInfo()
#4 C:\xampp\htdocs\crown\system\CodeIgniter.php(932): App\Controllers\Home->principal()
#5 C:\xampp\htdocs\crown\system\CodeIgniter.php(497): CodeIgniter\CodeIgniter->runController(Object(App\Controllers\Home))
#6 C:\xampp\htdocs\crown\system\CodeIgniter.php(366): CodeIgniter\CodeIgniter->handleRequest(NULL, Object(Config\Cache), false)
#7 C:\xampp\htdocs\crown\public\index.php(67): CodeIgniter\CodeIgniter->run()
#8 {main}
CRITICAL - 2023-10-19 03:09:32 --> Unable to connect to the database.
Main connection [MySQLi]: Unknown database 'crown_db'
in SYSTEMPATH\Database\BaseConnection.php on line 427.
 1 SYSTEMPATH\Database\BaseConnection.php(574): CodeIgniter\Database\BaseConnection->initialize()
 2 APPPATH\Models\producto.php(28): CodeIgniter\Database\BaseConnection->query('
    SELECT
    p.nombre,
    ti.tipo,
    c.color,
    p.precio,
    i.ruta
    FROM
        producto p

    INNER JOIN tipo ti ON
        ti.id = p.tipo_id
    INNER JOIN color c ON
        c.id = p.color_id
    INNER JOIN imagen i ON
        i.id_imagen = p.id_imagen
    ')
 3 APPPATH\Controllers\Home.php(41): App\models\Producto->getAllInfo()
 4 SYSTEMPATH\CodeIgniter.php(932): App\Controllers\Home->principal()
 5 SYSTEMPATH\CodeIgniter.php(497): CodeIgniter\CodeIgniter->runController(Object(App\Controllers\Home))
 6 SYSTEMPATH\CodeIgniter.php(366): CodeIgniter\CodeIgniter->handleRequest(null, Object(Config\Cache), false)
 7 FCPATH\index.php(67): CodeIgniter\CodeIgniter->run()
CRITICAL - 2023-10-19 03:11:04 --> Undefined variable $colorModel
in APPPATH\Views\admin.php on line 75.
 1 APPPATH\Views\admin.php(75): CodeIgniter\Debug\Exceptions->errorHandler(2, 'Undefined variable $colorModel', 'C:\\xampp\\htdocs\\crown\\app\\Views\\admin.php', 75)
 2 SYSTEMPATH\View\View.php(224): include('C:\\xampp\\htdocs\\crown\\app\\Views\\admin.php')
 3 SYSTEMPATH\View\View.php(227): CodeIgniter\View\View->CodeIgniter\View\{closure}()
 4 SYSTEMPATH\Common.php(1180): CodeIgniter\View\View->render('admin', [], true)
 5 APPPATH\Controllers\Home.php(33): view('admin')
 6 SYSTEMPATH\CodeIgniter.php(932): App\Controllers\Home->admin()
 7 SYSTEMPATH\CodeIgniter.php(497): CodeIgniter\CodeIgniter->runController(Object(App\Controllers\Home))
 8 SYSTEMPATH\CodeIgniter.php(366): CodeIgniter\CodeIgniter->handleRequest(null, Object(Config\Cache), false)
 9 FCPATH\index.php(67): CodeIgniter\CodeIgniter->run()
CRITICAL - 2023-10-19 03:11:41 --> Class "App\Controllers\Tipo" not found
in APPPATH\Controllers\Home.php on line 32.
 1 SYSTEMPATH\CodeIgniter.php(932): App\Controllers\Home->admin()
 2 SYSTEMPATH\CodeIgniter.php(497): CodeIgniter\CodeIgniter->runController(Object(App\Controllers\Home))
 3 SYSTEMPATH\CodeIgniter.php(366): CodeIgniter\CodeIgniter->handleRequest(null, Object(Config\Cache), false)
 4 FCPATH\index.php(67): CodeIgniter\CodeIgniter->run()
INFO - 2023-10-19 04:52:27 --> Session: Class initialized using 'CodeIgniter\Session\Handlers\FileHandler' driver.
INFO - 2023-10-19 04:52:39 --> Session: Class initialized using 'CodeIgniter\Session\Handlers\FileHandler' driver.
CRITICAL - 2023-10-19 04:52:39 --> Cannot call constructor
in APPPATH\Controllers\producto.php on line 10.
 1 APPPATH\Controllers\principio.php(17): App\Controllers\Producto->__construct()
 2 SYSTEMPATH\CodeIgniter.php(932): App\Controllers\Principio->principio()
 3 SYSTEMPATH\CodeIgniter.php(497): CodeIgniter\CodeIgniter->runController(Object(App\Controllers\Principio))
 4 SYSTEMPATH\CodeIgniter.php(366): CodeIgniter\CodeIgniter->handleRequest(null, Object(Config\Cache), false)
 5 FCPATH\index.php(67): CodeIgniter\CodeIgniter->run()
INFO - 2023-10-19 05:02:05 --> Session: Class initialized using 'CodeIgniter\Session\Handlers\FileHandler' driver.
CRITICAL - 2023-10-19 05:11:07 --> syntax error, unexpected identifier "nombre", expecting "," or ";"
in APPPATH\Views\index2.php on line 9.
 1 SYSTEMPATH\View\View.php(227): CodeIgniter\View\View->CodeIgniter\View\{closure}()
 2 SYSTEMPATH\Common.php(1180): CodeIgniter\View\View->render('index2', [], true)
 3 APPPATH\Controllers\Home.php(60): view('index2', [...])
 4 SYSTEMPATH\CodeIgniter.php(932): App\Controllers\Home->index2('34')
 5 SYSTEMPATH\CodeIgniter.php(497): CodeIgniter\CodeIgniter->runController(Object(App\Controllers\Home))
 6 SYSTEMPATH\CodeIgniter.php(366): CodeIgniter\CodeIgniter->handleRequest(null, Object(Config\Cache), false)
 7 FCPATH\index.php(67): CodeIgniter\CodeIgniter->run()
CRITICAL - 2023-10-19 05:11:30 --> syntax error, unexpected string content "", expecting "-" or identifier or variable or number
in APPPATH\Views\index2.php on line 9.
 1 SYSTEMPATH\View\View.php(227): CodeIgniter\View\View->CodeIgniter\View\{closure}()
 2 SYSTEMPATH\Common.php(1180): CodeIgniter\View\View->render('index2', [], true)
 3 APPPATH\Controllers\Home.php(60): view('index2', [...])
 4 SYSTEMPATH\CodeIgniter.php(932): App\Controllers\Home->index2('34')
 5 SYSTEMPATH\CodeIgniter.php(497): CodeIgniter\CodeIgniter->runController(Object(App\Controllers\Home))
 6 SYSTEMPATH\CodeIgniter.php(366): CodeIgniter\CodeIgniter->handleRequest(null, Object(Config\Cache), false)
 7 FCPATH\index.php(67): CodeIgniter\CodeIgniter->run()
CRITICAL - 2023-10-19 05:11:31 --> syntax error, unexpected string content "", expecting "-" or identifier or variable or number
in APPPATH\Views\index2.php on line 9.
 1 SYSTEMPATH\View\View.php(227): CodeIgniter\View\View->CodeIgniter\View\{closure}()
 2 SYSTEMPATH\Common.php(1180): CodeIgniter\View\View->render('index2', [], true)
 3 APPPATH\Controllers\Home.php(60): view('index2', [...])
 4 SYSTEMPATH\CodeIgniter.php(932): App\Controllers\Home->index2('34')
 5 SYSTEMPATH\CodeIgniter.php(497): CodeIgniter\CodeIgniter->runController(Object(App\Controllers\Home))
 6 SYSTEMPATH\CodeIgniter.php(366): CodeIgniter\CodeIgniter->handleRequest(null, Object(Config\Cache), false)
 7 FCPATH\index.php(67): CodeIgniter\CodeIgniter->run()
CRITICAL - 2023-10-19 05:11:31 --> syntax error, unexpected string content "", expecting "-" or identifier or variable or number
in APPPATH\Views\index2.php on line 9.
 1 SYSTEMPATH\View\View.php(227): CodeIgniter\View\View->CodeIgniter\View\{closure}()
 2 SYSTEMPATH\Common.php(1180): CodeIgniter\View\View->render('index2', [], true)
 3 APPPATH\Controllers\Home.php(60): view('index2', [...])
 4 SYSTEMPATH\CodeIgniter.php(932): App\Controllers\Home->index2('34')
 5 SYSTEMPATH\CodeIgniter.php(497): CodeIgniter\CodeIgniter->runController(Object(App\Controllers\Home))
 6 SYSTEMPATH\CodeIgniter.php(366): CodeIgniter\CodeIgniter->handleRequest(null, Object(Config\Cache), false)
 7 FCPATH\index.php(67): CodeIgniter\CodeIgniter->run()
CRITICAL - 2023-10-19 05:12:26 --> syntax error, unexpected variable "$prod", expecting "," or ";"
in APPPATH\Views\index2.php on line 10.
 1 SYSTEMPATH\View\View.php(227): CodeIgniter\View\View->CodeIgniter\View\{closure}()
 2 SYSTEMPATH\Common.php(1180): CodeIgniter\View\View->render('index2', [], true)
 3 APPPATH\Controllers\Home.php(60): view('index2', [...])
 4 SYSTEMPATH\CodeIgniter.php(932): App\Controllers\Home->index2('34')
 5 SYSTEMPATH\CodeIgniter.php(497): CodeIgniter\CodeIgniter->runController(Object(App\Controllers\Home))
 6 SYSTEMPATH\CodeIgniter.php(366): CodeIgniter\CodeIgniter->handleRequest(null, Object(Config\Cache), false)
 7 FCPATH\index.php(67): CodeIgniter\CodeIgniter->run()
CRITICAL - 2023-10-19 05:17:25 --> syntax error, unexpected identifier "footer", expecting "," or ";"
in APPPATH\Views\index2.php on line 14.
 1 SYSTEMPATH\View\View.php(227): CodeIgniter\View\View->CodeIgniter\View\{closure}()
 2 SYSTEMPATH\Common.php(1180): CodeIgniter\View\View->render('index2', [], true)
 3 APPPATH\Controllers\Home.php(60): view('index2', [...])
 4 SYSTEMPATH\CodeIgniter.php(932): App\Controllers\Home->index2('34')
 5 SYSTEMPATH\CodeIgniter.php(497): CodeIgniter\CodeIgniter->runController(Object(App\Controllers\Home))
 6 SYSTEMPATH\CodeIgniter.php(366): CodeIgniter\CodeIgniter->handleRequest(null, Object(Config\Cache), false)
 7 FCPATH\index.php(67): CodeIgniter\CodeIgniter->run()
