INFO - 2023-10-30 20:52:25 --> Session: Class initialized using 'CodeIgniter\Session\Handlers\FileHandler' driver.
INFO - 2023-10-30 20:52:29 --> Session: Class initialized using 'CodeIgniter\Session\Handlers\FileHandler' driver.
INFO - 2023-10-30 20:54:44 --> Session: Class initialized using 'CodeIgniter\Session\Handlers\FileHandler' driver.
INFO - 2023-10-30 20:54:45 --> Session: Class initialized using 'CodeIgniter\Session\Handlers\FileHandler' driver.
INFO - 2023-10-30 20:57:25 --> Session: Class initialized using 'CodeIgniter\Session\Handlers\FileHandler' driver.
INFO - 2023-10-30 20:57:27 --> Session: Class initialized using 'CodeIgniter\Session\Handlers\FileHandler' driver.
INFO - 2023-10-30 21:09:54 --> Session: Class initialized using 'CodeIgniter\Session\Handlers\FileHandler' driver.
INFO - 2023-10-30 21:10:22 --> Session: Class initialized using 'CodeIgniter\Session\Handlers\FileHandler' driver.
INFO - 2023-10-30 21:11:31 --> Session: Class initialized using 'CodeIgniter\Session\Handlers\FileHandler' driver.
INFO - 2023-10-30 21:11:32 --> Session: Class initialized using 'CodeIgniter\Session\Handlers\FileHandler' driver.
INFO - 2023-10-30 21:12:02 --> Session: Class initialized using 'CodeIgniter\Session\Handlers\FileHandler' driver.
INFO - 2023-10-30 21:12:04 --> Session: Class initialized using 'CodeIgniter\Session\Handlers\FileHandler' driver.
INFO - 2023-10-30 21:12:11 --> Session: Class initialized using 'CodeIgniter\Session\Handlers\FileHandler' driver.
INFO - 2023-10-30 21:13:38 --> Session: Class initialized using 'CodeIgniter\Session\Handlers\FileHandler' driver.
INFO - 2023-10-30 21:13:39 --> Session: Class initialized using 'CodeIgniter\Session\Handlers\FileHandler' driver.
INFO - 2023-10-30 21:13:39 --> Session: Class initialized using 'CodeIgniter\Session\Handlers\FileHandler' driver.
INFO - 2023-10-30 21:13:39 --> Session: Class initialized using 'CodeIgniter\Session\Handlers\FileHandler' driver.
INFO - 2023-10-30 21:13:39 --> Session: Class initialized using 'CodeIgniter\Session\Handlers\FileHandler' driver.
INFO - 2023-10-30 21:16:38 --> Session: Class initialized using 'CodeIgniter\Session\Handlers\FileHandler' driver.
INFO - 2023-10-30 21:16:39 --> Session: Class initialized using 'CodeIgniter\Session\Handlers\FileHandler' driver.
INFO - 2023-10-30 21:17:23 --> Session: Class initialized using 'CodeIgniter\Session\Handlers\FileHandler' driver.
INFO - 2023-10-30 21:17:24 --> Session: Class initialized using 'CodeIgniter\Session\Handlers\FileHandler' driver.
INFO - 2023-10-30 21:17:24 --> Session: Class initialized using 'CodeIgniter\Session\Handlers\FileHandler' driver.
INFO - 2023-10-30 21:17:24 --> Session: Class initialized using 'CodeIgniter\Session\Handlers\FileHandler' driver.
INFO - 2023-10-30 21:17:25 --> Session: Class initialized using 'CodeIgniter\Session\Handlers\FileHandler' driver.
INFO - 2023-10-30 21:17:25 --> Session: Class initialized using 'CodeIgniter\Session\Handlers\FileHandler' driver.
INFO - 2023-10-30 21:18:29 --> Session: Class initialized using 'CodeIgniter\Session\Handlers\FileHandler' driver.
INFO - 2023-10-30 21:18:31 --> Session: Class initialized using 'CodeIgniter\Session\Handlers\FileHandler' driver.
INFO - 2023-10-30 21:18:51 --> Session: Class initialized using 'CodeIgniter\Session\Handlers\FileHandler' driver.
INFO - 2023-10-30 21:18:52 --> Session: Class initialized using 'CodeIgniter\Session\Handlers\FileHandler' driver.
INFO - 2023-10-30 21:18:53 --> Session: Class initialized using 'CodeIgniter\Session\Handlers\FileHandler' driver.
INFO - 2023-10-30 21:19:41 --> Session: Class initialized using 'CodeIgniter\Session\Handlers\FileHandler' driver.
ERROR - 2023-10-30 21:19:42 --> mysqli_sql_exception: Unknown column 'id_talle_producto' in 'field list' in C:\xampp\htdocs\crown\system\Database\MySQLi\Connection.php:295
Stack trace:
#0 C:\xampp\htdocs\crown\system\Database\MySQLi\Connection.php(295): mysqli->query('INSERT INTO `ca...', 0)
#1 C:\xampp\htdocs\crown\system\Database\BaseConnection.php(692): CodeIgniter\Database\MySQLi\Connection->execute('INSERT INTO `ca...')
#2 C:\xampp\htdocs\crown\system\Database\BaseConnection.php(606): CodeIgniter\Database\BaseConnection->simpleQuery('INSERT INTO `ca...')
#3 C:\xampp\htdocs\crown\system\Database\BaseBuilder.php(2309): CodeIgniter\Database\BaseConnection->query('INSERT INTO `ca...', Array, false)
#4 C:\xampp\htdocs\crown\system\Model.php(330): CodeIgniter\Database\BaseBuilder->insert()
#5 C:\xampp\htdocs\crown\system\BaseModel.php(782): CodeIgniter\Model->doInsert(Array)
#6 C:\xampp\htdocs\crown\system\Model.php(730): CodeIgniter\BaseModel->insert(Array, true)
#7 C:\xampp\htdocs\crown\app\Controllers\Carrito.php(36): CodeIgniter\Model->insert(Array)
#8 C:\xampp\htdocs\crown\system\CodeIgniter.php(932): App\Controllers\Carrito->agregarAlCarrito()
#9 C:\xampp\htdocs\crown\system\CodeIgniter.php(497): CodeIgniter\CodeIgniter->runController(Object(App\Controllers\Carrito))
#10 C:\xampp\htdocs\crown\system\CodeIgniter.php(366): CodeIgniter\CodeIgniter->handleRequest(NULL, Object(Config\Cache), false)
#11 C:\xampp\htdocs\crown\public\index.php(67): CodeIgniter\CodeIgniter->run()
#12 {main}
CRITICAL - 2023-10-30 21:19:42 --> Unknown column 'id_talle_producto' in 'field list'
in SYSTEMPATH\Database\MySQLi\Connection.php on line 295.
 1 SYSTEMPATH\Database\MySQLi\Connection.php(295): mysqli->query('INSERT INTO `carrito` (`id_talle_producto`, `cantidad`, `id_usuario`) VALUES (\'35\', \'3\', 1)', 0)
 2 SYSTEMPATH\Database\BaseConnection.php(692): CodeIgniter\Database\MySQLi\Connection->execute('INSERT INTO `carrito` (`id_talle_producto`, `cantidad`, `id_usuario`) VALUES (\'35\', \'3\', 1)')
 3 SYSTEMPATH\Database\BaseConnection.php(606): CodeIgniter\Database\BaseConnection->simpleQuery('INSERT INTO `carrito` (`id_talle_producto`, `cantidad`, `id_usuario`) VALUES (\'35\', \'3\', 1)')
 4 SYSTEMPATH\Database\BaseBuilder.php(2309): CodeIgniter\Database\BaseConnection->query('INSERT INTO `carrito` (`id_talle_producto`, `cantidad`, `id_usuario`) VALUES (:id_talle_producto:, :cantidad:, :id_usuario:)', [...], false)
 5 SYSTEMPATH\Model.php(330): CodeIgniter\Database\BaseBuilder->insert()
 6 SYSTEMPATH\BaseModel.php(782): CodeIgniter\Model->doInsert([...])
 7 SYSTEMPATH\Model.php(730): CodeIgniter\BaseModel->insert([...], true)
 8 APPPATH\Controllers\Carrito.php(36): CodeIgniter\Model->insert([...])
 9 SYSTEMPATH\CodeIgniter.php(932): App\Controllers\Carrito->agregarAlCarrito()
10 SYSTEMPATH\CodeIgniter.php(497): CodeIgniter\CodeIgniter->runController(Object(App\Controllers\Carrito))
11 SYSTEMPATH\CodeIgniter.php(366): CodeIgniter\CodeIgniter->handleRequest(null, Object(Config\Cache), false)
12 FCPATH\index.php(67): CodeIgniter\CodeIgniter->run()
INFO - 2023-10-30 21:19:44 --> Session: Class initialized using 'CodeIgniter\Session\Handlers\FileHandler' driver.
INFO - 2023-10-30 21:19:45 --> Session: Class initialized using 'CodeIgniter\Session\Handlers\FileHandler' driver.
INFO - 2023-10-30 21:19:45 --> Session: Class initialized using 'CodeIgniter\Session\Handlers\FileHandler' driver.
INFO - 2023-10-30 21:19:45 --> Session: Class initialized using 'CodeIgniter\Session\Handlers\FileHandler' driver.
ERROR - 2023-10-30 21:19:46 --> mysqli_sql_exception: Unknown column 'id_talle_producto' in 'field list' in C:\xampp\htdocs\crown\system\Database\MySQLi\Connection.php:295
Stack trace:
#0 C:\xampp\htdocs\crown\system\Database\MySQLi\Connection.php(295): mysqli->query('INSERT INTO `ca...', 0)
#1 C:\xampp\htdocs\crown\system\Database\BaseConnection.php(692): CodeIgniter\Database\MySQLi\Connection->execute('INSERT INTO `ca...')
#2 C:\xampp\htdocs\crown\system\Database\BaseConnection.php(606): CodeIgniter\Database\BaseConnection->simpleQuery('INSERT INTO `ca...')
#3 C:\xampp\htdocs\crown\system\Database\BaseBuilder.php(2309): CodeIgniter\Database\BaseConnection->query('INSERT INTO `ca...', Array, false)
#4 C:\xampp\htdocs\crown\system\Model.php(330): CodeIgniter\Database\BaseBuilder->insert()
#5 C:\xampp\htdocs\crown\system\BaseModel.php(782): CodeIgniter\Model->doInsert(Array)
#6 C:\xampp\htdocs\crown\system\Model.php(730): CodeIgniter\BaseModel->insert(Array, true)
#7 C:\xampp\htdocs\crown\app\Controllers\Carrito.php(36): CodeIgniter\Model->insert(Array)
#8 C:\xampp\htdocs\crown\system\CodeIgniter.php(932): App\Controllers\Carrito->agregarAlCarrito()
#9 C:\xampp\htdocs\crown\system\CodeIgniter.php(497): CodeIgniter\CodeIgniter->runController(Object(App\Controllers\Carrito))
#10 C:\xampp\htdocs\crown\system\CodeIgniter.php(366): CodeIgniter\CodeIgniter->handleRequest(NULL, Object(Config\Cache), false)
#11 C:\xampp\htdocs\crown\public\index.php(67): CodeIgniter\CodeIgniter->run()
#12 {main}
CRITICAL - 2023-10-30 21:19:46 --> Unknown column 'id_talle_producto' in 'field list'
in SYSTEMPATH\Database\MySQLi\Connection.php on line 295.
 1 SYSTEMPATH\Database\MySQLi\Connection.php(295): mysqli->query('INSERT INTO `carrito` (`id_talle_producto`, `cantidad`, `id_usuario`) VALUES (\'35\', \'\', 1)', 0)
 2 SYSTEMPATH\Database\BaseConnection.php(692): CodeIgniter\Database\MySQLi\Connection->execute('INSERT INTO `carrito` (`id_talle_producto`, `cantidad`, `id_usuario`) VALUES (\'35\', \'\', 1)')
 3 SYSTEMPATH\Database\BaseConnection.php(606): CodeIgniter\Database\BaseConnection->simpleQuery('INSERT INTO `carrito` (`id_talle_producto`, `cantidad`, `id_usuario`) VALUES (\'35\', \'\', 1)')
 4 SYSTEMPATH\Database\BaseBuilder.php(2309): CodeIgniter\Database\BaseConnection->query('INSERT INTO `carrito` (`id_talle_producto`, `cantidad`, `id_usuario`) VALUES (:id_talle_producto:, :cantidad:, :id_usuario:)', [...], false)
 5 SYSTEMPATH\Model.php(330): CodeIgniter\Database\BaseBuilder->insert()
 6 SYSTEMPATH\BaseModel.php(782): CodeIgniter\Model->doInsert([...])
 7 SYSTEMPATH\Model.php(730): CodeIgniter\BaseModel->insert([...], true)
 8 APPPATH\Controllers\Carrito.php(36): CodeIgniter\Model->insert([...])
 9 SYSTEMPATH\CodeIgniter.php(932): App\Controllers\Carrito->agregarAlCarrito()
10 SYSTEMPATH\CodeIgniter.php(497): CodeIgniter\CodeIgniter->runController(Object(App\Controllers\Carrito))
11 SYSTEMPATH\CodeIgniter.php(366): CodeIgniter\CodeIgniter->handleRequest(null, Object(Config\Cache), false)
12 FCPATH\index.php(67): CodeIgniter\CodeIgniter->run()
INFO - 2023-10-30 21:23:53 --> Session: Class initialized using 'CodeIgniter\Session\Handlers\FileHandler' driver.
INFO - 2023-10-30 21:24:01 --> Session: Class initialized using 'CodeIgniter\Session\Handlers\FileHandler' driver.
INFO - 2023-10-30 21:24:03 --> Session: Class initialized using 'CodeIgniter\Session\Handlers\FileHandler' driver.
INFO - 2023-10-30 21:24:07 --> Session: Class initialized using 'CodeIgniter\Session\Handlers\FileHandler' driver.
INFO - 2023-10-30 21:24:24 --> Session: Class initialized using 'CodeIgniter\Session\Handlers\FileHandler' driver.
INFO - 2023-10-30 21:24:25 --> Session: Class initialized using 'CodeIgniter\Session\Handlers\FileHandler' driver.
INFO - 2023-10-30 21:24:28 --> Session: Class initialized using 'CodeIgniter\Session\Handlers\FileHandler' driver.
INFO - 2023-10-30 21:24:37 --> Session: Class initialized using 'CodeIgniter\Session\Handlers\FileHandler' driver.
INFO - 2023-10-30 21:24:38 --> Session: Class initialized using 'CodeIgniter\Session\Handlers\FileHandler' driver.
INFO - 2023-10-30 21:26:35 --> Session: Class initialized using 'CodeIgniter\Session\Handlers\FileHandler' driver.
INFO - 2023-10-30 21:26:36 --> Session: Class initialized using 'CodeIgniter\Session\Handlers\FileHandler' driver.
INFO - 2023-10-30 21:26:36 --> Session: Class initialized using 'CodeIgniter\Session\Handlers\FileHandler' driver.
INFO - 2023-10-30 21:26:36 --> Session: Class initialized using 'CodeIgniter\Session\Handlers\FileHandler' driver.
INFO - 2023-10-30 21:26:37 --> Session: Class initialized using 'CodeIgniter\Session\Handlers\FileHandler' driver.
CRITICAL - 2023-10-30 21:26:37 --> Undefined array key "nombre_producto"
in APPPATH\Views\vista_carrito.php on line 15.
 1 APPPATH\Views\vista_carrito.php(15): CodeIgniter\Debug\Exceptions->errorHandler(2, 'Undefined array key "nombre_producto"', 'C:\\xampp\\htdocs\\crown\\app\\Views\\vista_carrito.php', 15)
 2 SYSTEMPATH\View\View.php(224): include('C:\\xampp\\htdocs\\crown\\app\\Views\\vista_carrito.php')
 3 SYSTEMPATH\View\View.php(227): CodeIgniter\View\View->CodeIgniter\View\{closure}()
 4 SYSTEMPATH\Common.php(1180): CodeIgniter\View\View->render('vista_carrito', [], true)
 5 APPPATH\Controllers\Carrito.php(21): view('vista_carrito', [...])
 6 SYSTEMPATH\CodeIgniter.php(932): App\Controllers\Carrito->vista_carrito()
 7 SYSTEMPATH\CodeIgniter.php(497): CodeIgniter\CodeIgniter->runController(Object(App\Controllers\Carrito))
 8 SYSTEMPATH\CodeIgniter.php(366): CodeIgniter\CodeIgniter->handleRequest(null, Object(Config\Cache), false)
 9 FCPATH\index.php(67): CodeIgniter\CodeIgniter->run()
INFO - 2023-10-30 21:29:18 --> Session: Class initialized using 'CodeIgniter\Session\Handlers\FileHandler' driver.
INFO - 2023-10-30 21:29:18 --> Session: Class initialized using 'CodeIgniter\Session\Handlers\FileHandler' driver.
INFO - 2023-10-30 21:29:19 --> Session: Class initialized using 'CodeIgniter\Session\Handlers\FileHandler' driver.
INFO - 2023-10-30 21:29:22 --> Session: Class initialized using 'CodeIgniter\Session\Handlers\FileHandler' driver.
INFO - 2023-10-30 21:29:23 --> Session: Class initialized using 'CodeIgniter\Session\Handlers\FileHandler' driver.
INFO - 2023-10-30 21:29:25 --> Session: Class initialized using 'CodeIgniter\Session\Handlers\FileHandler' driver.
INFO - 2023-10-30 21:41:31 --> Session: Class initialized using 'CodeIgniter\Session\Handlers\FileHandler' driver.
INFO - 2023-10-30 21:41:33 --> Session: Class initialized using 'CodeIgniter\Session\Handlers\FileHandler' driver.
INFO - 2023-10-30 21:41:37 --> Session: Class initialized using 'CodeIgniter\Session\Handlers\FileHandler' driver.
INFO - 2023-10-30 21:50:25 --> Session: Class initialized using 'CodeIgniter\Session\Handlers\FileHandler' driver.
CRITICAL - 2023-10-30 21:50:25 --> Undefined array key "nombre_producto"
in APPPATH\Views\vista_carrito.php on line 7.
 1 APPPATH\Views\vista_carrito.php(7): CodeIgniter\Debug\Exceptions->errorHandler(2, 'Undefined array key "nombre_producto"', 'C:\\xampp\\htdocs\\crown\\app\\Views\\vista_carrito.php', 7)
 2 SYSTEMPATH\View\View.php(224): include('C:\\xampp\\htdocs\\crown\\app\\Views\\vista_carrito.php')
 3 SYSTEMPATH\View\View.php(227): CodeIgniter\View\View->CodeIgniter\View\{closure}()
 4 SYSTEMPATH\Common.php(1180): CodeIgniter\View\View->render('vista_carrito', [], true)
 5 APPPATH\Controllers\Carrito.php(21): view('vista_carrito', [...])
 6 SYSTEMPATH\CodeIgniter.php(932): App\Controllers\Carrito->vista_carrito()
 7 SYSTEMPATH\CodeIgniter.php(497): CodeIgniter\CodeIgniter->runController(Object(App\Controllers\Carrito))
 8 SYSTEMPATH\CodeIgniter.php(366): CodeIgniter\CodeIgniter->handleRequest(null, Object(Config\Cache), false)
 9 FCPATH\index.php(67): CodeIgniter\CodeIgniter->run()
INFO - 2023-10-30 21:50:36 --> Session: Class initialized using 'CodeIgniter\Session\Handlers\FileHandler' driver.
CRITICAL - 2023-10-30 21:50:36 --> Undefined array key "nombre"
in APPPATH\Views\vista_carrito.php on line 7.
 1 APPPATH\Views\vista_carrito.php(7): CodeIgniter\Debug\Exceptions->errorHandler(2, 'Undefined array key "nombre"', 'C:\\xampp\\htdocs\\crown\\app\\Views\\vista_carrito.php', 7)
 2 SYSTEMPATH\View\View.php(224): include('C:\\xampp\\htdocs\\crown\\app\\Views\\vista_carrito.php')
 3 SYSTEMPATH\View\View.php(227): CodeIgniter\View\View->CodeIgniter\View\{closure}()
 4 SYSTEMPATH\Common.php(1180): CodeIgniter\View\View->render('vista_carrito', [], true)
 5 APPPATH\Controllers\Carrito.php(21): view('vista_carrito', [...])
 6 SYSTEMPATH\CodeIgniter.php(932): App\Controllers\Carrito->vista_carrito()
 7 SYSTEMPATH\CodeIgniter.php(497): CodeIgniter\CodeIgniter->runController(Object(App\Controllers\Carrito))
 8 SYSTEMPATH\CodeIgniter.php(366): CodeIgniter\CodeIgniter->handleRequest(null, Object(Config\Cache), false)
 9 FCPATH\index.php(67): CodeIgniter\CodeIgniter->run()
INFO - 2023-10-30 21:50:37 --> Session: Class initialized using 'CodeIgniter\Session\Handlers\FileHandler' driver.
CRITICAL - 2023-10-30 21:50:37 --> Undefined array key "nombre"
in APPPATH\Views\vista_carrito.php on line 7.
 1 APPPATH\Views\vista_carrito.php(7): CodeIgniter\Debug\Exceptions->errorHandler(2, 'Undefined array key "nombre"', 'C:\\xampp\\htdocs\\crown\\app\\Views\\vista_carrito.php', 7)
 2 SYSTEMPATH\View\View.php(224): include('C:\\xampp\\htdocs\\crown\\app\\Views\\vista_carrito.php')
 3 SYSTEMPATH\View\View.php(227): CodeIgniter\View\View->CodeIgniter\View\{closure}()
 4 SYSTEMPATH\Common.php(1180): CodeIgniter\View\View->render('vista_carrito', [], true)
 5 APPPATH\Controllers\Carrito.php(21): view('vista_carrito', [...])
 6 SYSTEMPATH\CodeIgniter.php(932): App\Controllers\Carrito->vista_carrito()
 7 SYSTEMPATH\CodeIgniter.php(497): CodeIgniter\CodeIgniter->runController(Object(App\Controllers\Carrito))
 8 SYSTEMPATH\CodeIgniter.php(366): CodeIgniter\CodeIgniter->handleRequest(null, Object(Config\Cache), false)
 9 FCPATH\index.php(67): CodeIgniter\CodeIgniter->run()
INFO - 2023-10-30 21:50:37 --> Session: Class initialized using 'CodeIgniter\Session\Handlers\FileHandler' driver.
CRITICAL - 2023-10-30 21:50:37 --> Undefined array key "nombre"
in APPPATH\Views\vista_carrito.php on line 7.
 1 APPPATH\Views\vista_carrito.php(7): CodeIgniter\Debug\Exceptions->errorHandler(2, 'Undefined array key "nombre"', 'C:\\xampp\\htdocs\\crown\\app\\Views\\vista_carrito.php', 7)
 2 SYSTEMPATH\View\View.php(224): include('C:\\xampp\\htdocs\\crown\\app\\Views\\vista_carrito.php')
 3 SYSTEMPATH\View\View.php(227): CodeIgniter\View\View->CodeIgniter\View\{closure}()
 4 SYSTEMPATH\Common.php(1180): CodeIgniter\View\View->render('vista_carrito', [], true)
 5 APPPATH\Controllers\Carrito.php(21): view('vista_carrito', [...])
 6 SYSTEMPATH\CodeIgniter.php(932): App\Controllers\Carrito->vista_carrito()
 7 SYSTEMPATH\CodeIgniter.php(497): CodeIgniter\CodeIgniter->runController(Object(App\Controllers\Carrito))
 8 SYSTEMPATH\CodeIgniter.php(366): CodeIgniter\CodeIgniter->handleRequest(null, Object(Config\Cache), false)
 9 FCPATH\index.php(67): CodeIgniter\CodeIgniter->run()
INFO - 2023-10-30 21:50:37 --> Session: Class initialized using 'CodeIgniter\Session\Handlers\FileHandler' driver.
CRITICAL - 2023-10-30 21:50:37 --> Undefined array key "nombre"
in APPPATH\Views\vista_carrito.php on line 7.
 1 APPPATH\Views\vista_carrito.php(7): CodeIgniter\Debug\Exceptions->errorHandler(2, 'Undefined array key "nombre"', 'C:\\xampp\\htdocs\\crown\\app\\Views\\vista_carrito.php', 7)
 2 SYSTEMPATH\View\View.php(224): include('C:\\xampp\\htdocs\\crown\\app\\Views\\vista_carrito.php')
 3 SYSTEMPATH\View\View.php(227): CodeIgniter\View\View->CodeIgniter\View\{closure}()
 4 SYSTEMPATH\Common.php(1180): CodeIgniter\View\View->render('vista_carrito', [], true)
 5 APPPATH\Controllers\Carrito.php(21): view('vista_carrito', [...])
 6 SYSTEMPATH\CodeIgniter.php(932): App\Controllers\Carrito->vista_carrito()
 7 SYSTEMPATH\CodeIgniter.php(497): CodeIgniter\CodeIgniter->runController(Object(App\Controllers\Carrito))
 8 SYSTEMPATH\CodeIgniter.php(366): CodeIgniter\CodeIgniter->handleRequest(null, Object(Config\Cache), false)
 9 FCPATH\index.php(67): CodeIgniter\CodeIgniter->run()
INFO - 2023-10-30 21:51:15 --> Session: Class initialized using 'CodeIgniter\Session\Handlers\FileHandler' driver.
CRITICAL - 2023-10-30 21:51:15 --> Undefined array key "precio"
in APPPATH\Views\vista_carrito.php on line 8.
 1 APPPATH\Views\vista_carrito.php(8): CodeIgniter\Debug\Exceptions->errorHandler(2, 'Undefined array key "precio"', 'C:\\xampp\\htdocs\\crown\\app\\Views\\vista_carrito.php', 8)
 2 SYSTEMPATH\View\View.php(224): include('C:\\xampp\\htdocs\\crown\\app\\Views\\vista_carrito.php')
 3 SYSTEMPATH\View\View.php(227): CodeIgniter\View\View->CodeIgniter\View\{closure}()
 4 SYSTEMPATH\Common.php(1180): CodeIgniter\View\View->render('vista_carrito', [], true)
 5 APPPATH\Controllers\Carrito.php(21): view('vista_carrito', [...])
 6 SYSTEMPATH\CodeIgniter.php(932): App\Controllers\Carrito->vista_carrito()
 7 SYSTEMPATH\CodeIgniter.php(497): CodeIgniter\CodeIgniter->runController(Object(App\Controllers\Carrito))
 8 SYSTEMPATH\CodeIgniter.php(366): CodeIgniter\CodeIgniter->handleRequest(null, Object(Config\Cache), false)
 9 FCPATH\index.php(67): CodeIgniter\CodeIgniter->run()
INFO - 2023-10-30 21:51:16 --> Session: Class initialized using 'CodeIgniter\Session\Handlers\FileHandler' driver.
CRITICAL - 2023-10-30 21:51:16 --> Undefined array key "precio"
in APPPATH\Views\vista_carrito.php on line 8.
 1 APPPATH\Views\vista_carrito.php(8): CodeIgniter\Debug\Exceptions->errorHandler(2, 'Undefined array key "precio"', 'C:\\xampp\\htdocs\\crown\\app\\Views\\vista_carrito.php', 8)
 2 SYSTEMPATH\View\View.php(224): include('C:\\xampp\\htdocs\\crown\\app\\Views\\vista_carrito.php')
 3 SYSTEMPATH\View\View.php(227): CodeIgniter\View\View->CodeIgniter\View\{closure}()
 4 SYSTEMPATH\Common.php(1180): CodeIgniter\View\View->render('vista_carrito', [], true)
 5 APPPATH\Controllers\Carrito.php(21): view('vista_carrito', [...])
 6 SYSTEMPATH\CodeIgniter.php(932): App\Controllers\Carrito->vista_carrito()
 7 SYSTEMPATH\CodeIgniter.php(497): CodeIgniter\CodeIgniter->runController(Object(App\Controllers\Carrito))
 8 SYSTEMPATH\CodeIgniter.php(366): CodeIgniter\CodeIgniter->handleRequest(null, Object(Config\Cache), false)
 9 FCPATH\index.php(67): CodeIgniter\CodeIgniter->run()
INFO - 2023-10-30 21:51:23 --> Session: Class initialized using 'CodeIgniter\Session\Handlers\FileHandler' driver.
INFO - 2023-10-30 21:51:53 --> Session: Class initialized using 'CodeIgniter\Session\Handlers\FileHandler' driver.
INFO - 2023-10-30 21:52:11 --> Session: Class initialized using 'CodeIgniter\Session\Handlers\FileHandler' driver.
INFO - 2023-10-30 21:52:16 --> Session: Class initialized using 'CodeIgniter\Session\Handlers\FileHandler' driver.
INFO - 2023-10-30 21:52:22 --> Session: Class initialized using 'CodeIgniter\Session\Handlers\FileHandler' driver.
INFO - 2023-10-30 21:52:28 --> Session: Class initialized using 'CodeIgniter\Session\Handlers\FileHandler' driver.
INFO - 2023-10-30 21:52:32 --> Session: Class initialized using 'CodeIgniter\Session\Handlers\FileHandler' driver.
INFO - 2023-10-30 21:52:33 --> Session: Class initialized using 'CodeIgniter\Session\Handlers\FileHandler' driver.
CRITICAL - 2023-10-30 22:08:17 --> syntax error, unexpected token "public", expecting end of file
in APPPATH\Models\carritomodel.php on line 16.
 1 SYSTEMPATH\Autoloader\Autoloader.php(289): CodeIgniter\Autoloader\Autoloader->includeFile('C:\\xampp\\htdocs\\crown\\app\\Models\\carritomodel.php')
 2 SYSTEMPATH\Autoloader\Autoloader.php(267): CodeIgniter\Autoloader\Autoloader->loadInNamespace('App\\Models\\carritomodel')
 3 APPPATH\Controllers\Carrito.php(13): CodeIgniter\Autoloader\Autoloader->loadClass('App\\Models\\carritomodel')
 4 SYSTEMPATH\CodeIgniter.php(932): App\Controllers\Carrito->vista_carrito()
 5 SYSTEMPATH\CodeIgniter.php(497): CodeIgniter\CodeIgniter->runController(Object(App\Controllers\Carrito))
 6 SYSTEMPATH\CodeIgniter.php(366): CodeIgniter\CodeIgniter->handleRequest(null, Object(Config\Cache), false)
 7 FCPATH\index.php(67): CodeIgniter\CodeIgniter->run()
CRITICAL - 2023-10-30 22:08:30 --> syntax error, unexpected token "public", expecting end of file
in APPPATH\Models\carritomodel.php on line 16.
 1 SYSTEMPATH\Autoloader\Autoloader.php(289): CodeIgniter\Autoloader\Autoloader->includeFile('C:\\xampp\\htdocs\\crown\\app\\Models\\carritomodel.php')
 2 SYSTEMPATH\Autoloader\Autoloader.php(267): CodeIgniter\Autoloader\Autoloader->loadInNamespace('App\\Models\\carritomodel')
 3 APPPATH\Controllers\Carrito.php(14): CodeIgniter\Autoloader\Autoloader->loadClass('App\\Models\\carritomodel')
 4 SYSTEMPATH\CodeIgniter.php(932): App\Controllers\Carrito->vista_carrito()
 5 SYSTEMPATH\CodeIgniter.php(497): CodeIgniter\CodeIgniter->runController(Object(App\Controllers\Carrito))
 6 SYSTEMPATH\CodeIgniter.php(366): CodeIgniter\CodeIgniter->handleRequest(null, Object(Config\Cache), false)
 7 FCPATH\index.php(67): CodeIgniter\CodeIgniter->run()
CRITICAL - 2023-10-30 22:08:32 --> syntax error, unexpected token "public", expecting end of file
in APPPATH\Models\carritomodel.php on line 16.
 1 SYSTEMPATH\Autoloader\Autoloader.php(289): CodeIgniter\Autoloader\Autoloader->includeFile('C:\\xampp\\htdocs\\crown\\app\\Models\\carritomodel.php')
 2 SYSTEMPATH\Autoloader\Autoloader.php(267): CodeIgniter\Autoloader\Autoloader->loadInNamespace('App\\Models\\carritomodel')
 3 APPPATH\Controllers\Carrito.php(14): CodeIgniter\Autoloader\Autoloader->loadClass('App\\Models\\carritomodel')
 4 SYSTEMPATH\CodeIgniter.php(932): App\Controllers\Carrito->vista_carrito()
 5 SYSTEMPATH\CodeIgniter.php(497): CodeIgniter\CodeIgniter->runController(Object(App\Controllers\Carrito))
 6 SYSTEMPATH\CodeIgniter.php(366): CodeIgniter\CodeIgniter->handleRequest(null, Object(Config\Cache), false)
 7 FCPATH\index.php(67): CodeIgniter\CodeIgniter->run()
CRITICAL - 2023-10-30 22:08:32 --> syntax error, unexpected token "public", expecting end of file
in APPPATH\Models\carritomodel.php on line 16.
 1 SYSTEMPATH\Autoloader\Autoloader.php(289): CodeIgniter\Autoloader\Autoloader->includeFile('C:\\xampp\\htdocs\\crown\\app\\Models\\carritomodel.php')
 2 SYSTEMPATH\Autoloader\Autoloader.php(267): CodeIgniter\Autoloader\Autoloader->loadInNamespace('App\\Models\\carritomodel')
 3 APPPATH\Controllers\Carrito.php(14): CodeIgniter\Autoloader\Autoloader->loadClass('App\\Models\\carritomodel')
 4 SYSTEMPATH\CodeIgniter.php(932): App\Controllers\Carrito->vista_carrito()
 5 SYSTEMPATH\CodeIgniter.php(497): CodeIgniter\CodeIgniter->runController(Object(App\Controllers\Carrito))
 6 SYSTEMPATH\CodeIgniter.php(366): CodeIgniter\CodeIgniter->handleRequest(null, Object(Config\Cache), false)
 7 FCPATH\index.php(67): CodeIgniter\CodeIgniter->run()
CRITICAL - 2023-10-30 22:08:32 --> syntax error, unexpected token "public", expecting end of file
in APPPATH\Models\carritomodel.php on line 16.
 1 SYSTEMPATH\Autoloader\Autoloader.php(289): CodeIgniter\Autoloader\Autoloader->includeFile('C:\\xampp\\htdocs\\crown\\app\\Models\\carritomodel.php')
 2 SYSTEMPATH\Autoloader\Autoloader.php(267): CodeIgniter\Autoloader\Autoloader->loadInNamespace('App\\Models\\carritomodel')
 3 APPPATH\Controllers\Carrito.php(14): CodeIgniter\Autoloader\Autoloader->loadClass('App\\Models\\carritomodel')
 4 SYSTEMPATH\CodeIgniter.php(932): App\Controllers\Carrito->vista_carrito()
 5 SYSTEMPATH\CodeIgniter.php(497): CodeIgniter\CodeIgniter->runController(Object(App\Controllers\Carrito))
 6 SYSTEMPATH\CodeIgniter.php(366): CodeIgniter\CodeIgniter->handleRequest(null, Object(Config\Cache), false)
 7 FCPATH\index.php(67): CodeIgniter\CodeIgniter->run()
CRITICAL - 2023-10-30 22:08:37 --> syntax error, unexpected token "public", expecting end of file
in APPPATH\Models\carritomodel.php on line 16.
 1 SYSTEMPATH\Autoloader\Autoloader.php(289): CodeIgniter\Autoloader\Autoloader->includeFile('C:\\xampp\\htdocs\\crown\\app\\Models\\carritomodel.php')
 2 SYSTEMPATH\Autoloader\Autoloader.php(267): CodeIgniter\Autoloader\Autoloader->loadInNamespace('App\\Models\\carritomodel')
 3 APPPATH\Controllers\Carrito.php(14): CodeIgniter\Autoloader\Autoloader->loadClass('App\\Models\\carritomodel')
 4 SYSTEMPATH\CodeIgniter.php(932): App\Controllers\Carrito->vista_carrito()
 5 SYSTEMPATH\CodeIgniter.php(497): CodeIgniter\CodeIgniter->runController(Object(App\Controllers\Carrito))
 6 SYSTEMPATH\CodeIgniter.php(366): CodeIgniter\CodeIgniter->handleRequest(null, Object(Config\Cache), false)
 7 FCPATH\index.php(67): CodeIgniter\CodeIgniter->run()
CRITICAL - 2023-10-30 22:08:37 --> syntax error, unexpected token "public", expecting end of file
in APPPATH\Models\carritomodel.php on line 16.
 1 SYSTEMPATH\Autoloader\Autoloader.php(289): CodeIgniter\Autoloader\Autoloader->includeFile('C:\\xampp\\htdocs\\crown\\app\\Models\\carritomodel.php')
 2 SYSTEMPATH\Autoloader\Autoloader.php(267): CodeIgniter\Autoloader\Autoloader->loadInNamespace('App\\Models\\carritomodel')
 3 APPPATH\Controllers\Carrito.php(14): CodeIgniter\Autoloader\Autoloader->loadClass('App\\Models\\carritomodel')
 4 SYSTEMPATH\CodeIgniter.php(932): App\Controllers\Carrito->vista_carrito()
 5 SYSTEMPATH\CodeIgniter.php(497): CodeIgniter\CodeIgniter->runController(Object(App\Controllers\Carrito))
 6 SYSTEMPATH\CodeIgniter.php(366): CodeIgniter\CodeIgniter->handleRequest(null, Object(Config\Cache), false)
 7 FCPATH\index.php(67): CodeIgniter\CodeIgniter->run()
CRITICAL - 2023-10-30 22:08:50 --> syntax error, unexpected token "public", expecting end of file
in APPPATH\Models\carritomodel.php on line 16.
 1 SYSTEMPATH\Autoloader\Autoloader.php(289): CodeIgniter\Autoloader\Autoloader->includeFile('C:\\xampp\\htdocs\\crown\\app\\Models\\carritomodel.php')
 2 SYSTEMPATH\Autoloader\Autoloader.php(267): CodeIgniter\Autoloader\Autoloader->loadInNamespace('App\\Models\\carritomodel')
 3 APPPATH\Controllers\Carrito.php(14): CodeIgniter\Autoloader\Autoloader->loadClass('App\\Models\\carritomodel')
 4 SYSTEMPATH\CodeIgniter.php(932): App\Controllers\Carrito->vista_carrito()
 5 SYSTEMPATH\CodeIgniter.php(497): CodeIgniter\CodeIgniter->runController(Object(App\Controllers\Carrito))
 6 SYSTEMPATH\CodeIgniter.php(366): CodeIgniter\CodeIgniter->handleRequest(null, Object(Config\Cache), false)
 7 FCPATH\index.php(67): CodeIgniter\CodeIgniter->run()
INFO - 2023-10-30 22:08:53 --> Session: Class initialized using 'CodeIgniter\Session\Handlers\FileHandler' driver.
INFO - 2023-10-30 22:08:54 --> Session: Class initialized using 'CodeIgniter\Session\Handlers\FileHandler' driver.
CRITICAL - 2023-10-30 22:08:55 --> syntax error, unexpected token "public", expecting end of file
in APPPATH\Models\carritomodel.php on line 16.
 1 SYSTEMPATH\Autoloader\Autoloader.php(289): CodeIgniter\Autoloader\Autoloader->includeFile('C:\\xampp\\htdocs\\crown\\app\\Models\\carritomodel.php')
 2 SYSTEMPATH\Autoloader\Autoloader.php(267): CodeIgniter\Autoloader\Autoloader->loadInNamespace('App\\Models\\carritomodel')
 3 APPPATH\Controllers\Carrito.php(32): CodeIgniter\Autoloader\Autoloader->loadClass('App\\Models\\carritomodel')
 4 SYSTEMPATH\CodeIgniter.php(932): App\Controllers\Carrito->agregarAlCarrito()
 5 SYSTEMPATH\CodeIgniter.php(497): CodeIgniter\CodeIgniter->runController(Object(App\Controllers\Carrito))
 6 SYSTEMPATH\CodeIgniter.php(366): CodeIgniter\CodeIgniter->handleRequest(null, Object(Config\Cache), false)
 7 FCPATH\index.php(67): CodeIgniter\CodeIgniter->run()
CRITICAL - 2023-10-30 22:10:33 --> syntax error, unexpected token "public", expecting end of file
in APPPATH\Models\carritomodel.php on line 16.
 1 SYSTEMPATH\Autoloader\Autoloader.php(289): CodeIgniter\Autoloader\Autoloader->includeFile('C:\\xampp\\htdocs\\crown\\app\\Models\\carritomodel.php')
 2 SYSTEMPATH\Autoloader\Autoloader.php(267): CodeIgniter\Autoloader\Autoloader->loadInNamespace('App\\Models\\carritomodel')
 3 APPPATH\Controllers\Carrito.php(32): CodeIgniter\Autoloader\Autoloader->loadClass('App\\Models\\carritomodel')
 4 SYSTEMPATH\CodeIgniter.php(932): App\Controllers\Carrito->agregarAlCarrito()
 5 SYSTEMPATH\CodeIgniter.php(497): CodeIgniter\CodeIgniter->runController(Object(App\Controllers\Carrito))
 6 SYSTEMPATH\CodeIgniter.php(366): CodeIgniter\CodeIgniter->handleRequest(null, Object(Config\Cache), false)
 7 FCPATH\index.php(67): CodeIgniter\CodeIgniter->run()
INFO - 2023-10-30 22:11:02 --> Session: Class initialized using 'CodeIgniter\Session\Handlers\FileHandler' driver.
INFO - 2023-10-30 22:11:05 --> Session: Class initialized using 'CodeIgniter\Session\Handlers\FileHandler' driver.
INFO - 2023-10-30 22:11:14 --> Session: Class initialized using 'CodeIgniter\Session\Handlers\FileHandler' driver.
INFO - 2023-10-30 22:11:18 --> Session: Class initialized using 'CodeIgniter\Session\Handlers\FileHandler' driver.
CRITICAL - 2023-10-30 22:13:44 --> Call to undefined method App\Models\carritomodel::obtenerProductoPorId
in SYSTEMPATH\Model.php on line 838.
 1 APPPATH\Controllers\Carrito.php(19): CodeIgniter\Model->__call('obtenerProductoPorId', [...])
 2 SYSTEMPATH\CodeIgniter.php(932): App\Controllers\Carrito->vista_carrito()
 3 SYSTEMPATH\CodeIgniter.php(497): CodeIgniter\CodeIgniter->runController(Object(App\Controllers\Carrito))
 4 SYSTEMPATH\CodeIgniter.php(366): CodeIgniter\CodeIgniter->handleRequest(null, Object(Config\Cache), false)
 5 FCPATH\index.php(67): CodeIgniter\CodeIgniter->run()
ERROR - 2023-10-30 22:14:01 --> mysqli_sql_exception: Table 'crown_db.productos' doesn't exist in C:\xampp\htdocs\crown\system\Database\MySQLi\Connection.php:295
Stack trace:
#0 C:\xampp\htdocs\crown\system\Database\MySQLi\Connection.php(295): mysqli->query('SELECT `nombre_...', 0)
#1 C:\xampp\htdocs\crown\system\Database\BaseConnection.php(692): CodeIgniter\Database\MySQLi\Connection->execute('SELECT `nombre_...')
#2 C:\xampp\htdocs\crown\system\Database\BaseConnection.php(606): CodeIgniter\Database\BaseConnection->simpleQuery('SELECT `nombre_...')
#3 C:\xampp\htdocs\crown\system\Database\BaseBuilder.php(1616): CodeIgniter\Database\BaseConnection->query('SELECT `nombre_...', Array, false)
#4 C:\xampp\htdocs\crown\app\Models\carritomodel.php(25): CodeIgniter\Database\BaseBuilder->get()
#5 C:\xampp\htdocs\crown\app\Controllers\Carrito.php(19): App\Models\Carritomodel->obtenerProductoPorId('35')
#6 C:\xampp\htdocs\crown\system\CodeIgniter.php(932): App\Controllers\Carrito->vista_carrito()
#7 C:\xampp\htdocs\crown\system\CodeIgniter.php(497): CodeIgniter\CodeIgniter->runController(Object(App\Controllers\Carrito))
#8 C:\xampp\htdocs\crown\system\CodeIgniter.php(366): CodeIgniter\CodeIgniter->handleRequest(NULL, Object(Config\Cache), false)
#9 C:\xampp\htdocs\crown\public\index.php(67): CodeIgniter\CodeIgniter->run()
#10 {main}
CRITICAL - 2023-10-30 22:14:01 --> Table 'crown_db.productos' doesn't exist
in SYSTEMPATH\Database\MySQLi\Connection.php on line 295.
 1 SYSTEMPATH\Database\MySQLi\Connection.php(295): mysqli->query('SELECT `nombre_producto`
FROM `productos`
WHERE `id_producto` = \'35\'', 0)
 2 SYSTEMPATH\Database\BaseConnection.php(692): CodeIgniter\Database\MySQLi\Connection->execute('SELECT `nombre_producto`
FROM `productos`
WHERE `id_producto` = \'35\'')
 3 SYSTEMPATH\Database\BaseConnection.php(606): CodeIgniter\Database\BaseConnection->simpleQuery('SELECT `nombre_producto`
FROM `productos`
WHERE `id_producto` = \'35\'')
 4 SYSTEMPATH\Database\BaseBuilder.php(1616): CodeIgniter\Database\BaseConnection->query('SELECT `nombre_producto`
FROM `productos`
WHERE `id_producto` = :id_producto:', [...], false)
 5 APPPATH\Models\carritomodel.php(25): CodeIgniter\Database\BaseBuilder->get()
 6 APPPATH\Controllers\Carrito.php(19): App\Models\Carritomodel->obtenerProductoPorId('35')
 7 SYSTEMPATH\CodeIgniter.php(932): App\Controllers\Carrito->vista_carrito()
 8 SYSTEMPATH\CodeIgniter.php(497): CodeIgniter\CodeIgniter->runController(Object(App\Controllers\Carrito))
 9 SYSTEMPATH\CodeIgniter.php(366): CodeIgniter\CodeIgniter->handleRequest(null, Object(Config\Cache), false)
10 FCPATH\index.php(67): CodeIgniter\CodeIgniter->run()
ERROR - 2023-10-30 22:14:01 --> mysqli_sql_exception: Table 'crown_db.productos' doesn't exist in C:\xampp\htdocs\crown\system\Database\MySQLi\Connection.php:295
Stack trace:
#0 C:\xampp\htdocs\crown\system\Database\MySQLi\Connection.php(295): mysqli->query('SELECT `nombre_...', 0)
#1 C:\xampp\htdocs\crown\system\Database\BaseConnection.php(692): CodeIgniter\Database\MySQLi\Connection->execute('SELECT `nombre_...')
#2 C:\xampp\htdocs\crown\system\Database\BaseConnection.php(606): CodeIgniter\Database\BaseConnection->simpleQuery('SELECT `nombre_...')
#3 C:\xampp\htdocs\crown\system\Database\BaseBuilder.php(1616): CodeIgniter\Database\BaseConnection->query('SELECT `nombre_...', Array, false)
#4 C:\xampp\htdocs\crown\app\Models\carritomodel.php(25): CodeIgniter\Database\BaseBuilder->get()
#5 C:\xampp\htdocs\crown\app\Controllers\Carrito.php(19): App\Models\Carritomodel->obtenerProductoPorId('35')
#6 C:\xampp\htdocs\crown\system\CodeIgniter.php(932): App\Controllers\Carrito->vista_carrito()
#7 C:\xampp\htdocs\crown\system\CodeIgniter.php(497): CodeIgniter\CodeIgniter->runController(Object(App\Controllers\Carrito))
#8 C:\xampp\htdocs\crown\system\CodeIgniter.php(366): CodeIgniter\CodeIgniter->handleRequest(NULL, Object(Config\Cache), false)
#9 C:\xampp\htdocs\crown\public\index.php(67): CodeIgniter\CodeIgniter->run()
#10 {main}
CRITICAL - 2023-10-30 22:14:01 --> Table 'crown_db.productos' doesn't exist
in SYSTEMPATH\Database\MySQLi\Connection.php on line 295.
 1 SYSTEMPATH\Database\MySQLi\Connection.php(295): mysqli->query('SELECT `nombre_producto`
FROM `productos`
WHERE `id_producto` = \'35\'', 0)
 2 SYSTEMPATH\Database\BaseConnection.php(692): CodeIgniter\Database\MySQLi\Connection->execute('SELECT `nombre_producto`
FROM `productos`
WHERE `id_producto` = \'35\'')
 3 SYSTEMPATH\Database\BaseConnection.php(606): CodeIgniter\Database\BaseConnection->simpleQuery('SELECT `nombre_producto`
FROM `productos`
WHERE `id_producto` = \'35\'')
 4 SYSTEMPATH\Database\BaseBuilder.php(1616): CodeIgniter\Database\BaseConnection->query('SELECT `nombre_producto`
FROM `productos`
WHERE `id_producto` = :id_producto:', [...], false)
 5 APPPATH\Models\carritomodel.php(25): CodeIgniter\Database\BaseBuilder->get()
 6 APPPATH\Controllers\Carrito.php(19): App\Models\Carritomodel->obtenerProductoPorId('35')
 7 SYSTEMPATH\CodeIgniter.php(932): App\Controllers\Carrito->vista_carrito()
 8 SYSTEMPATH\CodeIgniter.php(497): CodeIgniter\CodeIgniter->runController(Object(App\Controllers\Carrito))
 9 SYSTEMPATH\CodeIgniter.php(366): CodeIgniter\CodeIgniter->handleRequest(null, Object(Config\Cache), false)
10 FCPATH\index.php(67): CodeIgniter\CodeIgniter->run()
ERROR - 2023-10-30 22:14:01 --> mysqli_sql_exception: Table 'crown_db.productos' doesn't exist in C:\xampp\htdocs\crown\system\Database\MySQLi\Connection.php:295
Stack trace:
#0 C:\xampp\htdocs\crown\system\Database\MySQLi\Connection.php(295): mysqli->query('SELECT `nombre_...', 0)
#1 C:\xampp\htdocs\crown\system\Database\BaseConnection.php(692): CodeIgniter\Database\MySQLi\Connection->execute('SELECT `nombre_...')
#2 C:\xampp\htdocs\crown\system\Database\BaseConnection.php(606): CodeIgniter\Database\BaseConnection->simpleQuery('SELECT `nombre_...')
#3 C:\xampp\htdocs\crown\system\Database\BaseBuilder.php(1616): CodeIgniter\Database\BaseConnection->query('SELECT `nombre_...', Array, false)
#4 C:\xampp\htdocs\crown\app\Models\carritomodel.php(25): CodeIgniter\Database\BaseBuilder->get()
#5 C:\xampp\htdocs\crown\app\Controllers\Carrito.php(19): App\Models\Carritomodel->obtenerProductoPorId('35')
#6 C:\xampp\htdocs\crown\system\CodeIgniter.php(932): App\Controllers\Carrito->vista_carrito()
#7 C:\xampp\htdocs\crown\system\CodeIgniter.php(497): CodeIgniter\CodeIgniter->runController(Object(App\Controllers\Carrito))
#8 C:\xampp\htdocs\crown\system\CodeIgniter.php(366): CodeIgniter\CodeIgniter->handleRequest(NULL, Object(Config\Cache), false)
#9 C:\xampp\htdocs\crown\public\index.php(67): CodeIgniter\CodeIgniter->run()
#10 {main}
CRITICAL - 2023-10-30 22:14:01 --> Table 'crown_db.productos' doesn't exist
in SYSTEMPATH\Database\MySQLi\Connection.php on line 295.
 1 SYSTEMPATH\Database\MySQLi\Connection.php(295): mysqli->query('SELECT `nombre_producto`
FROM `productos`
WHERE `id_producto` = \'35\'', 0)
 2 SYSTEMPATH\Database\BaseConnection.php(692): CodeIgniter\Database\MySQLi\Connection->execute('SELECT `nombre_producto`
FROM `productos`
WHERE `id_producto` = \'35\'')
 3 SYSTEMPATH\Database\BaseConnection.php(606): CodeIgniter\Database\BaseConnection->simpleQuery('SELECT `nombre_producto`
FROM `productos`
WHERE `id_producto` = \'35\'')
 4 SYSTEMPATH\Database\BaseBuilder.php(1616): CodeIgniter\Database\BaseConnection->query('SELECT `nombre_producto`
FROM `productos`
WHERE `id_producto` = :id_producto:', [...], false)
 5 APPPATH\Models\carritomodel.php(25): CodeIgniter\Database\BaseBuilder->get()
 6 APPPATH\Controllers\Carrito.php(19): App\Models\Carritomodel->obtenerProductoPorId('35')
 7 SYSTEMPATH\CodeIgniter.php(932): App\Controllers\Carrito->vista_carrito()
 8 SYSTEMPATH\CodeIgniter.php(497): CodeIgniter\CodeIgniter->runController(Object(App\Controllers\Carrito))
 9 SYSTEMPATH\CodeIgniter.php(366): CodeIgniter\CodeIgniter->handleRequest(null, Object(Config\Cache), false)
10 FCPATH\index.php(67): CodeIgniter\CodeIgniter->run()
ERROR - 2023-10-30 22:14:01 --> mysqli_sql_exception: Table 'crown_db.productos' doesn't exist in C:\xampp\htdocs\crown\system\Database\MySQLi\Connection.php:295
Stack trace:
#0 C:\xampp\htdocs\crown\system\Database\MySQLi\Connection.php(295): mysqli->query('SELECT `nombre_...', 0)
#1 C:\xampp\htdocs\crown\system\Database\BaseConnection.php(692): CodeIgniter\Database\MySQLi\Connection->execute('SELECT `nombre_...')
#2 C:\xampp\htdocs\crown\system\Database\BaseConnection.php(606): CodeIgniter\Database\BaseConnection->simpleQuery('SELECT `nombre_...')
#3 C:\xampp\htdocs\crown\system\Database\BaseBuilder.php(1616): CodeIgniter\Database\BaseConnection->query('SELECT `nombre_...', Array, false)
#4 C:\xampp\htdocs\crown\app\Models\carritomodel.php(25): CodeIgniter\Database\BaseBuilder->get()
#5 C:\xampp\htdocs\crown\app\Controllers\Carrito.php(19): App\Models\Carritomodel->obtenerProductoPorId('35')
#6 C:\xampp\htdocs\crown\system\CodeIgniter.php(932): App\Controllers\Carrito->vista_carrito()
#7 C:\xampp\htdocs\crown\system\CodeIgniter.php(497): CodeIgniter\CodeIgniter->runController(Object(App\Controllers\Carrito))
#8 C:\xampp\htdocs\crown\system\CodeIgniter.php(366): CodeIgniter\CodeIgniter->handleRequest(NULL, Object(Config\Cache), false)
#9 C:\xampp\htdocs\crown\public\index.php(67): CodeIgniter\CodeIgniter->run()
#10 {main}
CRITICAL - 2023-10-30 22:14:01 --> Table 'crown_db.productos' doesn't exist
in SYSTEMPATH\Database\MySQLi\Connection.php on line 295.
 1 SYSTEMPATH\Database\MySQLi\Connection.php(295): mysqli->query('SELECT `nombre_producto`
FROM `productos`
WHERE `id_producto` = \'35\'', 0)
 2 SYSTEMPATH\Database\BaseConnection.php(692): CodeIgniter\Database\MySQLi\Connection->execute('SELECT `nombre_producto`
FROM `productos`
WHERE `id_producto` = \'35\'')
 3 SYSTEMPATH\Database\BaseConnection.php(606): CodeIgniter\Database\BaseConnection->simpleQuery('SELECT `nombre_producto`
FROM `productos`
WHERE `id_producto` = \'35\'')
 4 SYSTEMPATH\Database\BaseBuilder.php(1616): CodeIgniter\Database\BaseConnection->query('SELECT `nombre_producto`
FROM `productos`
WHERE `id_producto` = :id_producto:', [...], false)
 5 APPPATH\Models\carritomodel.php(25): CodeIgniter\Database\BaseBuilder->get()
 6 APPPATH\Controllers\Carrito.php(19): App\Models\Carritomodel->obtenerProductoPorId('35')
 7 SYSTEMPATH\CodeIgniter.php(932): App\Controllers\Carrito->vista_carrito()
 8 SYSTEMPATH\CodeIgniter.php(497): CodeIgniter\CodeIgniter->runController(Object(App\Controllers\Carrito))
 9 SYSTEMPATH\CodeIgniter.php(366): CodeIgniter\CodeIgniter->handleRequest(null, Object(Config\Cache), false)
10 FCPATH\index.php(67): CodeIgniter\CodeIgniter->run()
ERROR - 2023-10-30 22:14:02 --> mysqli_sql_exception: Table 'crown_db.productos' doesn't exist in C:\xampp\htdocs\crown\system\Database\MySQLi\Connection.php:295
Stack trace:
#0 C:\xampp\htdocs\crown\system\Database\MySQLi\Connection.php(295): mysqli->query('SELECT `nombre_...', 0)
#1 C:\xampp\htdocs\crown\system\Database\BaseConnection.php(692): CodeIgniter\Database\MySQLi\Connection->execute('SELECT `nombre_...')
#2 C:\xampp\htdocs\crown\system\Database\BaseConnection.php(606): CodeIgniter\Database\BaseConnection->simpleQuery('SELECT `nombre_...')
#3 C:\xampp\htdocs\crown\system\Database\BaseBuilder.php(1616): CodeIgniter\Database\BaseConnection->query('SELECT `nombre_...', Array, false)
#4 C:\xampp\htdocs\crown\app\Models\carritomodel.php(25): CodeIgniter\Database\BaseBuilder->get()
#5 C:\xampp\htdocs\crown\app\Controllers\Carrito.php(19): App\Models\Carritomodel->obtenerProductoPorId('35')
#6 C:\xampp\htdocs\crown\system\CodeIgniter.php(932): App\Controllers\Carrito->vista_carrito()
#7 C:\xampp\htdocs\crown\system\CodeIgniter.php(497): CodeIgniter\CodeIgniter->runController(Object(App\Controllers\Carrito))
#8 C:\xampp\htdocs\crown\system\CodeIgniter.php(366): CodeIgniter\CodeIgniter->handleRequest(NULL, Object(Config\Cache), false)
#9 C:\xampp\htdocs\crown\public\index.php(67): CodeIgniter\CodeIgniter->run()
#10 {main}
CRITICAL - 2023-10-30 22:14:02 --> Table 'crown_db.productos' doesn't exist
in SYSTEMPATH\Database\MySQLi\Connection.php on line 295.
 1 SYSTEMPATH\Database\MySQLi\Connection.php(295): mysqli->query('SELECT `nombre_producto`
FROM `productos`
WHERE `id_producto` = \'35\'', 0)
 2 SYSTEMPATH\Database\BaseConnection.php(692): CodeIgniter\Database\MySQLi\Connection->execute('SELECT `nombre_producto`
FROM `productos`
WHERE `id_producto` = \'35\'')
 3 SYSTEMPATH\Database\BaseConnection.php(606): CodeIgniter\Database\BaseConnection->simpleQuery('SELECT `nombre_producto`
FROM `productos`
WHERE `id_producto` = \'35\'')
 4 SYSTEMPATH\Database\BaseBuilder.php(1616): CodeIgniter\Database\BaseConnection->query('SELECT `nombre_producto`
FROM `productos`
WHERE `id_producto` = :id_producto:', [...], false)
 5 APPPATH\Models\carritomodel.php(25): CodeIgniter\Database\BaseBuilder->get()
 6 APPPATH\Controllers\Carrito.php(19): App\Models\Carritomodel->obtenerProductoPorId('35')
 7 SYSTEMPATH\CodeIgniter.php(932): App\Controllers\Carrito->vista_carrito()
 8 SYSTEMPATH\CodeIgniter.php(497): CodeIgniter\CodeIgniter->runController(Object(App\Controllers\Carrito))
 9 SYSTEMPATH\CodeIgniter.php(366): CodeIgniter\CodeIgniter->handleRequest(null, Object(Config\Cache), false)
10 FCPATH\index.php(67): CodeIgniter\CodeIgniter->run()
INFO - 2023-10-30 22:14:53 --> Session: Class initialized using 'CodeIgniter\Session\Handlers\FileHandler' driver.
INFO - 2023-10-30 22:14:54 --> Session: Class initialized using 'CodeIgniter\Session\Handlers\FileHandler' driver.
INFO - 2023-10-30 22:14:54 --> Session: Class initialized using 'CodeIgniter\Session\Handlers\FileHandler' driver.
